==========================================
SLURM_JOB_ID = 8834052
SLURM_SUBMIT_DIR = /project/kh_mercury_1/boardex/code/filter_output_by_columns
SLURM_JOB_NODELIST = mcn58
==========================================
-----------------------------------------------------------
Output from Shell Script:
Job ID: 8834052
Job User: jasonjia
Num Cores: 16
Array(Task ID): 3 of 16
Program Path: filter_output_by_columns.py
File path of .xslx containing list of columns in Boardex and ExecuComp: /project/kh_mercury_1/boardex/data/boardex_colstokeep/List_of_Variables_for_Boardex_and_Execucomp_310322.xlsx
Input Folder: /project/kh_mercury_1/boardex/data/output
Output Folder: /project/kh_mercury_1/boardex/data/output_filtered_by_columns
Get only 'Characteristics' and 'EducationandAchievements': 0
-----------------------------------------------------------
Output from Python Script:
This is array 3 / 16
File path of .xslx containing list of columns in Boardex and ExecuComp: /project/kh_mercury_1/boardex/data/boardex_colstokeep/List_of_Variables_for_Boardex_and_Execucomp_310322.xlsx
Input Folder (containing .xlsx filtered by isins): /project/kh_mercury_1/boardex/data/output
Output Folder (after we further filter by columns): /project/kh_mercury_1/boardex/data/output_filtered_by_columns
Get only 'Characteristics' and 'EducationandAchievements': 0
Total number of files in input folder: 3138
This process will cover file(s): 393 to 588
-----------------------------------------------------------
File name (kept): ROW - Board Summary - 2_filtered.xlsx
Unique workbook name: Board Summary
List of sheets to open: ['Board Summary']
------
Sheet 0 : Board Summary
% NaNs in first row 0.0 <= 50%, taking header = row 0 as usual
df.columns (before processing): Index(['Annual Report Year', 'Country', 'CompanyID*', 'Company Name', 'ISIN',
       'Ticker', 'Index', 'Sector', 'Director Type (ED or SD)', 'DirectorID*',
       'Individual Name', 'Individual Role', 'Director Network Size',
       'Time to Retirement', 'Time in Role', 'Time on Board',
       'Time in Company', 'Total Number of Quoted Boards to Date',
       'Total Number of Private Boards to Date',
       'Total Number of Other Boards to Date',
       'Total Number of Quoted Current Boards',
       'Total Number of Private Current Boards',
       'Total Number of Other Current Boards',
       'Avg. Yrs on Other Quoted Boards', 'Age (Yrs)',
       'Number of Qualifications', 'Gender', 'Nationality Mix',
       'Bonus/ (Bonus&Salary)', 'Equity Linked/ Total', 'Performance/ Total',
       '%Change from Last Period', 'Wealth Delta',
       'Total Directors on the Board', 'Number of SDs on Board',
       'Number of Independent NED on Board',
       'Executive Chairman present on Board or Combined role of CEO & Chairman is present (1- Yes, 0 - No)',
       'Number of Independent NED with past CFO/FD role ', 'Salary', 'Bonus',
       'D.C Pension', 'Other', 'Total Salary+Bonus',
       'Total Inc. D.C. Pension & Other', 'Shares', 'LTIPS(max)',
       'Vesting Date', 'Intrinsic Options (excercisable)',
       'Intrinsic Options (unexercisable)', 'Estimated Options (exercisable)',
       'Estimated Options (unexcercisable)', 'Share Price',
       'Total Equity Linked Compensation ', 'Total Annual Compensation ',
       'Shares.1', 'LTIPS(max).1', 'Intrinsic Option', 'Estimated Option',
       'Liquid Wealth', 'Total Wealth',
       'AUDIT COMMITTEE MEMBER   (if yes then put M)',
       'REMUNERATION/ COMPENSATION COMMITTEE MEMBER',
       'NOMINATION COMMITTEE MEMBER', 'AUDIT COMMITTEE SIZE',
       'REMUNERATION/ COMPENSATION COMMITTEE SIZE',
       'NOMINATION COMMITTEE SIZE',
       'Number of Independent NED on Audit Committee',
       'Number of Independent NED on Remuneration/ Compensation Committee',
       'Number of Independent NED on Nomination Committee',
       'Number of Independent NED on Audit (excluding Chairman Independent NED)',
       'Number of Independent NED on Remuneration/ Compensation (excluding Chairman Independent NED)',
       'Number of Independent NED on Nomination (excluding Chairman Independent NED)',
       'Number of Independent NED with functional expertise on Audit Committee'],
      dtype='object')
df.columns (after processing): Index(['Annual Report Year', 'Country', 'CompanyID*', 'Company Name', 'ISIN',
       'Ticker', 'Index', 'Sector', 'Director Type', 'DirectorID*',
       'Individual Name', 'Individual Role', 'Director Network Size',
       'Time to Retirement', 'Time in Role', 'Time on Board',
       'Time in Company', 'Total Number of Quoted Boards to Date',
       'Total Number of Private Boards to Date',
       'Total Number of Other Boards to Date',
       'Total Number of Quoted Current Boards',
       'Total Number of Private Current Boards',
       'Total Number of Other Current Boards',
       'Avg. Yrs on Other Quoted Boards', 'Age (Yrs)',
       'Number of Qualifications', 'Gender', 'Nationality Mix',
       'Bonus/ (Bonus&Salary)', 'Equity Linked/ Total', 'Performance/ Total',
       '%Change from Last Period', 'Wealth Delta',
       'Total Directors on the Board', 'Number of SDs on Board',
       'Number of Independent NED on Board',
       'Executive Chairman present on Board or Combined role of CEO & Chairman is present (1- Yes, 0 - No)',
       'Number of Independent NED with past CFO/FD role', 'Salary', 'Bonus',
       'D.C Pension', 'Other', 'Total Salary+Bonus',
       'Total Inc. D.C. Pension & Other', 'Shares', 'LTIPS(max)',
       'Vesting Date', 'Intrinsic Options (excercisable)',
       'Intrinsic Options (unexercisable)', 'Estimated Options (exercisable)',
       'Estimated Options (unexcercisable)', 'Share Price',
       'Total Equity Linked Compensation', 'Total Annual Compensation',
       'Shares.1', 'LTIPS(max).1', 'Intrinsic Option', 'Estimated Option',
       'Liquid Wealth', 'Total Wealth',
       'AUDIT COMMITTEE MEMBER   (if yes then put M)',
       'REMUNERATION/ COMPENSATION COMMITTEE MEMBER',
       'NOMINATION COMMITTEE MEMBER', 'AUDIT COMMITTEE SIZE',
       'REMUNERATION/ COMPENSATION COMMITTEE SIZE',
       'NOMINATION COMMITTEE SIZE',
       'Number of Independent NED on Audit Committee',
       'Number of Independent NED on Remuneration/ Compensation Committee',
       'Number of Independent NED on Nomination Committee',
       'Number of Independent NED on Audit (excluding Chairman Independent NED)',
       'Number of Independent NED on Remuneration/ Compensation (excluding Chairman Independent NED)',
       'Number of Independent NED on Nomination (excluding Chairman Independent NED)',
       'Number of Independent NED with functional expertise on Audit Committee'],
      dtype='object')
List of cols to keep (before processing): ['Annual Report Year', 'Country', 'CompanyID*', 'Company Name', 'ISIN', 'Sector', 'Director Type', 'DirectorID*', 'Individual Name', 'Individual Role', 'Time in Role', 'Time on Board', 'Time in Company', 'Total Number of Quoted Boards to Date', 'Age (Yrs)', 'Number of Qualifications', 'Gender', 'Nationality Mix', 'Bonus/ (Bonus&Salary)', 'Equity Linked/ Total', 'Performance/ Total', 'Total Directors on the Board', 'Salary', 'Total Annual Compensation ']
List of cols to keep (after processing): ['Annual Report Year', 'Country', 'CompanyID*', 'Company Name', 'ISIN', 'Sector', 'Director Type', 'DirectorID*', 'Individual Name', 'Individual Role', 'Time in Role', 'Time on Board', 'Time in Company', 'Total Number of Quoted Boards to Date', 'Age (Yrs)', 'Number of Qualifications', 'Gender', 'Nationality Mix', 'Bonus/ (Bonus&Salary)', 'Equity Linked/ Total', 'Performance/ Total', 'Total Directors on the Board', 'Salary', 'Total Annual Compensation']
df saved to: /project/kh_mercury_1/boardex/data/output_filtered_by_columns/ROW - Board Summary - 2_filtered_cols.xlsx
-----------------------------------------------------------
List of files kept: ['ROW - Board Summary - 2_filtered.xlsx']
------
List of files not kept: ['ROW - SMDEs Network - 68_filtered.xlsx', 'NA - Director Network - 242_filtered.xlsx', 'ROW - SMDEs Network - 24_filtered.xlsx', 'UK - Compensation - 1999_filtered.xlsx', 'NA - Director Network - 421_filtered.xlsx', 'NA - Director Network - 52_filtered.xlsx', 'NA - SMDEs Network - 603_filtered.xlsx', 'UK - SMDEs Network - 212_filtered.xlsx', 'Europe - Company Network - 13_filtered.xlsx', 'ROW - Compensation - 2011_filtered.xlsx', 'NA - SMDEs Compensation - 2014_filtered.xlsx', 'NA - SMDEs Network - 469_filtered.xlsx', 'NA - Director Network - 342_filtered.xlsx', 'NA - Director Network - 12_filtered.xlsx', 'NA - Committee Details_filtered.xlsx', 'NA - SMDEs Network - 1177_filtered.xlsx', 'NA - SMDEs Network - 662_filtered.xlsx', 'ROW - Director Network - 135_filtered.xlsx', 'Europe - SMDEs Network - 143_filtered.xlsx', 'NA - SMDEs Compensation - 2018_filtered.xlsx', 'NA - SMDEs Network - 1472_filtered.xlsx', 'ROW - Director Network - 5_filtered.xlsx', 'NA - SMDEs Network - 34_filtered./home/jasonjia/standard_env_jason/lib/python3.6/site-packages/openpyxl/worksheet/_reader.py:312: UserWarning: Conditional Formatting extension is not supported and will be removed
  warn(msg)
xlsx', 'NA - Director Network - 416_filtered.xlsx', 'NA - SMDEs Network - 285_filtered.xlsx', 'NA - Director Network - 127_filtered.xlsx', 'Europe - SMDEs Compensation - 2013_filtered.xlsx', 'NA - Director Network - 402_filtered.xlsx', 'NA - Director Network - 36_filtered.xlsx', 'UK - SMDEs Network - 46_filtered.xlsx', 'NA - SMDEs Network - 948_filtered.xlsx', 'NA - Company Network - 37_filtered.xlsx', 'Europe - Director Network - 89_filtered.xlsx', 'NA - SMDEs Network - 516_filtered.xlsx', 'NA - Director Network - 360_filtered.xlsx', 'NA - SMDEs Network - 258_filtered.xlsx', 'UK - SMDEs Network - 38_filtered.xlsx', 'ROW - Director Network - 96_filtered.xlsx', 'NA - SMDEs Network - 628_filtered.xlsx', 'NA - Compensation - 2016_filtered.xlsx', 'ROW - Director Network - 102_filtered.xlsx', 'UK - Director Network - 100_filtered.xlsx', 'NA - SMDEs Network - 999_filtered.xlsx', 'NA - SMDEs Network - 1332_filtered.xlsx', 'NA - Company Network - 22_filtered.xlsx', 'Europe - SMDEs Network - 33_filtered.xlsx', 'UK - SMDEs Compensation - 2001_filtered.xlsx', 'NA - SMDEs Network - 618_filtered.xlsx', 'NA - SMDEs Network - 901_filtered.xlsx', 'ROW - Director Network - 157_filtered.xlsx', 'NA - SMDEs Network - 1391_filtered.xlsx', 'NA - Director Network - 112_filtered.xlsx', 'Europe - Director Network - 17_filtered.xlsx', 'NA - SMDEs Network - 1248_filtered.xlsx', 'NA - SMDEs Network - 796_filtered.xlsx', 'NA - SMDEs Network - 1107_filtered.xlsx', 'NA - SMDEs Network - 1156_filtered.xlsx', 'UK - SMDEs Network - 14_filtered.xlsx', 'NA - SMDEs Network - 1015_filtered.xlsx', 'NA - SMDEs Network - 1427_filtered.xlsx', 'NA - SMDEs Network - 1367_filtered.xlsx', 'NA - SMDEs Network - 239_filtered.xlsx', 'NA - SMDEs Network - 534_filtered.xlsx', 'UK - SMDEs Profile - Employment Current Board_filtered.xlsx', 'NA - Director Network - 78_filtered.xlsx', 'NA - Director Network - 160_filtered.xlsx', 'UK - SMDEs Network - 125_filtered.xlsx', 'NA - SMDEs Network - 1435_filtered.xlsx', 'NA - SMDEs Network - 393_filtered.xlsx', 'NA - Director Network - 72_filtered.xlsx', 'ROW - Compensation - 2008_filtered.xlsx', 'ROW - SMDEs Network - 106_filtered.xlsx', 'NA - SMDEs Network - 1313_filtered.xlsx', 'NA - SMDEs Network - 845_filtered.xlsx', 'NA - Director Network - 125_filtered.xlsx', 'ROW - SMDEs Network - 98_filtered.xlsx', 'NA - SMDEs Network - 790_filtered.xlsx', 'NA - SMDEs Network - 1043_filtered.xlsx', 'NA - Director Network - 287_filtered.xlsx', 'Europe - SMDEs Network - 138_filtered.xlsx', 'ROW - Director Network - 111_filtered.xlsx', 'NA - SMDEs Network - 303_filtered.xlsx', 'NA - SMDEs Network - 1098_filtered.xlsx', 'Europe - SMDEs Network - 83_filtered.xlsx', 'ROW - SMDEs Network - 18_filtered.xlsx', 'UK - SMDEs Network - 128_filtered.xlsx', 'NA - SMDEs Network - 1299_filtered.xlsx', 'NA - SMDEs Network - 147_filtered.xlsx', 'ROW - SMDEs Network - 65_filtered.xlsx', 'NA - SMDEs Network - 1431_filtered.xlsx', 'UK - SMDEs Network - 109_filtered.xlsx', 'NA - SMDEs Network - 952_filtered.xlsx', 'NA - SMDEs Network - 128_filtered.xlsx', 'NA - SMDEs Network - 219_filtered.xlsx', 'ROW - SMDEs Network - 77_filtered.xlsx', 'NA - Director Network - 182_filtered.xlsx', 'UK - SMDEs Network - 74_filtered.xlsx', 'NA - Company Network - 6_filtered.xlsx', 'NA - Director Network - 103_filtered.xlsx', 'NA - SMDEs Network - 1314_filtered.xlsx', 'NA - SMDEs Network - 573_filtered.xlsx', 'UK - SMDEs Compensation - 2002_filtered.xlsx', 'ROW - SMDEs Network - 81_filtered.xlsx', 'NA - Director Network - 89_filtered.xlsx', 'NA - SMDEs Network - 1414_filtered.xlsx', 'NA - SMDEs Network - 547_filtered.xlsx', 'NA - SMDEs Network - 1150_filtered.xlsx', 'NA - SMDEs Network - 377_filtered.xlsx', 'ROW - Director Network - 15_filtered.xlsx', 'Europe - Director Network - 77_filtered.xlsx', 'NA - SMDEs Network - 1105_filtered.xlsx', 'NA - SMDEs Network - 96_filtered.xlsx', 'Europe - Director Network - 107_filtered.xlsx', 'NA - Director Network - 155_filtered.xlsx', 'NA - SMDEs Network - 507_filtered.xlsx', 'NA - SMDEs Network - 548_filtered.xlsx', 'NA - SMDEs Network - 912_filtered.xlsx', 'NA - SMDEs Network - 1119_filtered.xlsx', 'Europe - SMDEs Network - 23_filtered.xlsx', 'NA - SMDEs Network - 597_filtered.xlsx', 'ROW - SMDEs Network - 48_filtered.xlsx', 'NA - SMDEs Network - 1476_filtered.xlsx', 'NA - Director Network - 165_filtered.xlsx', 'NA - SMDEs Network - 794_filtered.xlsx', 'NA - SMDEs Network - 578_filtered.xlsx', 'NA - SMDEs Network - 756_filtered.xlsx', 'NA - SMDEs Network - 1416_filtered.xlsx', 'NA - SMDEs Network - 791_filtered.xlsx', 'NA - SMDEs Network - 374_filtered.xlsx', 'NA - SMDEs Network - 187_filtered.xlsx', 'UK - SMDEs Network - 166_filtered.xlsx', 'NA - SMDEs Network - 1052_filtered.xlsx', 'UK - SMDEs Network - 134_filtered.xlsx', 'ROW - Company Network - 15_filtered.xlsx', 'NA - Director Network - 134_filtered.xlsx', 'NA - SMDEs Network - 305_filtered.xlsx', 'ROW - Director Profile - Employment Historical NonBoard_filtered.xlsx', 'NA - Director Network - 393_filtered.xlsx', 'ROW - Compensation - Current_filtered.xlsx', 'ROW - Director Network - 144_filtered.xlsx', 'NA - Director Network - 301_filtered.xlsx', 'NA - SMDEs Network - 1255_filtered.xlsx', 'NA - SMDEs Network - 542_filtered.xlsx', 'NA - SMDEs Network - 674_filtered.xlsx', 'NA - SMDEs Network - 215_filtered.xlsx', 'NA - SMDEs Network - 923_filtered.xlsx', 'ROW - Director Network - 80_filtered.xlsx', 'NA - Director Network - 404_filtered.xlsx', 'NA - SMDEs Network - 307_filtered.xlsx', 'NA - SMDEs Network - 505_filtered.xlsx', 'UK - Director Network - 113_filtered.xlsx', 'NA - SMDEs Network - 412_filtered.xlsx', 'NA - Director Network - 231_filtered.xlsx', 'Europe - Director Network - 4_filtered.xlsx', 'ROW - Director Network - 18_filtered.xlsx', 'NA - SMDEs Network - 1027_filtered.xlsx', 'NA - Company Network - 20_filtered.xlsx', 'NA - SMDEs Network - 1190_filtered.xlsx', 'NA - SMDEs Network - 1050_filtered.xlsx', 'NA - SMDEs Network - 557_filtered.xlsx', 'UK - Director Network - 85_filtered.xlsx', 'NA - Director Network - 339_filtered.xlsx', 'Europe - SMDEs Compensation - 2011_filtered.xlsx', 'ROW - Director Network - 106_filtered.xlsx', 'NA - SMDEs Network - 1238_filtered.xlsx', 'NA - SMDEs Network - 123_filtered.xlsx', 'NA - SMDEs Network - 950_filtered.xlsx', 'Europe - Company Network - 11_filtered.xlsx', 'NA - SMDEs Network - 600_filtered.xlsx', 'NA - SMDEs Network - 859_filtered.xlsx', 'NA - SMDEs Network - 528_filtered.xlsx', 'NA - SMDEs Network - 242_filtered.xlsx', 'NA - SMDEs Network - 627_filtered.xlsx', 'NA - SMDEs Network - 1162_filtered.xlsx', 'NA - Director Network - 35_filtered.xlsx', 'NA - SMDEs Network - 1325_filtered.xlsx', 'NA - SMDEs Network - 458_filtered.xlsx', 'Europe - SMDEs Network - 16_filtered.xlsx', 'NA - SMDEs Network - 1464_filtered.xlsx', 'NA - SMDEs Network - 10_filtered.xlsx', 'NA - Director Network - 385_filtered.xlsx', 'NA - Director Network - 350_filtered.xlsx', 'NA - Director Network - 158_filtered.xlsx', 'NA - SMDEs Network - 577_filtered.xlsx', 'NA - SMDEs Network - 1085_filtered.xlsx', 'UK - SMDEs Compensation - 2012_filtered.xlsx', 'NA - SMDEs Network - 348_filtered.xlsx', 'NA - Director Network - 126_filtered.xlsx', 'ROW - SMDEs Network - 141_filtered.xlsx', 'NA - SMDEs Network - 831_filtered.xlsx', 'NA - Director Network - 425_filtered.xlsx', 'NA - SMDEs Compensation - 2021_filtered.xlsx', 'ROW - SMDEs Network - 137_filtered.xlsx', 'ROW - SMDEs Network - 2_filtered.xlsx', 'NA - Director Network - 163_filtered.xlsx']
Done!
