-----------------------------------------------------------
Output from Shell Script:
Job ID: 10634292
Job User: jasonjia
Num Cores: 1
Array(Task ID): 42 of 64
Defaulting to user installation because normal site-packages is not writeable
Requirement already satisfied: openpyxl in /home/jasonjia/.local/lib/python3.8/site-packages (3.1.2)
Requirement already satisfied: et-xmlfile in /home/jasonjia/.local/lib/python3.8/site-packages (from openpyxl) (1.1.0)

[notice] A new release of pip is available: 23.0.1 -> 23.1.2
[notice] To update, run: pip install --upgrade pip
Program Path: filter_boardex_by_columns_and_rows.py
Filepath of .xslx containing list of columns in Boardex and ExecuComp: /project/kh_mercury_1/manager_and_board_characteristics/output/02_get_initial_datasets/02.1_boardex_colstokeep/List_of_Variables_for_Boardex_and_Execucomp_010523.xlsx
Filepath to list of company IDs we want to filter by: /project/kh_mercury_1/manager_and_board_characteristics/output/01_convert_isins_and_gvkeys_to_boardex_companyids/companyids_to_search_for/companyids_to_search_for.xlsx
Input Folder: /project/kh_mercury_1/manager_and_board_characteristics/data/boardex
Output Folder: /project/kh_mercury_1/manager_and_board_characteristics/output/02_get_initial_datasets/02.1_boardex_filtered_by_columns_and_rows
-----------------------------------------------------------
Output from Python Script:
This is array 42 / 64
Filepath of .xslx containing list of columns in Boardex and ExecuComp: /project/kh_mercury_1/manager_and_board_characteristics/output/02_get_initial_datasets/02.1_boardex_colstokeep/List_of_Variables_for_Boardex_and_Execucomp_010523.xlsx
Filepath to list of company IDs we want to filter by: /project/kh_mercury_1/manager_and_board_characteristics/output/01_convert_isins_and_gvkeys_to_boardex_companyids/companyids_to_search_for/companyids_to_search_for.xlsx
Input Folder (containing raw BoardEx .xlsx files): /project/kh_mercury_1/manager_and_board_characteristics/data/boardex
Output Folder (after we filter by both columns and rows): /project/kh_mercury_1/manager_and_board_characteristics/output/02_get_initial_datasets/02.1_boardex_filtered_by_columns_and_rows
Total number of files in input folder: 3246
This process will cover file(s): 2051 to 2100
-----------------------------------------------------------
File name (kept): Europe - SMDEs Compensation - 2004.xlsx
Unique workbook name: SMDEs Compensation
List of sheets to open: ['Summary']
------
Sheet 0 : Summary
% NaNs in first row 0.0 <= 30%, taking header = row 0 as usual
df.shape: (198, 16)
---
Filtering df by columns:
---
df.columns (after processing): Index(['Annual Report Year', 'Company Name', 'CompanyID*', 'ISIN', 'Ticker',
       'Index', 'Sector', 'Country', 'Director Name', 'DirectorID*',
       'Director Role', 'ED/SD', 'Direct Compensation', 'Equity Linked',
       'Total Compensation', 'Total Wealth'],
      dtype='object')
List of cols to keep (after processing): ['Annual Report Year', 'Company Name', 'CompanyID*', 'ISIN', 'Ticker', 'Index', 'Sector', 'Country', 'Director Name', 'DirectorID*', 'Director Role', 'ED/SD', 'Direct Compensation', 'Equity Linked', 'Total Compensation', 'Total Wealth']
df.shape: (198, 16)
Done!
---
Filtering df by rows:
---
Found column that contains 'companyid', filtering by rows.
df.shape: (82, 16)
df saved to: /project/kh_mercury_1/manager_and_board_characteristics/output/02_get_initial_datasets/02.1_boardex_filtered_by_columns_and_rows/Europe - SMDEs Compensation - 2004.xlsx
Done!
-----------------------------------------------------------
File name (kept): Europe - Compensation - 2013.xlsx
Unique workbook name: Compensation
List of sheets to open: ['Summary']
------
Sheet 0 : Summary
% NaNs in first row 0.0 <= 30%, taking header = row 0 as usual
df.shape: (4230, 16)
---
Filtering df by columns:
---
df.columns (after processing): Index(['Annual Report Year', 'Company Name', 'CompanyID*', 'ISIN', 'Ticker',
       'Index', 'Sector', 'Country', 'Director Name', 'DirectorID*',
       'Director Role', 'ED/SD', 'Direct Compensation', 'Equity Linked',
       'Total Compensation', 'Total Wealth'],
      dtype='object')
List of cols to keep (after processing): ['Annual Report Year', 'Company Name', 'CompanyID*', 'ISIN', 'Ticker', 'Index', 'Sector', 'Country', 'Director Name', 'DirectorID*', 'Director Role', 'ED/SD', 'Direct Compensation', 'Equity Linked', 'Total Compensation', 'Total Wealth']
df.shape: (4230, 16)
Done!
---
Filtering df by rows:
---
Found column that contains 'companyid', filtering by rows.
df.shape: (1805, 16)
df saved to: /project/kh_mercury_1/manager_and_board_characteristics/output/02_get_initial_datasets/02.1_boardex_filtered_by_columns_and_rows/Europe - Compensation - 2013.xlsx
Done!
-----------------------------------------------------------
File name (kept): Europe - Compensation - 2021.xlsx
Unique workbook name: Compensation
List of sheets to open: ['Summary']
------
Sheet 0 : Summary
% NaNs in first row 0.0 <= 30%, taking header = row 0 as usual
df.shape: (41, 16)
---
Filtering df by columns:
---
df.columns (after processing): Index(['Annual Report Year', 'Company Name', 'CompanyID*', 'ISIN', 'Ticker',
       'Index', 'Sector', 'Country', 'Director Name', 'DirectorID*',
       'Director Role', 'ED/SD', 'Direct Compensation', 'Equity Linked',
       'Total Compensation', 'Total Wealth'],
      dtype='object')
List of cols to keep (after processing): ['Annual Report Year', 'Company Name', 'CompanyID*', 'ISIN', 'Ticker', 'Index', 'Sector', 'Country', 'Director Name', 'DirectorID*', 'Director Role', 'ED/SD', 'Direct Compensation', 'Equity Linked', 'Total Compensation', 'Total Wealth']
df.shape: (41, 16)
Done!
---
Filtering df by rows:
---
Found column that contains 'companyid', filtering by rows.
df.shape: (0, 16)
Note: df has no rows and/or columns!
Done!
-----------------------------------------------------------
File name (kept): Europe - SMDEs Compensation - 2007.xlsx
Unique workbook name: SMDEs Compensation
List of sheets to open: ['Summary']
------
Sheet 0 : Summary
% NaNs in first row 0.0 <= 30%, taking header = row 0 as usual
df.shape: (281, 16)
---
Filtering df by columns:
---
df.columns (after processing): Index(['Annual Report Year', 'Company Name', 'CompanyID*', 'ISIN', 'Ticker',
       'Index', 'Sector', 'Country', 'Director Name', 'DirectorID*',
       'Director Role', 'ED/SD', 'Direct Compensation', 'Equity Linked',
       'Total Compensation', 'Total Wealth'],
      dtype='object')
List of cols to keep (after processing): ['Annual Report Year', 'Company Name', 'CompanyID*', 'ISIN', 'Ticker', 'Index', 'Sector', 'Country', 'Director Name', 'DirectorID*', 'Director Role', 'ED/SD', 'Direct Compensation', 'Equity Linked', 'Total Compensation', 'Total Wealth']
df.shape: (281, 16)
Done!
---
Filtering df by rows:
---
Found column that contains 'companyid', filtering by rows.
df.shape: (128, 16)
df saved to: /project/kh_mercury_1/manager_and_board_characteristics/output/02_get_initial_datasets/02.1_boardex_filtered_by_columns_and_rows/Europe - SMDEs Compensation - 2007.xlsx
Done!
-----------------------------------------------------------
File name (kept): Europe - Compensation - 2000.xlsx
Unique workbook name: Compensation
List of sheets to open: ['Summary']
------
Sheet 0 : Summary
% NaNs in first row 0.0 <= 30%, taking header = row 0 as usual
df.shape: (3901, 16)
---
Filtering df by columns:
---
df.columns (after processing): Index(['Annual Report Year', 'Company Name', 'CompanyID*', 'ISIN', 'Ticker',
       'Index', 'Sector', 'Country', 'Director Name', 'DirectorID*',
       'Director Role', 'ED/SD', 'Direct Compensation', 'Equity Linked',
       'Total Compensation', 'Total Wealth'],
      dtype='object')
List of cols to keep (after processing): ['Annual Report Year', 'Company Name', 'CompanyID*', 'ISIN', 'Ticker', 'Index', 'Sector', 'Country', 'Director Name', 'DirectorID*', 'Director Role', 'ED/SD', 'Direct Compensation', 'Equity Linked', 'Total Compensation', 'Total Wealth']
df.shape: (3901, 16)
Done!
---
Filtering df by rows:
---
Found column that contains 'companyid', filtering by rows.
df.shape: (1509, 16)
df saved to: /project/kh_mercury_1/manager_and_board_characteristics/output/02_get_initial_datasets/02.1_boardex_filtered_by_columns_and_rows/Europe - Compensation - 2000.xlsx
Done!
-----------------------------------------------------------
File name (kept): Europe - Company Network - 9.xlsx
Unique workbook name: Company Network
List of sheets to open: ['Company Network']
------
Sheet 0 : Company Network
% NaNs in first row 0.0 <= 30%, taking header = row 0 as usual
df.shape: (499535, 26)
---
Filtering df by columns:
---
df.columns (after processing): Index(['Start Company', 'Start CompanyID*', 'Start Company Index',
       'Start Company Sector', 'Start Company Country', 'Start Company Type',
       'Connected Company', 'Connected CompanyID*', 'Connected Company Index',
       'Connected Company Sector', 'Connected Company Country',
       'Connected Company Type', 'Director Name', 'DirectorID*',
       'Connected Company Current/Historic', 'Connected Company Duration',
       'Connected Company Role Name', 'ED/NED/Non-Brd',
       'Connected Company Role Start Date', 'Connected Company Role End Date',
       'Start Company Current/Historic', 'Start Company Duration',
       'Start Company Role', 'Start ED/NED/Non-Brd',
       'Start Company Role Start Date', 'Start Company Role End Date'],
      dtype='object')
List of cols to keep (after processing): ['Start Company', 'Start CompanyID*', 'Start Company Index', 'Start Company Sector', 'Start Company Country', 'Start Company Type', 'Connected Company', 'Connected CompanyID*', 'Connected Company Index', 'Connected Company Sector', 'Connected Company Country', 'Connected Company Type', 'Director Name', 'DirectorID*', 'Connected Company Current/Historic', 'Connected Company Duration', 'Connected Company Role Name', 'ED/NED/Non-Brd', 'Connected Company Role Start Date', 'Connected Company Role End Date', 'Start Company Current/Historic', 'Start Company Duration', 'Start Company Role', 'Start ED/NED/Non-Brd', 'Start Company Role Start Date', 'Start Company Role End Date']
df.shape: (499535, 26)
Done!
---
Filtering df by rows:
---
Found column that contains 'companyid', filtering by rows.
df.shape: (144169, 26)
df saved to: /project/kh_mercury_1/manager_and_board_characteristics/output/02_get_initial_datasets/02.1_boardex_filtered_by_columns_and_rows/Europe - Company Network - 9.xlsx
Done!
-----------------------------------------------------------
File name (kept): Europe - Company Network - 8.xlsx
Unique workbook name: Company Network
List of sheets to open: ['Company Network']
------
Sheet 0 : Company Network
% NaNs in first row 0.0 <= 30%, taking header = row 0 as usual
df.shape: (495347, 26)
---
Filtering df by columns:
---
df.columns (after processing): Index(['Start Company', 'Start CompanyID*', 'Start Company Index',
       'Start Company Sector', 'Start Company Country', 'Start Company Type',
       'Connected Company', 'Connected CompanyID*', 'Connected Company Index',
       'Connected Company Sector', 'Connected Company Country',
       'Connected Company Type', 'Director Name', 'DirectorID*',
       'Connected Company Current/Historic', 'Connected Company Duration',
       'Connected Company Role Name', 'ED/NED/Non-Brd',
       'Connected Company Role Start Date', 'Connected Company Role End Date',
       'Start Company Current/Historic', 'Start Company Duration',
       'Start Company Role', 'Start ED/NED/Non-Brd',
       'Start Company Role Start Date', 'Start Company Role End Date'],
      dtype='object')
List of cols to keep (after processing): ['Start Company', 'Start CompanyID*', 'Start Company Index', 'Start Company Sector', 'Start Company Country', 'Start Company Type', 'Connected Company', 'Connected CompanyID*', 'Connected Company Index', 'Connected Company Sector', 'Connected Company Country', 'Connected Company Type', 'Director Name', 'DirectorID*', 'Connected Company Current/Historic', 'Connected Company Duration', 'Connected Company Role Name', 'ED/NED/Non-Brd', 'Connected Company Role Start Date', 'Connected Company Role End Date', 'Start Company Current/Historic', 'Start Company Duration', 'Start Company Role', 'Start ED/NED/Non-Brd', 'Start Company Role Start Date', 'Start Company Role End Date']
df.shape: (495347, 26)
Done!
---
Filtering df by rows:
---
Found column that contains 'companyid', filtering by rows.
df.shape: (121455, 26)
df saved to: /project/kh_mercury_1/manager_and_board_characteristics/output/02_get_initial_datasets/02.1_boardex_filtered_by_columns_and_rows/Europe - Company Network - 8.xlsx
Done!
-----------------------------------------------------------
File name (kept): Europe - Company Network - 4.xlsx
Unique workbook name: Company Network
List of sheets to open: ['Company Network']
------
Sheet 0 : Company Network
% NaNs in first row 0.0 <= 30%, taking header = row 0 as usual
df.shape: (499702, 26)
---
Filtering df by columns:
---
df.columns (after processing): Index(['Start Company', 'Start CompanyID*', 'Start Company Index',
       'Start Company Sector', 'Start Company Country', 'Start Company Type',
       'Connected Company', 'Connected CompanyID*', 'Connected Company Index',
       'Connected Company Sector', 'Connected Company Country',
       'Connected Company Type', 'Director Name', 'DirectorID*',
       'Connected Company Current/Historic', 'Connected Company Duration',
       'Connected Company Role Name', 'ED/NED/Non-Brd',
       'Connected Company Role Start Date', 'Connected Company Role End Date',
       'Start Company Current/Historic', 'Start Company Duration',
       'Start Company Role', 'Start ED/NED/Non-Brd',
       'Start Company Role Start Date', 'Start Company Role End Date'],
      dtype='object')
List of cols to keep (after processing): ['Start Company', 'Start CompanyID*', 'Start Company Index', 'Start Company Sector', 'Start Company Country', 'Start Company Type', 'Connected Company', 'Connected CompanyID*', 'Connected Company Index', 'Connected Company Sector', 'Connected Company Country', 'Connected Company Type', 'Director Name', 'DirectorID*', 'Connected Company Current/Historic', 'Connected Company Duration', 'Connected Company Role Name', 'ED/NED/Non-Brd', 'Connected Company Role Start Date', 'Connected Company Role End Date', 'Start Company Current/Historic', 'Start Company Duration', 'Start Company Role', 'Start ED/NED/Non-Brd', 'Start Company Role Start Date', 'Start Company Role End Date']
df.shape: (499702, 26)
Done!
---
Filtering df by rows:
---
Found column that contains 'companyid', filtering by rows.
df.shape: (151488, 26)
df saved to: /project/kh_mercury_1/manager_and_board_characteristics/output/02_get_initial_datasets/02.1_boardex_filtered_by_columns_and_rows/Europe - Company Network - 4.xlsx
Done!
-----------------------------------------------------------
File name (kept): Europe - Company Network - 5.xlsx
Unique workbook name: Company Network
List of sheets to open: ['Company Network']
------
Sheet 0 : Company Network
% NaNs in first row 0.0 <= 30%, taking header = row 0 as usual
df.shape: (499100, 26)
---
Filtering df by columns:
---
df.columns (after processing): Index(['Start Company', 'Start CompanyID*', 'Start Company Index',
       'Start Company Sector', 'Start Company Country', 'Start Company Type',
       'Connected Company', 'Connected CompanyID*', 'Connected Company Index',
       'Connected Company Sector', 'Connected Company Country',
       'Connected Company Type', 'Director Name', 'DirectorID*',
       'Connected Company Current/Historic', 'Connected Company Duration',
       'Connected Company Role Name', 'ED/NED/Non-Brd',
       'Connected Company Role Start Date', 'Connected Company Role End Date',
       'Start Company Current/Historic', 'Start Company Duration',
       'Start Company Role', 'Start ED/NED/Non-Brd',
       'Start Company Role Start Date', 'Start Company Role End Date'],
      dtype='object')
List of cols to keep (after processing): ['Start Company', 'Start CompanyID*', 'Start Company Index', 'Start Company Sector', 'Start Company Country', 'Start Company Type', 'Connected Company', 'Connected CompanyID*', 'Connected Company Index', 'Connected Company Sector', 'Connected Company Country', 'Connected Company Type', 'Director Name', 'DirectorID*', 'Connected Company Current/Historic', 'Connected Company Duration', 'Connected Company Role Name', 'ED/NED/Non-Brd', 'Connected Company Role Start Date', 'Connected Company Role End Date', 'Start Company Current/Historic', 'Start Company Duration', 'Start Company Role', 'Start ED/NED/Non-Brd', 'Start Company Role Start Date', 'Start Company Role End Date']
df.shape: (499100, 26)
Done!
---
Filtering df by rows:
---
Found column that contains 'companyid', filtering by rows.
df.shape: (114463, 26)
df saved to: /project/kh_mercury_1/manager_and_board_characteristics/output/02_get_initial_datasets/02.1_boardex_filtered_by_columns_and_rows/Europe - Company Network - 5.xlsx
Done!
-----------------------------------------------------------
File name (kept): Europe - Company Network - 11.xlsx
Unique workbook name: Company Network
List of sheets to open: ['Company Network']
------
Sheet 0 : Company Network
% NaNs in first row 0.0 <= 30%, taking header = row 0 as usual
df.shape: (13526, 26)
---
Filtering df by columns:
---
df.columns (after processing): Index(['Start Company', 'Start CompanyID*', 'Start Company Index',
       'Start Company Sector', 'Start Company Country', 'Start Company Type',
       'Connected Company', 'Connected CompanyID*', 'Connected Company Index',
       'Connected Company Sector', 'Connected Company Country',
       'Connected Company Type', 'Director Name', 'DirectorID*',
       'Connected Company Current/Historic', 'Connected Company Duration',
       'Connected Company Role Name', 'ED/NED/Non-Brd',
       'Connected Company Role Start Date', 'Connected Company Role End Date',
       'Start Company Current/Historic', 'Start Company Duration',
       'Start Company Role', 'Start ED/NED/Non-Brd',
       'Start Company Role Start Date', 'Start Company Role End Date'],
      dtype='object')
List of cols to keep (after processing): ['Start Company', 'Start CompanyID*', 'Start Company Index', 'Start Company Sector', 'Start Company Country', 'Start Company Type', 'Connected Company', 'Connected CompanyID*', 'Connected Company Index', 'Connected Company Sector', 'Connected Company Country', 'Connected Company Type', 'Director Name', 'DirectorID*', 'Connected Company Current/Historic', 'Connected Company Duration', 'Connected Company Role Name', 'ED/NED/Non-Brd', 'Connected Company Role Start Date', 'Connected Company Role End Date', 'Start Company Current/Historic', 'Start Company Duration', 'Start Company Role', 'Start ED/NED/Non-Brd', 'Start Company Role Start Date', 'Start Company Role End Date']
df.shape: (13526, 26)
Done!
---
Filtering df by rows:
---
Found column that contains 'companyid', filtering by rows.
df.shape: (8619, 26)
df saved to: /project/kh_mercury_1/manager_and_board_characteristics/output/02_get_initial_datasets/02.1_boardex_filtered_by_columns_and_rows/Europe - Company Network - 11.xlsx
Done!
-----------------------------------------------------------
File name (kept): Europe - Company Network - 10.xlsx
Unique workbook name: Company Network
List of sheets to open: ['Company Network']
------
Sheet 0 : Company Network
% NaNs in first row 0.0 <= 30%, taking header = row 0 as usual
df.shape: (499253, 26)
---
Filtering df by columns:
---
df.columns (after processing): Index(['Start Company', 'Start CompanyID*', 'Start Company Index',
       'Start Company Sector', 'Start Company Country', 'Start Company Type',
       'Connected Company', 'Connected CompanyID*', 'Connected Company Index',
       'Connected Company Sector', 'Connected Company Country',
       'Connected Company Type', 'Director Name', 'DirectorID*',
       'Connected Company Current/Historic', 'Connected Company Duration',
       'Connected Company Role Name', 'ED/NED/Non-Brd',
       'Connected Company Role Start Date', 'Connected Company Role End Date',
       'Start Company Current/Historic', 'Start Company Duration',
       'Start Company Role', 'Start ED/NED/Non-Brd',
       'Start Company Role Start Date', 'Start Company Role End Date'],
      dtype='object')
List of cols to keep (after processing): ['Start Company', 'Start CompanyID*', 'Start Company Index', 'Start Company Sector', 'Start Company Country', 'Start Company Type', 'Connected Company', 'Connected CompanyID*', 'Connected Company Index', 'Connected Company Sector', 'Connected Company Country', 'Connected Company Type', 'Director Name', 'DirectorID*', 'Connected Company Current/Historic', 'Connected Company Duration', 'Connected Company Role Name', 'ED/NED/Non-Brd', 'Connected Company Role Start Date', 'Connected Company Role End Date', 'Start Company Current/Historic', 'Start Company Duration', 'Start Company Role', 'Start ED/NED/Non-Brd', 'Start Company Role Start Date', 'Start Company Role End Date']
df.shape: (499253, 26)
Done!
---
Filtering df by rows:
---
Found column that contains 'companyid', filtering by rows.
df.shape: (169666, 26)
df saved to: /project/kh_mercury_1/manager_and_board_characteristics/output/02_get_initial_datasets/02.1_boardex_filtered_by_columns_and_rows/Europe - Company Network - 10.xlsx
Done!
-----------------------------------------------------------
File name (kept): Europe - Company Network - 6.xlsx
Unique workbook name: Company Network
List of sheets to open: ['Company Network']
------
Sheet 0 : Company Network
% NaNs in first row 0.0 <= 30%, taking header = row 0 as usual
df.shape: (499752, 26)
---
Filtering df by columns:
---
df.columns (after processing): Index(['Start Company', 'Start CompanyID*', 'Start Company Index',
       'Start Company Sector', 'Start Company Country', 'Start Company Type',
       'Connected Company', 'Connected CompanyID*', 'Connected Company Index',
       'Connected Company Sector', 'Connected Company Country',
       'Connected Company Type', 'Director Name', 'DirectorID*',
       'Connected Company Current/Historic', 'Connected Company Duration',
       'Connected Company Role Name', 'ED/NED/Non-Brd',
       'Connected Company Role Start Date', 'Connected Company Role End Date',
       'Start Company Current/Historic', 'Start Company Duration',
       'Start Company Role', 'Start ED/NED/Non-Brd',
       'Start Company Role Start Date', 'Start Company Role End Date'],
      dtype='object')
List of cols to keep (after processing): ['Start Company', 'Start CompanyID*', 'Start Company Index', 'Start Company Sector', 'Start Company Country', 'Start Company Type', 'Connected Company', 'Connected CompanyID*', 'Connected Company Index', 'Connected Company Sector', 'Connected Company Country', 'Connected Company Type', 'Director Name', 'DirectorID*', 'Connected Company Current/Historic', 'Connected Company Duration', 'Connected Company Role Name', 'ED/NED/Non-Brd', 'Connected Company Role Start Date', 'Connected Company Role End Date', 'Start Company Current/Historic', 'Start Company Duration', 'Start Company Role', 'Start ED/NED/Non-Brd', 'Start Company Role Start Date', 'Start Company Role End Date']
df.shape: (499752, 26)
Done!
---
Filtering df by rows:
---
Found column that contains 'companyid', filtering by rows.
df.shape: (116083, 26)
df saved to: /project/kh_mercury_1/manager_and_board_characteristics/output/02_get_initial_datasets/02.1_boardex_filtered_by_columns_and_rows/Europe - Company Network - 6.xlsx
Done!
-----------------------------------------------------------
File name (kept): Europe - Company Network - 1.xlsx
Unique workbook name: Company Network
List of sheets to open: ['Company Network']
------
Sheet 0 : Company Network
% NaNs in first row 0.0 <= 30%, taking header = row 0 as usual
df.shape: (499820, 26)
---
Filtering df by columns:
---
df.columns (after processing): Index(['Start Company', 'Start CompanyID*', 'Start Company Index',
       'Start Company Sector', 'Start Company Country', 'Start Company Type',
       'Connected Company', 'Connected CompanyID*', 'Connected Company Index',
       'Connected Company Sector', 'Connected Company Country',
       'Connected Company Type', 'Director Name', 'DirectorID*',
       'Connected Company Current/Historic', 'Connected Company Duration',
       'Connected Company Role Name', 'ED/NED/Non-Brd',
       'Connected Company Role Start Date', 'Connected Company Role End Date',
       'Start Company Current/Historic', 'Start Company Duration',
       'Start Company Role', 'Start ED/NED/Non-Brd',
       'Start Company Role Start Date', 'Start Company Role End Date'],
      dtype='object')
List of cols to keep (after processing): ['Start Company', 'Start CompanyID*', 'Start Company Index', 'Start Company Sector', 'Start Company Country', 'Start Company Type', 'Connected Company', 'Connected CompanyID*', 'Connected Company Index', 'Connected Company Sector', 'Connected Company Country', 'Connected Company Type', 'Director Name', 'DirectorID*', 'Connected Company Current/Historic', 'Connected Company Duration', 'Connected Company Role Name', 'ED/NED/Non-Brd', 'Connected Company Role Start Date', 'Connected Company Role End Date', 'Start Company Current/Historic', 'Start Company Duration', 'Start Company Role', 'Start ED/NED/Non-Brd', 'Start Company Role Start Date', 'Start Company Role End Date']
df.shape: (499820, 26)
Done!
---
Filtering df by rows:
---
Found column that contains 'companyid', filtering by rows.
df.shape: (152132, 26)
df saved to: /project/kh_mercury_1/manager_and_board_characteristics/output/02_get_initial_datasets/02.1_boardex_filtered_by_columns_and_rows/Europe - Company Network - 1.xlsx
Done!
-----------------------------------------------------------
File name (kept): Europe - Company Network - 12.xlsx
Unique workbook name: Company Network
List of sheets to open: ['Company Network']
------
Sheet 0 : Company Network
% NaNs in first row 0.0 <= 30%, taking header = row 0 as usual
df.shape: (499781, 26)
---
Filtering df by columns:
---
df.columns (after processing): Index(['Start Company', 'Start CompanyID*', 'Start Company Index',
       'Start Company Sector', 'Start Company Country', 'Start Company Type',
       'Connected Company', 'Connected CompanyID*', 'Connected Company Index',
       'Connected Company Sector', 'Connected Company Country',
       'Connected Company Type', 'Director Name', 'DirectorID*',
       'Connected Company Current/Historic', 'Connected Company Duration',
       'Connected Company Role Name', 'ED/NED/Non-Brd',
       'Connected Company Role Start Date', 'Connected Company Role End Date',
       'Start Company Current/Historic', 'Start Company Duration',
       'Start Company Role', 'Start ED/NED/Non-Brd',
       'Start Company Role Start Date', 'Start Company Role End Date'],
      dtype='object')
List of cols to keep (after processing): ['Start Company', 'Start CompanyID*', 'Start Company Index', 'Start Company Sector', 'Start Company Country', 'Start Company Type', 'Connected Company', 'Connected CompanyID*', 'Connected Company Index', 'Connected Company Sector', 'Connected Company Country', 'Connected Company Type', 'Director Name', 'DirectorID*', 'Connected Company Current/Historic', 'Connected Company Duration', 'Connected Company Role Name', 'ED/NED/Non-Brd', 'Connected Company Role Start Date', 'Connected Company Role End Date', 'Start Company Current/Historic', 'Start Company Duration', 'Start Company Role', 'Start ED/NED/Non-Brd', 'Start Company Role Start Date', 'Start Company Role End Date']
df.shape: (499781, 26)
Done!
---
Filtering df by rows:
---
Found column that contains 'companyid', filtering by rows.
df.shape: (54200, 26)
df saved to: /project/kh_mercury_1/manager_and_board_characteristics/output/02_get_initial_datasets/02.1_boardex_filtered_by_columns_and_rows/Europe - Company Network - 12.xlsx
Done!
-----------------------------------------------------------
File name (kept): Europe - Company Network - 3.xlsx
Unique workbook name: Company Network
List of sheets to open: ['Company Network']
------
Sheet 0 : Company Network
% NaNs in first row 0.0 <= 30%, taking header = row 0 as usual
df.shape: (499173, 26)
---
Filtering df by columns:
---
df.columns (after processing): Index(['Start Company', 'Start CompanyID*', 'Start Company Index',
       'Start Company Sector', 'Start Company Country', 'Start Company Type',
       'Connected Company', 'Connected CompanyID*', 'Connected Company Index',
       'Connected Company Sector', 'Connected Company Country',
       'Connected Company Type', 'Director Name', 'DirectorID*',
       'Connected Company Current/Historic', 'Connected Company Duration',
       'Connected Company Role Name', 'ED/NED/Non-Brd',
       'Connected Company Role Start Date', 'Connected Company Role End Date',
       'Start Company Current/Historic', 'Start Company Duration',
       'Start Company Role', 'Start ED/NED/Non-Brd',
       'Start Company Role Start Date', 'Start Company Role End Date'],
      dtype='object')
List of cols to keep (after processing): ['Start Company', 'Start CompanyID*', 'Start Company Index', 'Start Company Sector', 'Start Company Country', 'Start Company Type', 'Connected Company', 'Connected CompanyID*', 'Connected Company Index', 'Connected Company Sector', 'Connected Company Country', 'Connected Company Type', 'Director Name', 'DirectorID*', 'Connected Company Current/Historic', 'Connected Company Duration', 'Connected Company Role Name', 'ED/NED/Non-Brd', 'Connected Company Role Start Date', 'Connected Company Role End Date', 'Start Company Current/Historic', 'Start Company Duration', 'Start Company Role', 'Start ED/NED/Non-Brd', 'Start Company Role Start Date', 'Start Company Role End Date']
df.shape: (499173, 26)
Done!
---
Filtering df by rows:
---
Found column that contains 'companyid', filtering by rows.
df.shape: (135229, 26)
df saved to: /project/kh_mercury_1/manager_and_board_characteristics/output/02_get_initial_datasets/02.1_boardex_filtered_by_columns_and_rows/Europe - Company Network - 3.xlsx
Done!
-----------------------------------------------------------
File name (kept): Europe - Company Network - 13.xlsx
Unique workbook name: Company Network
List of sheets to open: ['Company Network']
------
Sheet 0 : Company Network
% NaNs in first row 0.0 <= 30%, taking header = row 0 as usual
df.shape: (29805, 26)
---
Filtering df by columns:
---
df.columns (after processing): Index(['Start Company', 'Start CompanyID*', 'Start Company Index',
       'Start Company Sector', 'Start Company Country', 'Start Company Type',
       'Connected Company', 'Connected CompanyID*', 'Connected Company Index',
       'Connected Company Sector', 'Connected Company Country',
       'Connected Company Type', 'Director Name', 'DirectorID*',
       'Connected Company Current/Historic', 'Connected Company Duration',
       'Connected Company Role Name', 'ED/NED/Non-Brd',
       'Connected Company Role Start Date', 'Connected Company Role End Date',
       'Start Company Current/Historic', 'Start Company Duration',
       'Start Company Role', 'Start ED/NED/Non-Brd',
       'Start Company Role Start Date', 'Start Company Role End Date'],
      dtype='object')
List of cols to keep (after processing): ['Start Company', 'Start CompanyID*', 'Start Company Index', 'Start Company Sector', 'Start Company Country', 'Start Company Type', 'Connected Company', 'Connected CompanyID*', 'Connected Company Index', 'Connected Company Sector', 'Connected Company Country', 'Connected Company Type', 'Director Name', 'DirectorID*', 'Connected Company Current/Historic', 'Connected Company Duration', 'Connected Company Role Name', 'ED/NED/Non-Brd', 'Connected Company Role Start Date', 'Connected Company Role End Date', 'Start Company Current/Historic', 'Start Company Duration', 'Start Company Role', 'Start ED/NED/Non-Brd', 'Start Company Role Start Date', 'Start Company Role End Date']
df.shape: (29805, 26)
Done!
---
Filtering df by rows:
---
Found column that contains 'companyid', filtering by rows.
df.shape: (1175, 26)
df saved to: /project/kh_mercury_1/manager_and_board_characteristics/output/02_get_initial_datasets/02.1_boardex_filtered_by_columns_and_rows/Europe - Company Network - 13.xlsx
Done!
-----------------------------------------------------------
File name (kept): Europe - Company Network - 7.xlsx
Unique workbook name: Company Network
List of sheets to open: ['Company Network']
------
Sheet 0 : Company Network
% NaNs in first row 0.0 <= 30%, taking header = row 0 as usual
df.shape: (495732, 26)
---
Filtering df by columns:
---
df.columns (after processing): Index(['Start Company', 'Start CompanyID*', 'Start Company Index',
       'Start Company Sector', 'Start Company Country', 'Start Company Type',
       'Connected Company', 'Connected CompanyID*', 'Connected Company Index',
       'Connected Company Sector', 'Connected Company Country',
       'Connected Company Type', 'Director Name', 'DirectorID*',
       'Connected Company Current/Historic', 'Connected Company Duration',
       'Connected Company Role Name', 'ED/NED/Non-Brd',
       'Connected Company Role Start Date', 'Connected Company Role End Date',
       'Start Company Current/Historic', 'Start Company Duration',
       'Start Company Role', 'Start ED/NED/Non-Brd',
       'Start Company Role Start Date', 'Start Company Role End Date'],
      dtype='object')
List of cols to keep (after processing): ['Start Company', 'Start CompanyID*', 'Start Company Index', 'Start Company Sector', 'Start Company Country', 'Start Company Type', 'Connected Company', 'Connected CompanyID*', 'Connected Company Index', 'Connected Company Sector', 'Connected Company Country', 'Connected Company Type', 'Director Name', 'DirectorID*', 'Connected Company Current/Historic', 'Connected Company Duration', 'Connected Company Role Name', 'ED/NED/Non-Brd', 'Connected Company Role Start Date', 'Connected Company Role End Date', 'Start Company Current/Historic', 'Start Company Duration', 'Start Company Role', 'Start ED/NED/Non-Brd', 'Start Company Role Start Date', 'Start Company Role End Date']
df.shape: (495732, 26)
Done!
---
Filtering df by rows:
---
Found column that contains 'companyid', filtering by rows.
df.shape: (141562, 26)
df saved to: /project/kh_mercury_1/manager_and_board_characteristics/output/02_get_initial_datasets/02.1_boardex_filtered_by_columns_and_rows/Europe - Company Network - 7.xlsx
Done!
-----------------------------------------------------------
File name (kept): Europe - Company Network - 2.xlsx
Unique workbook name: Company Network
List of sheets to open: ['Company Network']
------
Sheet 0 : Company Network
% NaNs in first row 0.0 <= 30%, taking header = row 0 as usual
df.shape: (499817, 26)
---
Filtering df by columns:
---
df.columns (after processing): Index(['Start Company', 'Start CompanyID*', 'Start Company Index',
       'Start Company Sector', 'Start Company Country', 'Start Company Type',
       'Connected Company', 'Connected CompanyID*', 'Connected Company Index',
       'Connected Company Sector', 'Connected Company Country',
       'Connected Company Type', 'Director Name', 'DirectorID*',
       'Connected Company Current/Historic', 'Connected Company Duration',
       'Connected Company Role Name', 'ED/NED/Non-Brd',
       'Connected Company Role Start Date', 'Connected Company Role End Date',
       'Start Company Current/Historic', 'Start Company Duration',
       'Start Company Role', 'Start ED/NED/Non-Brd',
       'Start Company Role Start Date', 'Start Company Role End Date'],
      dtype='object')
List of cols to keep (after processing): ['Start Company', 'Start CompanyID*', 'Start Company Index', 'Start Company Sector', 'Start Company Country', 'Start Company Type', 'Connected Company', 'Connected CompanyID*', 'Connected Company Index', 'Connected Company Sector', 'Connected Company Country', 'Connected Company Type', 'Director Name', 'DirectorID*', 'Connected Company Current/Historic', 'Connected Company Duration', 'Connected Company Role Name', 'ED/NED/Non-Brd', 'Connected Company Role Start Date', 'Connected Company Role End Date', 'Start Company Current/Historic', 'Start Company Duration', 'Start Company Role', 'Start ED/NED/Non-Brd', 'Start Company Role Start Date', 'Start Company Role End Date']
df.shape: (499817, 26)
Done!
---
Filtering df by rows:
---
Found column that contains 'companyid', filtering by rows.
df.shape: (136889, 26)
df saved to: /project/kh_mercury_1/manager_and_board_characteristics/output/02_get_initial_datasets/02.1_boardex_filtered_by_columns_and_rows/Europe - Company Network - 2.xlsx
Done!
-----------------------------------------------------------
File name (kept): NA - Compensation - 2003.xlsx
Unique workbook name: Compensation
List of sheets to open: ['Summary']
------
Sheet 0 : Summary
% NaNs in first row 0.0 <= 30%, taking header = row 0 as usual
df.shape: (11061, 16)
---
Filtering df by columns:
---
df.columns (after processing): Index(['Annual Report Year', 'Company Name', 'CompanyID*', 'ISIN', 'Ticker',
       'Index', 'Sector', 'Country', 'Director Name', 'DirectorID*',
       'Director Role', 'ED/SD', 'Direct Compensation', 'Equity Linked',
       'Total Compensation', 'Total Wealth'],
      dtype='object')
List of cols to keep (after processing): ['Annual Report Year', 'Company Name', 'CompanyID*', 'ISIN', 'Ticker', 'Index', 'Sector', 'Country', 'Director Name', 'DirectorID*', 'Director Role', 'ED/SD', 'Direct Compensation', 'Equity Linked', 'Total Compensation', 'Total Wealth']
df.shape: (11061, 16)
Done!
---
Filtering df by rows:
---
Found column that contains 'companyid', filtering by rows.
df.shape: (4201, 16)
df saved to: /project/kh_mercury_1/manager_and_board_characteristics/output/02_get_initial_datasets/02.1_boardex_filtered_by_columns_and_rows/NA - Compensation - 2003.xlsx
Done!
-----------------------------------------------------------
File name (kept): NA - SMDEs Compensation - 2004.xlsx
Unique workbook name: SMDEs Compensation
List of sheets to open: ['Summary']
------
Sheet 0 : Summary
% NaNs in first row 0.0 <= 30%, taking header = row 0 as usual
df.shape: (5570, 16)
---
Filtering df by columns:
---
df.columns (after processing): Index(['Annual Report Year', 'Company Name', 'CompanyID*', 'ISIN', 'Ticker',
       'Index', 'Sector', 'Country', 'Director Name', 'DirectorID*',
       'Director Role', 'ED/SD', 'Direct Compensation', 'Equity Linked',
       'Total Compensation', 'Total Wealth'],
      dtype='object')
List of cols to keep (after processing): ['Annual Report Year', 'Company Name', 'CompanyID*', 'ISIN', 'Ticker', 'Index', 'Sector', 'Country', 'Director Name', 'DirectorID*', 'Director Role', 'ED/SD', 'Direct Compensation', 'Equity Linked', 'Total Compensation', 'Total Wealth']
df.shape: (5570, 16)
Done!
---
Filtering df by rows:
---
Found column that contains 'companyid', filtering by rows.
df.shape: (2070, 16)
df saved to: /project/kh_mercury_1/manager_and_board_characteristics/output/02_get_initial_datasets/02.1_boardex_filtered_by_columns_and_rows/NA - SMDEs Compensation - 2004.xlsx
Done!
-----------------------------------------------------------
File name (kept): NA - Compensation - 2016.xlsx
Unique workbook name: Compensation
List of sheets to open: ['Summary']
------
Sheet 0 : Summary
% NaNs in first row 0.0 <= 30%, taking header = row 0 as usual
df.shape: (7201, 16)
---
Filtering df by columns:
---
df.columns (after processing): Index(['Annual Report Year', 'Company Name', 'CompanyID*', 'ISIN', 'Ticker',
       'Index', 'Sector', 'Country', 'Director Name', 'DirectorID*',
       'Director Role', 'ED/SD', 'Direct Compensation', 'Equity Linked',
       'Total Compensation', 'Total Wealth'],
      dtype='object')
List of cols to keep (after processing): ['Annual Report Year', 'Company Name', 'CompanyID*', 'ISIN', 'Ticker', 'Index', 'Sector', 'Country', 'Director Name', 'DirectorID*', 'Director Role', 'ED/SD', 'Direct Compensation', 'Equity Linked', 'Total Compensation', 'Total Wealth']
df.shape: (7201, 16)
Done!
---
Filtering df by rows:
---
Found column that contains 'companyid', filtering by rows.
df.shape: (4791, 16)
df saved to: /project/kh_mercury_1/manager_and_board_characteristics/output/02_get_initial_datasets/02.1_boardex_filtered_by_columns_and_rows/NA - Compensation - 2016.xlsx
Done!
-----------------------------------------------------------
File name (kept): NA - Compensation - 2018.xlsx
Unique workbook name: Compensation
List of sheets to open: ['Summary']
------
Sheet 0 : Summary
% NaNs in first row 0.0 <= 30%, taking header = row 0 as usual
df.shape: (6653, 16)
---
Filtering df by columns:
---
df.columns (after processing): Index(['Annual Report Year', 'Company Name', 'CompanyID*', 'ISIN', 'Ticker',
       'Index', 'Sector', 'Country', 'Director Name', 'DirectorID*',
       'Director Role', 'ED/SD', 'Direct Compensation', 'Equity Linked',
       'Total Compensation', 'Total Wealth'],
      dtype='object')
List of cols to keep (after processing): ['Annual Report Year', 'Company Name', 'CompanyID*', 'ISIN', 'Ticker', 'Index', 'Sector', 'Country', 'Director Name', 'DirectorID*', 'Director Role', 'ED/SD', 'Direct Compensation', 'Equity Linked', 'Total Compensation', 'Total Wealth']
df.shape: (6653, 16)
Done!
---
Filtering df by rows:
---
Found column that contains 'companyid', filtering by rows.
df.shape: (4405, 16)
df saved to: /project/kh_mercury_1/manager_and_board_characteristics/output/02_get_initial_datasets/02.1_boardex_filtered_by_columns_and_rows/NA - Compensation - 2018.xlsx
Done!
-----------------------------------------------------------
File name (kept): NA - Compensation - 2019.xlsx
Unique workbook name: Compensation
List of sheets to open: ['Summary']
------
Sheet 0 : Summary
% NaNs in first row 0.0 <= 30%, taking header = row 0 as usual
df.shape: (6580, 16)
---
Filtering df by columns:
---
df.columns (after processing): Index(['Annual Report Year', 'Company Name', 'CompanyID*', 'ISIN', 'Ticker',
       'Index', 'Sector', 'Country', 'Director Name', 'DirectorID*',
       'Director Role', 'ED/SD', 'Direct Compensation', 'Equity Linked',
       'Total Compensation', 'Total Wealth'],
      dtype='object')
List of cols to keep (after processing): ['Annual Report Year', 'Company Name', 'CompanyID*', 'ISIN', 'Ticker', 'Index', 'Sector', 'Country', 'Director Name', 'DirectorID*', 'Director Role', 'ED/SD', 'Direct Compensation', 'Equity Linked', 'Total Compensation', 'Total Wealth']
df.shape: (6580, 16)
Done!
---
Filtering df by rows:
---
Found column that contains 'companyid', filtering by rows.
df.shape: (4391, 16)
df saved to: /project/kh_mercury_1/manager_and_board_characteristics/output/02_get_initial_datasets/02.1_boardex_filtered_by_columns_and_rows/NA - Compensation - 2019.xlsx
Done!
-----------------------------------------------------------
File name (kept): NA - SMDEs Compensation - 2008.xlsx
Unique workbook name: SMDEs Compensation
List of sheets to open: ['Summary']
------
Sheet 0 : Summary
% NaNs in first row 0.0 <= 30%, taking header = row 0 as usual
df.shape: (3356, 16)
---
Filtering df by columns:
---
df.columns (after processing): Index(['Annual Report Year', 'Company Name', 'CompanyID*', 'ISIN', 'Ticker',
       'Index', 'Sector', 'Country', 'Director Name', 'DirectorID*',
       'Director Role', 'ED/SD', 'Direct Compensation', 'Equity Linked',
       'Total Compensation', 'Total Wealth'],
      dtype='object')
List of cols to keep (after processing): ['Annual Report Year', 'Company Name', 'CompanyID*', 'ISIN', 'Ticker', 'Index', 'Sector', 'Country', 'Director Name', 'DirectorID*', 'Director Role', 'ED/SD', 'Direct Compensation', 'Equity Linked', 'Total Compensation', 'Total Wealth']
df.shape: (3356, 16)
Done!
---
Filtering df by rows:
---
Found column that contains 'companyid', filtering by rows.
df.shape: (1969, 16)
df saved to: /project/kh_mercury_1/manager_and_board_characteristics/output/02_get_initial_datasets/02.1_boardex_filtered_by_columns_and_rows/NA - SMDEs Compensation - 2008.xlsx
Done!
-----------------------------------------------------------
File name (kept): NA - Compensation - 2002.xlsx
Unique workbook name: Compensation
List of sheets to open: ['Summary']
------
Sheet 0 : Summary
% NaNs in first row 0.0 <= 30%, taking header = row 0 as usual
df.shape: (10586, 16)
---
Filtering df by columns:
---
df.columns (after processing): Index(['Annual Report Year', 'Company Name', 'CompanyID*', 'ISIN', 'Ticker',
       'Index', 'Sector', 'Country', 'Director Name', 'DirectorID*',
       'Director Role', 'ED/SD', 'Direct Compensation', 'Equity Linked',
       'Total Compensation', 'Total Wealth'],
      dtype='object')
List of cols to keep (after processing): ['Annual Report Year', 'Company Name', 'CompanyID*', 'ISIN', 'Ticker', 'Index', 'Sector', 'Country', 'Director Name', 'DirectorID*', 'Director Role', 'ED/SD', 'Direct Compensation', 'Equity Linked', 'Total Compensation', 'Total Wealth']
df.shape: (10586, 16)
Done!
---
Filtering df by rows:
---
Found column that contains 'companyid', filtering by rows.
df.shape: (4067, 16)
df saved to: /project/kh_mercury_1/manager_and_board_characteristics/output/02_get_initial_datasets/02.1_boardex_filtered_by_columns_and_rows/NA - Compensation - 2002.xlsx
Done!
-----------------------------------------------------------
File name (kept): NA - SMDEs Compensation - 2017.xlsx
Unique workbook name: SMDEs Compensation
List of sheets to open: ['Summary']
------
Sheet 0 : Summary
% NaNs in first row 0.0 <= 30%, taking header = row 0 as usual
df.shape: (3005, 16)
---
Filtering df by columns:
---
df.columns (after processing): Index(['Annual Report Year', 'Company Name', 'CompanyID*', 'ISIN', 'Ticker',
       'Index', 'Sector', 'Country', 'Director Name', 'DirectorID*',
       'Director Role', 'ED/SD', 'Direct Compensation', 'Equity Linked',
       'Total Compensation', 'Total Wealth'],
      dtype='object')
List of cols to keep (after processing): ['Annual Report Year', 'Company Name', 'CompanyID*', 'ISIN', 'Ticker', 'Index', 'Sector', 'Country', 'Director Name', 'DirectorID*', 'Director Role', 'ED/SD', 'Direct Compensation', 'Equity Linked', 'Total Compensation', 'Total Wealth']
df.shape: (3005, 16)
Done!
---
Filtering df by rows:
---
Found column that contains 'companyid', filtering by rows.
df.shape: (2016, 16)
df saved to: /project/kh_mercury_1/manager_and_board_characteristics/output/02_get_initial_datasets/02.1_boardex_filtered_by_columns_and_rows/NA - SMDEs Compensation - 2017.xlsx
Done!
-----------------------------------------------------------
File name (kept): NA - SMDEs Compensation - 2010.xlsx
Unique workbook name: SMDEs Compensation
List of sheets to open: ['Summary']
------
Sheet 0 : Summary
% NaNs in first row 0.0 <= 30%, taking header = row 0 as usual
df.shape: (2766, 16)
---
Filtering df by columns:
---
df.columns (after processing): Index(['Annual Report Year', 'Company Name', 'CompanyID*', 'ISIN', 'Ticker',
       'Index', 'Sector', 'Country', 'Director Name', 'DirectorID*',
       'Director Role', 'ED/SD', 'Direct Compensation', 'Equity Linked',
       'Total Compensation', 'Total Wealth'],
      dtype='object')
List of cols to keep (after processing): ['Annual Report Year', 'Company Name', 'CompanyID*', 'ISIN', 'Ticker', 'Index', 'Sector', 'Country', 'Director Name', 'DirectorID*', 'Director Role', 'ED/SD', 'Direct Compensation', 'Equity Linked', 'Total Compensation', 'Total Wealth']
df.shape: (2766, 16)
Done!
---
Filtering df by rows:
---
Found column that contains 'companyid', filtering by rows.
df.shape: (1867, 16)
df saved to: /project/kh_mercury_1/manager_and_board_characteristics/output/02_get_initial_datasets/02.1_boardex_filtered_by_columns_and_rows/NA - SMDEs Compensation - 2010.xlsx
Done!
-----------------------------------------------------------
File name (kept): NA - SMDEs Compensation - 2006.xlsx
Unique workbook name: SMDEs Compensation
List of sheets to open: ['Summary']
------
Sheet 0 : Summary
% NaNs in first row 0.0 <= 30%, taking header = row 0 as usual
df.shape: (4682, 16)
---
Filtering df by columns:
---
df.columns (after processing): Index(['Annual Report Year', 'Company Name', 'CompanyID*', 'ISIN', 'Ticker',
       'Index', 'Sector', 'Country', 'Director Name', 'DirectorID*',
       'Director Role', 'ED/SD', 'Direct Compensation', 'Equity Linked',
       'Total Compensation', 'Total Wealth'],
      dtype='object')
List of cols to keep (after processing): ['Annual Report Year', 'Company Name', 'CompanyID*', 'ISIN', 'Ticker', 'Index', 'Sector', 'Country', 'Director Name', 'DirectorID*', 'Director Role', 'ED/SD', 'Direct Compensation', 'Equity Linked', 'Total Compensation', 'Total Wealth']
df.shape: (4682, 16)
Done!
---
Filtering df by rows:
---
Found column that contains 'companyid', filtering by rows.
df.shape: (2111, 16)
df saved to: /project/kh_mercury_1/manager_and_board_characteristics/output/02_get_initial_datasets/02.1_boardex_filtered_by_columns_and_rows/NA - SMDEs Compensation - 2006.xlsx
Done!
-----------------------------------------------------------
File name (kept): NA - Compensation - 2010.xlsx
Unique workbook name: Compensation
List of sheets to open: ['Summary']
------
Sheet 0 : Summary
% NaNs in first row 0.0 <= 30%, taking header = row 0 as usual
df.shape: (7481, 16)
---
Filtering df by columns:
---
df.columns (after processing): Index(['Annual Report Year', 'Company Name', 'CompanyID*', 'ISIN', 'Ticker',
       'Index', 'Sector', 'Country', 'Director Name', 'DirectorID*',
       'Director Role', 'ED/SD', 'Direct Compensation', 'Equity Linked',
       'Total Compensation', 'Total Wealth'],
      dtype='object')
List of cols to keep (after processing): ['Annual Report Year', 'Company Name', 'CompanyID*', 'ISIN', 'Ticker', 'Index', 'Sector', 'Country', 'Director Name', 'DirectorID*', 'Director Role', 'ED/SD', 'Direct Compensation', 'Equity Linked', 'Total Compensation', 'Total Wealth']
df.shape: (7481, 16)
Done!
---
Filtering df by rows:
---
Found column that contains 'companyid', filtering by rows.
df.shape: (4589, 16)
df saved to: /project/kh_mercury_1/manager_and_board_characteristics/output/02_get_initial_datasets/02.1_boardex_filtered_by_columns_and_rows/NA - Compensation - 2010.xlsx
Done!
-----------------------------------------------------------
File name (kept): NA - Compensation - 2000.xlsx
Unique workbook name: Compensation
List of sheets to open: ['Summary']
------
Sheet 0 : Summary
% NaNs in first row 0.0 <= 30%, taking header = row 0 as usual
df.shape: (8792, 16)
---
Filtering df by columns:
---
df.columns (after processing): Index(['Annual Report Year', 'Company Name', 'CompanyID*', 'ISIN', 'Ticker',
       'Index', 'Sector', 'Country', 'Director Name', 'DirectorID*',
       'Director Role', 'ED/SD', 'Direct Compensation', 'Equity Linked',
       'Total Compensation', 'Total Wealth'],
      dtype='object')
List of cols to keep (after processing): ['Annual Report Year', 'Company Name', 'CompanyID*', 'ISIN', 'Ticker', 'Index', 'Sector', 'Country', 'Director Name', 'DirectorID*', 'Director Role', 'ED/SD', 'Direct Compensation', 'Equity Linked', 'Total Compensation', 'Total Wealth']
df.shape: (8792, 16)
Done!
---
Filtering df by rows:
---
Found column that contains 'companyid', filtering by rows.
df.shape: (3693, 16)
df saved to: /project/kh_mercury_1/manager_and_board_characteristics/output/02_get_initial_datasets/02.1_boardex_filtered_by_columns_and_rows/NA - Compensation - 2000.xlsx
Done!
-----------------------------------------------------------
File name (kept): NA - Compensation - 2005.xlsx
Unique workbook name: Compensation
List of sheets to open: ['Summary']
------
Sheet 0 : Summary
% NaNs in first row 0.0 <= 30%, taking header = row 0 as usual
df.shape: (11511, 16)
---
Filtering df by columns:
---
df.columns (after processing): Index(['Annual Report Year', 'Company Name', 'CompanyID*', 'ISIN', 'Ticker',
       'Index', 'Sector', 'Country', 'Director Name', 'DirectorID*',
       'Director Role', 'ED/SD', 'Direct Compensation', 'Equity Linked',
       'Total Compensation', 'Total Wealth'],
      dtype='object')
List of cols to keep (after processing): ['Annual Report Year', 'Company Name', 'CompanyID*', 'ISIN', 'Ticker', 'Index', 'Sector', 'Country', 'Director Name', 'DirectorID*', 'Director Role', 'ED/SD', 'Direct Compensation', 'Equity Linked', 'Total Compensation', 'Total Wealth']
df.shape: (11511, 16)
Done!
---
Filtering df by rows:
---
Found column that contains 'companyid', filtering by rows.
df.shape: (4640, 16)
df saved to: /project/kh_mercury_1/manager_and_board_characteristics/output/02_get_initial_datasets/02.1_boardex_filtered_by_columns_and_rows/NA - Compensation - 2005.xlsx
Done!
-----------------------------------------------------------
File name (kept): NA - SMDEs Compensation - 2005.xlsx
Unique workbook name: SMDEs Compensation
List of sheets to open: ['Summary']
------
Sheet 0 : Summary
% NaNs in first row 0.0 <= 30%, taking header = row 0 as usual
df.shape: (5396, 16)
---
Filtering df by columns:
---
df.columns (after processing): Index(['Annual Report Year', 'Company Name', 'CompanyID*', 'ISIN', 'Ticker',
       'Index', 'Sector', 'Country', 'Director Name', 'DirectorID*',
       'Director Role', 'ED/SD', 'Direct Compensation', 'Equity Linked',
       'Total Compensation', 'Total Wealth'],
      dtype='object')
List of cols to keep (after processing): ['Annual Report Year', 'Company Name', 'CompanyID*', 'ISIN', 'Ticker', 'Index', 'Sector', 'Country', 'Director Name', 'DirectorID*', 'Director Role', 'ED/SD', 'Direct Compensation', 'Equity Linked', 'Total Compensation', 'Total Wealth']
df.shape: (5396, 16)
Done!
---
Filtering df by rows:
---
Found column that contains 'companyid', filtering by rows.
df.shape: (2167, 16)
df saved to: /project/kh_mercury_1/manager_and_board_characteristics/output/02_get_initial_datasets/02.1_boardex_filtered_by_columns_and_rows/NA - SMDEs Compensation - 2005.xlsx
Done!
-----------------------------------------------------------
File name (kept): NA - Compensation - 2013.xlsx
Unique workbook name: Compensation
List of sheets to open: ['Summary']
------
Sheet 0 : Summary
% NaNs in first row 0.0 <= 30%, taking header = row 0 as usual
df.shape: (7112, 16)
---
Filtering df by columns:
---
df.columns (after processing): Index(['Annual Report Year', 'Company Name', 'CompanyID*', 'ISIN', 'Ticker',
       'Index', 'Sector', 'Country', 'Director Name', 'DirectorID*',
       'Director Role', 'ED/SD', 'Direct Compensation', 'Equity Linked',
       'Total Compensation', 'Total Wealth'],
      dtype='object')
List of cols to keep (after processing): ['Annual Report Year', 'Company Name', 'CompanyID*', 'ISIN', 'Ticker', 'Index', 'Sector', 'Country', 'Director Name', 'DirectorID*', 'Director Role', 'ED/SD', 'Direct Compensation', 'Equity Linked', 'Total Compensation', 'Total Wealth']
df.shape: (7112, 16)
Done!
---
Filtering df by rows:
---
Found column that contains 'companyid', filtering by rows.
df.shape: (4680, 16)
df saved to: /project/kh_mercury_1/manager_and_board_characteristics/output/02_get_initial_datasets/02.1_boardex_filtered_by_columns_and_rows/NA - Compensation - 2013.xlsx
Done!
-----------------------------------------------------------
File name (kept): NA - Compensation - 2017.xlsx
Unique workbook name: Compensation
List of sheets to open: ['Summary']
------
Sheet 0 : Summary
% NaNs in first row 0.0 <= 30%, taking header = row 0 as usual
df.shape: (6866, 16)
---
Filtering df by columns:
---
df.columns (after processing): Index(['Annual Report Year', 'Company Name', 'CompanyID*', 'ISIN', 'Ticker',
       'Index', 'Sector', 'Country', 'Director Name', 'DirectorID*',
       'Director Role', 'ED/SD', 'Direct Compensation', 'Equity Linked',
       'Total Compensation', 'Total Wealth'],
      dtype='object')
List of cols to keep (after processing): ['Annual Report Year', 'Company Name', 'CompanyID*', 'ISIN', 'Ticker', 'Index', 'Sector', 'Country', 'Director Name', 'DirectorID*', 'Director Role', 'ED/SD', 'Direct Compensation', 'Equity Linked', 'Total Compensation', 'Total Wealth']
df.shape: (6866, 16)
Done!
---
Filtering df by rows:
---
Found column that contains 'companyid', filtering by rows.
df.shape: (4623, 16)
df saved to: /project/kh_mercury_1/manager_and_board_characteristics/output/02_get_initial_datasets/02.1_boardex_filtered_by_columns_and_rows/NA - Compensation - 2017.xlsx
Done!
-----------------------------------------------------------
File name (kept): NA - Compensation - 2012.xlsx
Unique workbook name: Compensation
List of sheets to open: ['Summary']
------
Sheet 0 : Summary
% NaNs in first row 0.0 <= 30%, taking header = row 0 as usual
df.shape: (7059, 16)
---
Filtering df by columns:
---
df.columns (after processing): Index(['Annual Report Year', 'Company Name', 'CompanyID*', 'ISIN', 'Ticker',
       'Index', 'Sector', 'Country', 'Director Name', 'DirectorID*',
       'Director Role', 'ED/SD', 'Direct Compensation', 'Equity Linked',
       'Total Compensation', 'Total Wealth'],
      dtype='object')
List of cols to keep (after processing): ['Annual Report Year', 'Company Name', 'CompanyID*', 'ISIN', 'Ticker', 'Index', 'Sector', 'Country', 'Director Name', 'DirectorID*', 'Director Role', 'ED/SD', 'Direct Compensation', 'Equity Linked', 'Total Compensation', 'Total Wealth']
df.shape: (7059, 16)
Done!
---
Filtering df by rows:
---
Found column that contains 'companyid', filtering by rows.
df.shape: (4647, 16)
df saved to: /project/kh_mercury_1/manager_and_board_characteristics/output/02_get_initial_datasets/02.1_boardex_filtered_by_columns_and_rows/NA - Compensation - 2012.xlsx
Done!
-----------------------------------------------------------
File name (kept): NA - Compensation - Current.xlsx
Unique workbook name: Compensation
List of sheets to open: ['Summary']
------
Sheet 0 : Summary
% NaNs in first row 0.0 <= 30%, taking header = row 0 as usual
df.shape: (6520, 16)
---
Filtering df by columns:
---
df.columns (after processing): Index(['Annual Report Year', 'Company Name', 'CompanyID*', 'ISIN', 'Ticker',
       'Index', 'Sector', 'Country', 'Director Name', 'DirectorID*',
       'Director Role', 'ED/SD', 'Direct Compensation', 'Equity Linked',
       'Total Compensation', 'Total Wealth'],
      dtype='object')
List of cols to keep (after processing): ['Annual Report Year', 'Company Name', 'CompanyID*', 'ISIN', 'Ticker', 'Index', 'Sector', 'Country', 'Director Name', 'DirectorID*', 'Director Role', 'ED/SD', 'Direct Compensation', 'Equity Linked', 'Total Compensation', 'Total Wealth']
df.shape: (6520, 16)
Done!
---
Filtering df by rows:
---
Found column that contains 'companyid', filtering by rows.
df.shape: (4384, 16)
df saved to: /project/kh_mercury_1/manager_and_board_characteristics/output/02_get_initial_datasets/02.1_boardex_filtered_by_columns_and_rows/NA - Compensation - Current.xlsx
Done!
-----------------------------------------------------------
File name (kept): NA - Compensation - 1999.xlsx
Unique workbook name: Compensation
List of sheets to open: ['Summary']
------
Sheet 0 : Summary
% NaNs in first row 0.0 <= 30%, taking header = row 0 as usual
df.shape: (1178, 16)
---
Filtering df by columns:
---
df.columns (after processing): Index(['Annual Report Year', 'Company Name', 'CompanyID*', 'ISIN', 'Ticker',
       'Index', 'Sector', 'Country', 'Director Name', 'DirectorID*',
       'Director Role', 'ED/SD', 'Direct Compensation', 'Equity Linked',
       'Total Compensation', 'Total Wealth'],
      dtype='object')
List of cols to keep (after processing): ['Annual Report Year', 'Company Name', 'CompanyID*', 'ISIN', 'Ticker', 'Index', 'Sector', 'Country', 'Director Name', 'DirectorID*', 'Director Role', 'ED/SD', 'Direct Compensation', 'Equity Linked', 'Total Compensation', 'Total Wealth']
df.shape: (1178, 16)
Done!
---
Filtering df by rows:
---
Found column that contains 'companyid', filtering by rows.
df.shape: (663, 16)
df saved to: /project/kh_mercury_1/manager_and_board_characteristics/output/02_get_initial_datasets/02.1_boardex_filtered_by_columns_and_rows/NA - Compensation - 1999.xlsx
Done!
-----------------------------------------------------------
File name (kept): NA - Compensation - 2021.xlsx
Unique workbook name: Compensation
List of sheets to open: ['Summary']
------
Sheet 0 : Summary
% NaNs in first row 0.0 <= 30%, taking header = row 0 as usual
df.shape: (131, 16)
---
Filtering df by columns:
---
df.columns (after processing): Index(['Annual Report Year', 'Company Name', 'CompanyID*', 'ISIN', 'Ticker',
       'Index', 'Sector', 'Country', 'Director Name', 'DirectorID*',
       'Director Role', 'ED/SD', 'Direct Compensation', 'Equity Linked',
       'Total Compensation', 'Total Wealth'],
      dtype='object')
List of cols to keep (after processing): ['Annual Report Year', 'Company Name', 'CompanyID*', 'ISIN', 'Ticker', 'Index', 'Sector', 'Country', 'Director Name', 'DirectorID*', 'Director Role', 'ED/SD', 'Direct Compensation', 'Equity Linked', 'Total Compensation', 'Total Wealth']
df.shape: (131, 16)
Done!
---
Filtering df by rows:
---
Found column that contains 'companyid', filtering by rows.
df.shape: (117, 16)
df saved to: /project/kh_mercury_1/manager_and_board_characteristics/output/02_get_initial_datasets/02.1_boardex_filtered_by_columns_and_rows/NA - Compensation - 2021.xlsx
Done!
-----------------------------------------------------------
File name (kept): NA - Compensation - 2008.xlsx
Unique workbook name: Compensation
List of sheets to open: ['Summary']
------
Sheet 0 : Summary
% NaNs in first row 0.0 <= 30%, taking header = row 0 as usual
df.shape: (8552, 16)
---
Filtering df by columns:
---
df.columns (after processing): Index(['Annual Report Year', 'Company Name', 'CompanyID*', 'ISIN', 'Ticker',
       'Index', 'Sector', 'Country', 'Director Name', 'DirectorID*',
       'Director Role', 'ED/SD', 'Direct Compensation', 'Equity Linked',
       'Total Compensation', 'Total Wealth'],
      dtype='object')
List of cols to keep (after processing): ['Annual Report Year', 'Company Name', 'CompanyID*', 'ISIN', 'Ticker', 'Index', 'Sector', 'Country', 'Director Name', 'DirectorID*', 'Director Role', 'ED/SD', 'Direct Compensation', 'Equity Linked', 'Total Compensation', 'Total Wealth']
df.shape: (8552, 16)
Done!
---
Filtering df by rows:
---
Found column that contains 'companyid', filtering by rows.
df.shape: (4533, 16)
df saved to: /project/kh_mercury_1/manager_and_board_characteristics/output/02_get_initial_datasets/02.1_boardex_filtered_by_columns_and_rows/NA - Compensation - 2008.xlsx
Done!
-----------------------------------------------------------
File name (kept): NA - Compensation - 2009.xlsx
Unique workbook name: Compensation
List of sheets to open: ['Summary']
------
Sheet 0 : Summary
% NaNs in first row 0.0 <= 30%, taking header = row 0 as usual
df.shape: (7712, 16)
---
Filtering df by columns:
---
df.columns (after processing): Index(['Annual Report Year', 'Company Name', 'CompanyID*', 'ISIN', 'Ticker',
       'Index', 'Sector', 'Country', 'Director Name', 'DirectorID*',
       'Director Role', 'ED/SD', 'Direct Compensation', 'Equity Linked',
       'Total Compensation', 'Total Wealth'],
      dtype='object')
List of cols to keep (after processing): ['Annual Report Year', 'Company Name', 'CompanyID*', 'ISIN', 'Ticker', 'Index', 'Sector', 'Country', 'Director Name', 'DirectorID*', 'Director Role', 'ED/SD', 'Direct Compensation', 'Equity Linked', 'Total Compensation', 'Total Wealth']
df.shape: (7712, 16)
Done!
---
Filtering df by rows:
---
Found column that contains 'companyid', filtering by rows.
df.shape: (4565, 16)
df saved to: /project/kh_mercury_1/manager_and_board_characteristics/output/02_get_initial_datasets/02.1_boardex_filtered_by_columns_and_rows/NA - Compensation - 2009.xlsx
Done!
-----------------------------------------------------------
File name (kept): NA - SMDEs Compensation - Current.xlsx
Unique workbook name: SMDEs Compensation
List of sheets to open: ['Summary']
------
Sheet 0 : Summary
% NaNs in first row 0.0 <= 30%, taking header = row 0 as usual
df.shape: (2377, 16)
---
Filtering df by columns:
---
df.columns (after processing): Index(['Annual Report Year', 'Company Name', 'CompanyID*', 'ISIN', 'Ticker',
       'Index', 'Sector', 'Country', 'Director Name', 'DirectorID*',
       'Director Role', 'ED/SD', 'Direct Compensation', 'Equity Linked',
       'Total Compensation', 'Total Wealth'],
      dtype='object')
List of cols to keep (after processing): ['Annual Report Year', 'Company Name', 'CompanyID*', 'ISIN', 'Ticker', 'Index', 'Sector', 'Country', 'Director Name', 'DirectorID*', 'Director Role', 'ED/SD', 'Direct Compensation', 'Equity Linked', 'Total Compensation', 'Total Wealth']
df.shape: (2377, 16)
Done!
---
Filtering df by rows:
---
Found column that contains 'companyid', filtering by rows.
df.shape: (1603, 16)
df saved to: /project/kh_mercury_1/manager_and_board_characteristics/output/02_get_initial_datasets/02.1_boardex_filtered_by_columns_and_rows/NA - SMDEs Compensation - Current.xlsx
Done!
-----------------------------------------------------------
File name (kept): NA - Compensation - 2020.xlsx
Unique workbook name: Compensation
List of sheets to open: ['Summary']
------
Sheet 0 : Summary
% NaNs in first row 0.0 <= 30%, taking header = row 0 as usual
df.shape: (2421, 16)
---
Filtering df by columns:
---
df.columns (after processing): Index(['Annual Report Year', 'Company Name', 'CompanyID*', 'ISIN', 'Ticker',
       'Index', 'Sector', 'Country', 'Director Name', 'DirectorID*',
       'Director Role', 'ED/SD', 'Direct Compensation', 'Equity Linked',
       'Total Compensation', 'Total Wealth'],
      dtype='object')
List of cols to keep (after processing): ['Annual Report Year', 'Company Name', 'CompanyID*', 'ISIN', 'Ticker', 'Index', 'Sector', 'Country', 'Director Name', 'DirectorID*', 'Director Role', 'ED/SD', 'Direct Compensation', 'Equity Linked', 'Total Compensation', 'Total Wealth']
df.shape: (2421, 16)
Done!
---
Filtering df by rows:
---
Found column that contains 'companyid', filtering by rows.
df.shape: (1663, 16)
df saved to: /project/kh_mercury_1/manager_and_board_characteristics/output/02_get_initial_datasets/02.1_boardex_filtered_by_columns_and_rows/NA - Compensation - 2020.xlsx
Done!
-----------------------------------------------------------
File name (kept): NA - SMDEs Compensation - 2002.xlsx
Unique workbook name: SMDEs Compensation
List of sheets to open: ['Summary']
------
Sheet 0 : Summary
% NaNs in first row 0.0 <= 30%, taking header = row 0 as usual
df.shape: (5366, 16)
---
Filtering df by columns:
---
df.columns (after processing): Index(['Annual Report Year', 'Company Name', 'CompanyID*', 'ISIN', 'Ticker',
       'Index', 'Sector', 'Country', 'Director Name', 'DirectorID*',
       'Director Role', 'ED/SD', 'Direct Compensation', 'Equity Linked',
       'Total Compensation', 'Total Wealth'],
      dtype='object')
List of cols to keep (after processing): ['Annual Report Year', 'Company Name', 'CompanyID*', 'ISIN', 'Ticker', 'Index', 'Sector', 'Country', 'Director Name', 'DirectorID*', 'Director Role', 'ED/SD', 'Direct Compensation', 'Equity Linked', 'Total Compensation', 'Total Wealth']
df.shape: (5366, 16)
Done!
---
Filtering df by rows:
---
Found column that contains 'companyid', filtering by rows.
df.shape: (1941, 16)
df saved to: /project/kh_mercury_1/manager_and_board_characteristics/output/02_get_initial_datasets/02.1_boardex_filtered_by_columns_and_rows/NA - SMDEs Compensation - 2002.xlsx
Done!
-----------------------------------------------------------
File name (kept): NA - SMDEs Compensation - 2014.xlsx
Unique workbook name: SMDEs Compensation
List of sheets to open: ['Summary']
------
Sheet 0 : Summary
% NaNs in first row 0.0 <= 30%, taking header = row 0 as usual
df.shape: (2809, 16)
---
Filtering df by columns:
---
df.columns (after processing): Index(['Annual Report Year', 'Company Name', 'CompanyID*', 'ISIN', 'Ticker',
       'Index', 'Sector', 'Country', 'Director Name', 'DirectorID*',
       'Director Role', 'ED/SD', 'Direct Compensation', 'Equity Linked',
       'Total Compensation', 'Total Wealth'],
      dtype='object')
List of cols to keep (after processing): ['Annual Report Year', 'Company Name', 'CompanyID*', 'ISIN', 'Ticker', 'Index', 'Sector', 'Country', 'Director Name', 'DirectorID*', 'Director Role', 'ED/SD', 'Direct Compensation', 'Equity Linked', 'Total Compensation', 'Total Wealth']
df.shape: (2809, 16)
Done!
---
Filtering df by rows:
---
Found column that contains 'companyid', filtering by rows.
df.shape: (1914, 16)
df saved to: /project/kh_mercury_1/manager_and_board_characteristics/output/02_get_initial_datasets/02.1_boardex_filtered_by_columns_and_rows/NA - SMDEs Compensation - 2014.xlsx
Done!
-----------------------------------------------------------
File name (kept): NA - Compensation - 2001.xlsx
Unique workbook name: Compensation
List of sheets to open: ['Summary']
------
Sheet 0 : Summary
% NaNs in first row 0.0 <= 30%, taking header = row 0 as usual
df.shape: (10337, 16)
---
Filtering df by columns:
---
df.columns (after processing): Index(['Annual Report Year', 'Company Name', 'CompanyID*', 'ISIN', 'Ticker',
       'Index', 'Sector', 'Country', 'Director Name', 'DirectorID*',
       'Director Role', 'ED/SD', 'Direct Compensation', 'Equity Linked',
       'Total Compensation', 'Total Wealth'],
      dtype='object')
List of cols to keep (after processing): ['Annual Report Year', 'Company Name', 'CompanyID*', 'ISIN', 'Ticker', 'Index', 'Sector', 'Country', 'Director Name', 'DirectorID*', 'Director Role', 'ED/SD', 'Direct Compensation', 'Equity Linked', 'Total Compensation', 'Total Wealth']
df.shape: (10337, 16)
Done!
---
Filtering df by rows:
---
Found column that contains 'companyid', filtering by rows.
df.shape: (4012, 16)
df saved to: /project/kh_mercury_1/manager_and_board_characteristics/output/02_get_initial_datasets/02.1_boardex_filtered_by_columns_and_rows/NA - Compensation - 2001.xlsx
Done!
-----------------------------------------------------------
File name (kept): NA - SMDEs Compensation - 2009.xlsx
Unique workbook name: SMDEs Compensation
List of sheets to open: ['Summary']
------
Sheet 0 : Summary
% NaNs in first row 0.0 <= 30%, taking header = row 0 as usual
df.shape: (3116, 16)
---
Filtering df by columns:
---
df.columns (after processing): Index(['Annual Report Year', 'Company Name', 'CompanyID*', 'ISIN', 'Ticker',
       'Index', 'Sector', 'Country', 'Director Name', 'DirectorID*',
       'Director Role', 'ED/SD', 'Direct Compensation', 'Equity Linked',
       'Total Compensation', 'Total Wealth'],
      dtype='object')
List of cols to keep (after processing): ['Annual Report Year', 'Company Name', 'CompanyID*', 'ISIN', 'Ticker', 'Index', 'Sector', 'Country', 'Director Name', 'DirectorID*', 'Director Role', 'ED/SD', 'Direct Compensation', 'Equity Linked', 'Total Compensation', 'Total Wealth']
df.shape: (3116, 16)
Done!
---
Filtering df by rows:
---
Found column that contains 'companyid', filtering by rows.
df.shape: (1984, 16)
df saved to: /project/kh_mercury_1/manager_and_board_characteristics/output/02_get_initial_datasets/02.1_boardex_filtered_by_columns_and_rows/NA - SMDEs Compensation - 2009.xlsx
Done!
-----------------------------------------------------------
File name (kept): NA - SMDEs Compensation - 2012.xlsx
Unique workbook name: SMDEs Compensation
List of sheets to open: ['Summary']
------
Sheet 0 : Summary
% NaNs in first row 0.0 <= 30%, taking header = row 0 as usual
df.shape: (2766, 16)
---
Filtering df by columns:
---
df.columns (after processing): Index(['Annual Report Year', 'Company Name', 'CompanyID*', 'ISIN', 'Ticker',
       'Index', 'Sector', 'Country', 'Director Name', 'DirectorID*',
       'Director Role', 'ED/SD', 'Direct Compensation', 'Equity Linked',
       'Total Compensation', 'Total Wealth'],
      dtype='object')
List of cols to keep (after processing): ['Annual Report Year', 'Company Name', 'CompanyID*', 'ISIN', 'Ticker', 'Index', 'Sector', 'Country', 'Director Name', 'DirectorID*', 'Director Role', 'ED/SD', 'Direct Compensation', 'Equity Linked', 'Total Compensation', 'Total Wealth']
df.shape: (2766, 16)
Done!
---
Filtering df by rows:
---
Found column that contains 'companyid', filtering by rows.
df.shape: (1883, 16)
df saved to: /project/kh_mercury_1/manager_and_board_characteristics/output/02_get_initial_datasets/02.1_boardex_filtered_by_columns_and_rows/NA - SMDEs Compensation - 2012.xlsx
Done!
-----------------------------------------------------------
File name (kept): NA - SMDEs Compensation - 2021.xlsx
Unique workbook name: SMDEs Compensation
List of sheets to open: ['Summary']
------
Sheet 0 : Summary
% NaNs in first row 0.0 <= 30%, taking header = row 0 as usual
df.shape: (46, 16)
---
Filtering df by columns:
---
df.columns (after processing): Index(['Annual Report Year', 'Company Name', 'CompanyID*', 'ISIN', 'Ticker',
       'Index', 'Sector', 'Country', 'Director Name', 'DirectorID*',
       'Director Role', 'ED/SD', 'Direct Compensation', 'Equity Linked',
       'Total Compensation', 'Total Wealth'],
      dtype='object')
List of cols to keep (after processing): ['Annual Report Year', 'Company Name', 'CompanyID*', 'ISIN', 'Ticker', 'Index', 'Sector', 'Country', 'Director Name', 'DirectorID*', 'Director Role', 'ED/SD', 'Direct Compensation', 'Equity Linked', 'Total Compensation', 'Total Wealth']
df.shape: (46, 16)
Done!
---
Filtering df by rows:
---
Found column that contains 'companyid', filtering by rows.
df.shape: (41, 16)
df saved to: /project/kh_mercury_1/manager_and_board_characteristics/output/02_get_initial_datasets/02.1_boardex_filtered_by_columns_and_rows/NA - SMDEs Compensation - 2021.xlsx
Done!
-----------------------------------------------------------
File name (kept): NA - SMDEs Compensation - 2007.xlsx
Unique workbook name: SMDEs Compensation
List of sheets to open: ['Summary']
------
Sheet 0 : Summary
% NaNs in first row 0.0 <= 30%, taking header = row 0 as usual
df.shape: (3961, 16)
---
Filtering df by columns:
---
/home/jasonjia/.local/lib/python3.8/site-packages/openpyxl/worksheet/_reader.py:329: UserWarning: Conditional Formatting extension is not supported and will be removed
  warn(msg)
df.columns (after processing): Index(['Annual Report Year', 'Company Name', 'CompanyID*', 'ISIN', 'Ticker',
       'Index', 'Sector', 'Country', 'Director Name', 'DirectorID*',
       'Director Role', 'ED/SD', 'Direct Compensation', 'Equity Linked',
       'Total Compensation', 'Total Wealth'],
      dtype='object')
List of cols to keep (after processing): ['Annual Report Year', 'Company Name', 'CompanyID*', 'ISIN', 'Ticker', 'Index', 'Sector', 'Country', 'Director Name', 'DirectorID*', 'Director Role', 'ED/SD', 'Direct Compensation', 'Equity Linked', 'Total Compensation', 'Total Wealth']
df.shape: (3961, 16)
Done!
---
Filtering df by rows:
---
Found column that contains 'companyid', filtering by rows.
df.shape: (2097, 16)
df saved to: /project/kh_mercury_1/manager_and_board_characteristics/output/02_get_initial_datasets/02.1_boardex_filtered_by_columns_and_rows/NA - SMDEs Compensation - 2007.xlsx
Done!
-----------------------------------------------------------
File name (kept): NA - Compensation - 2014.xlsx
Unique workbook name: Compensation
List of sheets to open: ['Summary']
------
Sheet 0 : Summary
% NaNs in first row 0.0 <= 30%, taking header = row 0 as usual
df.shape: (6970, 16)
---
Filtering df by columns:
---
df.columns (after processing): Index(['Annual Report Year', 'Company Name', 'CompanyID*', 'ISIN', 'Ticker',
       'Index', 'Sector', 'Country', 'Director Name', 'DirectorID*',
       'Director Role', 'ED/SD', 'Direct Compensation', 'Equity Linked',
       'Total Compensation', 'Total Wealth'],
      dtype='object')
List of cols to keep (after processing): ['Annual Report Year', 'Company Name', 'CompanyID*', 'ISIN', 'Ticker', 'Index', 'Sector', 'Country', 'Director Name', 'DirectorID*', 'Director Role', 'ED/SD', 'Direct Compensation', 'Equity Linked', 'Total Compensation', 'Total Wealth']
df.shape: (6970, 16)
Done!
---
Filtering df by rows:
---
Found column that contains 'companyid', filtering by rows.
df.shape: (4583, 16)
df saved to: /project/kh_mercury_1/manager_and_board_characteristics/output/02_get_initial_datasets/02.1_boardex_filtered_by_columns_and_rows/NA - Compensation - 2014.xlsx
Done!
-----------------------------------------------------------
List of files kept: ['Europe - SMDEs Compensation - 2004.xlsx', 'Europe - Compensation - 2013.xlsx', 'Europe - Compensation - 2021.xlsx', 'Europe - SMDEs Compensation - 2007.xlsx', 'Europe - Compensation - 2000.xlsx', 'Europe - Company Network - 9.xlsx', 'Europe - Company Network - 8.xlsx', 'Europe - Company Network - 4.xlsx', 'Europe - Company Network - 5.xlsx', 'Europe - Company Network - 11.xlsx', 'Europe - Company Network - 10.xlsx', 'Europe - Company Network - 6.xlsx', 'Europe - Company Network - 1.xlsx', 'Europe - Company Network - 12.xlsx', 'Europe - Company Network - 3.xlsx', 'Europe - Company Network - 13.xlsx', 'Europe - Company Network - 7.xlsx', 'Europe - Company Network - 2.xlsx', 'NA - Compensation - 2003.xlsx', 'NA - SMDEs Compensation - 2004.xlsx', 'NA - Compensation - 2016.xlsx', 'NA - Compensation - 2018.xlsx', 'NA - Compensation - 2019.xlsx', 'NA - SMDEs Compensation - 2008.xlsx', 'NA - Compensation - 2002.xlsx', 'NA - SMDEs Compensation - 2017.xlsx', 'NA - SMDEs Compensation - 2010.xlsx', 'NA - SMDEs Compensation - 2006.xlsx', 'NA - Compensation - 2010.xlsx', 'NA - Compensation - 2000.xlsx', 'NA - Compensation - 2005.xlsx', 'NA - SMDEs Compensation - 2005.xlsx', 'NA - Compensation - 2013.xlsx', 'NA - Compensation - 2017.xlsx', 'NA - Compensation - 2012.xlsx', 'NA - Compensation - Current.xlsx', 'NA - Compensation - 1999.xlsx', 'NA - Compensation - 2021.xlsx', 'NA - Compensation - 2008.xlsx', 'NA - Compensation - 2009.xlsx', 'NA - SMDEs Compensation - Current.xlsx', 'NA - Compensation - 2020.xlsx', 'NA - SMDEs Compensation - 2002.xlsx', 'NA - SMDEs Compensation - 2014.xlsx', 'NA - Compensation - 2001.xlsx', 'NA - SMDEs Compensation - 2009.xlsx', 'NA - SMDEs Compensation - 2012.xlsx', 'NA - SMDEs Compensation - 2021.xlsx', 'NA - SMDEs Compensation - 2007.xlsx', 'NA - Compensation - 2014.xlsx']
------
List of files not kept: []
Done!
