-----------------------------------------------------------
Output from Shell Script:
Job ID: 8828769
Job User: jasonjia
Num Cores: 16
Array(Task ID): 11 of 16
Program Path: filter_output_by_columns.py
File path of .xslx containing list of columns in Boardex and ExecuComp: /project/kh_mercury_1/boardex/data/boardex_colstokeep/List_of_Variables_for_Boardex_and_Execucomp_230322.xlsx
Input Folder: /project/kh_mercury_1/boardex/data/output
Output Folder: /project/kh_mercury_1/boardex/data/output_filtered_by_columns
-----------------------------------------------------------
Output from Python Script:
This is array 11 / 16
File path of .xslx containing list of columns in Boardex and ExecuComp: /project/kh_mercury_1/boardex/data/boardex_colstokeep/List_of_Variables_for_Boardex_and_Execucomp_230322.xlsx
Input Folder (containing .xlsx filtered by isins): /project/kh_mercury_1/boardex/data/output
Output Folder (after we further filter by columns): /project/kh_mercury_1/boardex/data/output_filtered_by_columns
Total number of files in input folder: 3138
This process will cover file(s): 1961 to 2156
-----------------------------------------------------------
File name (kept): ROW - SMDEs Org Summary - 1_filtered.xlsx
Unique workbook name: SMDEs Org Summary
List of sheets to open: ['Board Summary']
------
Sheet 0 : Board Summary
% NaNs in first row 0.0 <= 50%, taking header = row 0 as usual
df.columns (before processing): Index(['Annual Report Year', 'Country', 'CompanyID*', 'Company Name', 'ISIN',
       'Ticker', 'Index', 'Sector', 'Director Type (ED , SD or SM)',
       'DirectorID*', 'Individual Name', 'Individual Role',
       'Director Network Size', 'Time to Retirement', 'Time in Role',
       'Time on Board', 'Time in Company',
       'Total Number of Quoted Boards to Date',
       'Total Number of Private Boards to Date',
       'Total Number of Other Boards to Date',
       'Total Number of Quoted Current Boards',
       'Total Number of Private Current Boards',
       'Total Number of Other Current Boards',
       'Avg. Yrs on Other Quoted Boards', 'Age (Yrs)',
       'Number of Qualifications', 'Gender', 'Nationality Mix',
       'Bonus/ (Bonus&Salary)', 'Equity Linked/ Total', 'Performance/ Total',
       '%Change from Last Period', 'Wealth Delta', 'Salary', 'Bonus',
       'D.C Pension', 'Other', 'Total Salary+Bonus',
       'Total Inc. D.C. Pension & Other', 'Shares', 'LTIPS(max)',
       'Vesting Date', 'Intrinsic Options (excercisable)',
       'Intrinsic Options (unexercisable)', 'Estimated Options (exercisable)',
       'Estimated Options (unexcercisable)', 'Share Price',
       'Total Equity Linked Compensation ', 'Total Annual Compensation',
       'Shares.1', 'LTIPS(max).1', 'Intrinsic Option', 'Estimated Option',
       'Liquid Wealth', 'Total Wealth',
       'AUDIT COMMITTEE MEMBER   (if yes then put M)',
       'REMUNERATION/ COMPENSATION COMMITTEE MEMBER',
       'NOMINATION COMMITTEE MEMBER', 'AUDIT COMMITTEE SIZE',
       'REMUNERATION/ COMPENSATION COMMITTEE SIZE',
       'NOMINATION COMMITTEE SIZE'],
      dtype='object')
df.columns (after processing): Index(['Annual Report Year', 'Country', 'CompanyID*', 'Company Name', 'ISIN',
       'Ticker', 'Index', 'Sector', 'Director Type', 'DirectorID*',
       'Individual Name', 'Individual Role', 'Director Network Size',
       'Time to Retirement', 'Time in Role', 'Time on Board',
       'Time in Company', 'Total Number of Quoted Boards to Date',
       'Total Number of Private Boards to Date',
       'Total Number of Other Boards to Date',
       'Total Number of Quoted Current Boards',
       'Total Number of Private Current Boards',
       'Total Number of Other Current Boards',
       'Avg. Yrs on Other Quoted Boards', 'Age (Yrs)',
       'Number of Qualifications', 'Gender', 'Nationality Mix',
       'Bonus/ (Bonus&Salary)', 'Equity Linked/ Total', 'Performance/ Total',
       '%Change from Last Period', 'Wealth Delta', 'Salary', 'Bonus',
       'D.C Pension', 'Other', 'Total Salary+Bonus',
       'Total Inc. D.C. Pension & Other', 'Shares', 'LTIPS(max)',
       'Vesting Date', 'Intrinsic Options (excercisable)',
       'Intrinsic Options (unexercisable)', 'Estimated Options (exercisable)',
       'Estimated Options (unexcercisable)', 'Share Price',
       'Total Equity Linked Compensation', 'Total Annual Compensation',
       'Shares.1', 'LTIPS(max).1', 'Intrinsic Option', 'Estimated Option',
       'Liquid Wealth', 'Total Wealth',
       'AUDIT COMMITTEE MEMBER   (if yes then put M)',
       'REMUNERATION/ COMPENSATION COMMITTEE MEMBER',
       'NOMINATION COMMITTEE MEMBER', 'AUDIT COMMITTEE SIZE',
       'REMUNERATION/ COMPENSATION COMMITTEE SIZE',
       'NOMINATION COMMITTEE SIZE'],
      dtype='object')
List of cols to keep (before processing): ['Annual Report Year', 'CompanyID*', 'Company Name', 'ISIN', 'Sector', 'Director Type', 'DirectorID*', 'Individual Name', 'Individual Role', 'Time in Role', 'Time on Board', 'Time in Company', 'Total Number of Quoted Boards to Date', 'Age (Yrs)', 'Gender', 'Nationality Mix', 'Bonus/ (Bonus&Salary)', 'Equity Linked/ Total', 'Performance/ Total', 'Salary', 'Total Annual Compensation ']
List of cols to keep (after processing): ['Annual Report Year', 'CompanyID*', 'Company Name', 'ISIN', 'Sector', 'Director Type', 'DirectorID*', 'Individual Name', 'Individual Role', 'Time in Role', 'Time on Board', 'Time in Company', 'Total Number of Quoted Boards to Date', 'Age (Yrs)', 'Gender', 'Nationality Mix', 'Bonus/ (Bonus&Salary)', 'Equity Linked/ Total', 'Performance/ Total', 'Salary', 'Total Annual Compensation']
df saved to: /project/kh_mercury_1/boardex/data/output_filtered_by_columns/ROW - SMDEs Org Summary - 1_filtered_cols.xlsx
-----------------------------------------------------------
File name (kept): UK - SMDEs Org Summary_filtered.xlsx
Unique workbook name: SMDEs Org Summary
List of sheets to open: ['Board Summary']
------
Sheet 0 : Board Summary
% NaNs in first row 0.0 <= 50%, taking header = row 0 as usual
df.columns (before processing): Index(['Annual Report Year', 'Country', 'CompanyID*', 'Company Name', 'ISIN',
       'Ticker', 'Index', 'Sector', 'Director Type (ED , SD or SM)',
       'DirectorID*', 'Individual Name', 'Individual Role',
       'Director Network Size', 'Time to Retirement', 'Time in Role',
       'Time on Board', 'Time in Company',
       'Total Number of Quoted Boards to Date',
       'Total Number of Private Boards to Date',
       'Total Number of Other Boards to Date',
       'Total Number of Quoted Current Boards',
       'Total Number of Private Current Boards',
       'Total Number of Other Current Boards',
       'Avg. Yrs on Other Quoted Boards', 'Age (Yrs)',
       'Number of Qualifications', 'Gender', 'Nationality Mix',
       'Bonus/ (Bonus&Salary)', 'Equity Linked/ Total', 'Performance/ Total',
       '%Change from Last Period', 'Wealth Delta', 'Salary', 'Bonus',
       'D.C Pension', 'Other', 'Total Salary+Bonus',
       'Total Inc. D.C. Pension & Other', 'Shares', 'LTIPS(max)',
       'Vesting Date', 'Intrinsic Options (excercisable)',
       'Intrinsic Options (unexercisable)', 'Estimated Options (exercisable)',
       'Estimated Options (unexcercisable)', 'Share Price',
       'Total Equity Linked Compensation ', 'Total Annual Compensation',
       'Shares.1', 'LTIPS(max).1', 'Intrinsic Option', 'Estimated Option',
       'Liquid Wealth', 'Total Wealth',
       'AUDIT COMMITTEE MEMBER   (if yes then put M)',
       'REMUNERATION/ COMPENSATION COMMITTEE MEMBER',
       'NOMINATION COMMITTEE MEMBER', 'AUDIT COMMITTEE SIZE',
       'REMUNERATION/ COMPENSATION COMMITTEE SIZE',
       'NOMINATION COMMITTEE SIZE'],
      dtype='object')
df.columns (after processing): Index(['Annual Report Year', 'Country', 'CompanyID*', 'Company Name', 'ISIN',
       'Ticker', 'Index', 'Sector', 'Director Type', 'DirectorID*',
       'Individual Name', 'Individual Role', 'Director Network Size',
       'Time to Retirement', 'Time in Role', 'Time on Board',
       'Time in Company', 'Total Number of Quoted Boards to Date',
       'Total Number of Private Boards to Date',
       'Total Number of Other Boards to Date',
       'Total Number of Quoted Current Boards',
       'Total Number of Private Current Boards',
       'Total Number of Other Current Boards',
       'Avg. Yrs on Other Quoted Boards', 'Age (Yrs)',
       'Number of Qualifications', 'Gender', 'Nationality Mix',
       'Bonus/ (Bonus&Salary)', 'Equity Linked/ Total', 'Performance/ Total',
       '%Change from Last Period', 'Wealth Delta', 'Salary', 'Bonus',
       'D.C Pension', 'Other', 'Total Salary+Bonus',
       'Total Inc. D.C. Pension & Other', 'Shares', 'LTIPS(max)',
       'Vesting Date', 'Intrinsic Options (excercisable)',
       'Intrinsic Options (unexercisable)', 'Estimated Options (exercisable)',
       'Estimated Options (unexcercisable)', 'Share Price',
       'Total Equity Linked Compensation', 'Total Annual Compensation',
       'Shares.1', 'LTIPS(max).1', 'Intrinsic Option', 'Estimated Option',
       'Liquid Wealth', 'Total Wealth',
       'AUDIT COMMITTEE MEMBER   (if yes then put M)',
       'REMUNERATION/ COMPENSATION COMMITTEE MEMBER',
       'NOMINATION COMMITTEE MEMBER', 'AUDIT COMMITTEE SIZE',
       'REMUNERATION/ COMPENSATION COMMITTEE SIZE',
       'NOMINATION COMMITTEE SIZE'],
      dtype='object')
List of cols to keep (before processing): ['Annual Report Year', 'CompanyID*', 'Company Name', 'ISIN', 'Sector', 'Director Type', 'DirectorID*', 'Individual Name', 'Individual Role', 'Time in Role', 'Time on Board', 'Time in Company', 'Total Number of Quoted Boards to Date', 'Age (Yrs)', 'Gender', 'Nationality Mix', 'Bonus/ (Bonus&Salary)', 'Equity Linked/ Total', 'Performance/ Total', 'Salary', 'Total Annual Compensation ']
List of cols to keep (after processing): ['Annual Report Year', 'CompanyID*', 'Company Name', 'ISIN', 'Sector', 'Director Type', 'DirectorID*', 'Individual Name', 'Individual Role', 'Time in Role', 'Time on Board', 'Time in Company', 'Total Number of Quoted Boards to Date', 'Age (Yrs)', 'Gender', 'Nationality Mix', 'Bonus/ (Bonus&Salary)', 'Equity Linked/ Total', 'Performance/ Total', 'Salary', 'Total Annual Compensation']
df saved to: /project/kh_mercury_1/boardex/data/output_filtered_by_columns/UK - SMDEs Org Summary_filtered_cols.xlsx
-----------------------------------------------------------
List of files kept: ['ROW - SMDEs Org Summary - 1_filtered.xlsx', 'UK - SMDEs Org Summary_filtered.xlsx']
------
List of files not kept: ['NA - SMDEs Network - 888_filtered.xlsx', 'UK - SMDEs Network - 29_filtered.xlsx', 'NA - SMDEs Network - 797_filtered.xlsx', 'NA - SMDEs Network - 1262_filtered.xlsx', 'NA - SMDEs Network - 1256_filtered.xlsx', 'NA - Director Network - 366_filtered.xlsx', 'NA - Director Network - 359_filtered.xlsx', 'Europe - Company Network - 1_filtered.xlsx', 'NA - SMDEs Network - 1339_filtered.xlsx', 'NA - SMDEs Network - 753_filtered.xlsx', 'NA - Director Network - 69_filtered.xlsx', 'NA - SMDEs Network - 604_filtered.xlsx', 'NA - SMDEs Network - 1453_filtered.xlsx', 'NA - SMDEs Network - 476_filtered.xlsx', 'NA - SMDEs Network - 504_filtered.xlsx', 'ROW - Director Network - 126_filtered.xlsx', 'ROW - SMDEs Network - 84_filtered.xlsx', 'Europe - Compensation - 2017_filtered.xlsx', 'NA - SMDEs Network - 142_filtered.xlsx', 'UK - SMDEs Network - 156_filtered.xlsx', 'ROW - SMDEs Compensation - 2013_filtered.xlsx', 'NA - SMDEs Network - 1486_filtered.xlsx', 'Europe - SMDEs Network - 9_filtered.xlsx', 'NA - Director Network - 249_filtered.xlsx', 'ROW - SMDEs Network - 148_filtered.xlsx', 'NA - SMDEs Network - 351_filtered.xlsx', 'NA - SMDEs Network - 167_filtered.xlsx', 'NA - SMDEs Network - 1163_filtered.xlsx', 'NA - SMDEs Network - 556_filtered.xlsx', 'NA - Director Network - 323_filtered.xlsx', 'NA - Director Network - 372_filtered.xlsx', 'NA - Director Network - 157_filtered.xlsx', 'NA - SMDEs Network - 935_filtered.xlsx', 'NA - SMDEs Network - 995_filtered.xlsx', 'NA - SMDEs Network - 159_filtered.xlsx', 'NA - SMDEs Network - 343_filtered.xlsx', 'NA - SMDEs Network - 390_filtered.xlsx', 'NA - SMDEs Network - 175_filtered.xlsx', 'NA - SMDEs Network - 591_filtered.xlsx', 'UK - SMDEs Network - 99_filtered.xlsx', 'NA - SMDEs Network - 679_filtered.xlsx', 'Europe - Director Network - 68_filtered.xlsx', 'NA - SMDEs Network - 1155_filtered.xlsx', 'ROW - Director Network - 51_filtered.xlsx', 'NA - SMDEs Network - 155_filtered.xlsx', 'UK - Director Network - 61_filtered.xlsx', 'ROW - SMDEs Network - 111_filtered.xlsx', 'NA - SMDEs Network - 135_filtered.xlsx', 'NA - SMDEs Network - 947_filtered.xlsx', 'ROW - Director Network - 112_filtered.xlsx', 'NA - SMDEs Network - 229_filtered.xlsx', 'NA - Director Network - 37_filtered.xlsx', 'NA - SMDEs Network - 1203_filtered.xlsx', 'NA - SMDEs Network - 1070_filtered.xlsx', 'NA - SMDEs Network - 784_filtered.xlsx', 'NA - SMDEs Network - 1379_filtered.xlsx', 'UK - SMDEs Network - 204_filtered.xlsx', 'NA - SMDEs Network - 537_filtered.xlsx', 'NA - Director Network - 272_filtered.xlsx', 'NA - SMDEs Network - 99_filtered.xlsx', 'NA - SMDEs Network - 84_filtered.xlsx', 'NA - SMDEs Network - 1481_filtered.xlsx', 'ROW - Compensation - 2018_filtered.xlsx', 'UK - SMDEs Network - 107_filtered.xlsx', 'ROW - SMDEs Network - 60_filtered.xlsx', 'NA - SMDEs Network - 755_filtered.xlsx', 'UK - SMDEs Network - 179_filtered.xlsx', 'NA - Director Network - 60_filtered.xlsx', 'NA - SMDEs Network - 553_filtered.xlsx', 'ROW - Director Network - 97_filtered.xlsx', 'UK - SMDEs Network - 11_filtered.xlsx', 'NA - SMDEs Network - 1368_filtered.xlsx', 'NA - SMDEs Network - 538_filtered.xlsx', 'NA - Director Network - 247_filtered.xlsx', 'NA - Director Network - 117_filtered.xlsx', 'NA - Company Network - 19_filtered.xlsx', 'NA - SMDEs Network - 647_filtered.xlsx', 'UK - Director Network - 10_filtered.xlsx', 'NA - Director Network - 96_filtered.xlsx', 'NA - SMDEs Network - 208_filtered.xlsx', 'NA - Company Network - 36_filtered.xlsx', 'NA - SMDEs Network - 1471_filtered.xlsx', 'NA - SMDEs Network - 969_filtered.xlsx', 'ROW - Director Profile - Employment Historical Board - 2_filtered.xlsx', 'NA - SMDEs Network - 827_filtered.xlsx', 'NA - SMDEs Network - 46_filtered.xlsx', 'NA - SMDEs Network - 640_filtered.xlsx', 'NA - SMDEs Network - 129_filtered.xlsx', 'Europe - SMDEs Network - 86_filtered.xlsx', 'NA - SMDEs Network - 610_filtered.xlsx', 'NA - SMDEs Network - 1087_filtered.xlsx', 'Europe - SMDEs Network - 112_filtered.xlsx', 'UK - Company Network - 7_filtered.xlsx', 'ROW - SMDEs Network - 32_filtered.xlsx', 'NA - SMDEs Network - 902_filtered.xlsx', 'ROW - SMDEs Network - 97_filtered.xlsx', 'NA - SMDEs Network - 727_filtered.xlsx', 'NA - SMDEs Network - 736_filtered.xlsx', 'NA - SMDEs Network - 407_filtered.xlsx', 'UK - SMDEs Compensation - 2008_filtered.xlsx', 'NA - Director Network - 256_filtered.xlsx', 'NA - Director Network - 321_filtered.xlsx', 'NA - SMDEs Network - 420_filtered.xlsx', 'NA - SMDEs Network - 1324_filtered.xlsx', 'NA - Director Network - 70_filtered.xlsx', 'UK - SMDEs Network - 18_filtered.xlsx', 'NA - SMDEs Network - 1293_filtered.xlsx', 'UK - Director Network - 40_filtered.xlsx', 'NA - Director Network - 258_filtered.xlsx', 'NA - SMDEs Network - 489_filtered.xlsx', 'NA - Director Network - 120_filtered.xlsx', 'NA - SMDEs Network - 585_filtered.xlsx', 'NA - SMDEs Network - 423_filtered.xlsx', 'UK - SMDEs Network - 58_filtered.xlsx', 'NA - SMDEs Compensation - 2009_filtered.xlsx', 'NA - SMDEs Network - 274_filtered.xlsx', 'NA - SMDEs Network - 1273_filtered.xlsx', 'Europe - Director Network - 74_filtered.xlsx', 'NA - Director Network - 183_filtered.xlsx', 'Europe - SMDEs Network - 95_filtered.xlsx', 'NA - SMDEs Network - 1141_filtered.xlsx', 'UK - SMDEs Compensation - 2016_filtered.xlsx', 'NA - SMDEs Network - 715_filtered.xlsx', 'UK - Director Network - 7_filtered.xlsx', 'NA - SMDEs Network - 933_filtered.xlsx', 'UK - Director Network - 36_filtered.xlsx', 'NA - SMDEs Network - 33_filtered.xlsx', 'NA - SMDEs Network - 1142_filtered.xlsx', 'NA - SMDEs Network - 1344_filtered.xlsx', 'UK - Director Network - 51_filtered.xlsx', 'NA - SMDEs Network - 703_filtered.xlsx', 'NA - Director Network - 340_filtered.xlsx', 'ROW - SMDEs Network - 6_filtered.xlsx', 'Europe - Director Network - 76_filtered.xlsx', 'ROW - Director Network - 67_filtered.xlsx', 'Europe - Director Network - 28_filtered.xlsx', 'NA - Director Network - 214_filtered.xlsx', 'NA - SMDEs Network - 718_filtered.xlsx', 'Europe - Director Network - 30_filtered.xlsx', 'ROW - SMDEs Network - 27_filtered.xlsx', 'NA - Director Network - 277_fi/home/jasonjia/standard_env_jason/lib/python3.6/site-packages/openpyxl/worksheet/_reader.py:312: UserWarning: Conditional Formatting extension is not supported and will be removed
  warn(msg)
ltered.xlsx', 'NA - SMDEs Network - 185_filtered.xlsx', 'UK - SMDEs Network - 205_filtered.xlsx', 'NA - SMDEs Network - 970_filtered.xlsx', 'NA - SMDEs Network - 1184_filtered.xlsx', 'NA - SMDEs Network - 853_filtered.xlsx', 'Europe - Compensation - 2012_filtered.xlsx', 'NA - SMDEs Network - 743_filtered.xlsx', 'Europe - Director Network - 2_filtered.xlsx', 'UK - Compensation - 2003_filtered.xlsx', 'UK - Director Network - 112_filtered.xlsx', 'NA - Director Network - 54_filtered.xlsx', 'NA - SMDEs Network - 1112_filtered.xlsx', 'NA - SMDEs Network - 44_filtered.xlsx', 'UK - SMDEs Network - 171_filtered.xlsx', 'NA - SMDEs Network - 746_filtered.xlsx', 'ROW - SMDEs Compensation - 2016_filtered.xlsx', 'NA - SMDEs Network - 1227_filtered.xlsx', 'NA - SMDEs Network - 385_filtered.xlsx', 'NA - SMDEs Network - 857_filtered.xlsx', 'NA - SMDEs Network - 1442_filtered.xlsx', 'ROW - Director Network - 63_filtered.xlsx', 'ROW - Director Network - 66_filtered.xlsx', 'NA - SMDEs Network - 897_filtered.xlsx', 'UK - Director Network - 105_filtered.xlsx', 'UK - SMDEs Network - 25_filtered.xlsx', 'NA - Director Network - 140_filtered.xlsx', 'NA - Director Network - 221_filtered.xlsx', 'NA - SMDEs Network - 1289_filtered.xlsx', 'ROW - Director Network - 120_filtered.xlsx', 'Europe - Compensation - 2018_filtered.xlsx', 'NA - Director Network - 206_filtered.xlsx', 'UK - SMDEs Network - 197_filtered.xlsx', 'NA - SMDEs Network - 846_filtered.xlsx', 'NA - SMDEs Network - 1073_filtered.xlsx', 'NA - SMDEs Network - 102_filtered.xlsx', 'UK - SMDEs Network - 92_filtered.xlsx', 'UK - Director Network - 59_filtered.xlsx', 'NA - SMDEs Network - 576_filtered.xlsx', 'UK - SMDEs Network - 82_filtered.xlsx', 'UK - SMDEs Network - 36_filtered.xlsx', 'NA - Director Network - 22_filtered.xlsx', 'Europe - Director Network - 43_filtered.xlsx', 'NA - SMDEs Network - 927_filtered.xlsx', 'NA - SMDEs Network - 698_filtered.xlsx', 'NA - SMDEs Network - 395_filtered.xlsx', 'UK - Director Network - 90_filtered.xlsx', 'NA - SMDEs Network - 241_filtered.xlsx', 'ROW - SMDEs Network - 12_filtered.xlsx', 'NA - Director Network - 230_filtered.xlsx', 'NA - SMDEs Network - 193_filtered.xlsx', 'ROW - SMDEs Compensation - 2006_filtered.xlsx', 'NA - SMDEs Network - 579_filtered.xlsx', 'Europe - Compensation - 2020_filtered.xlsx']
Done!
