-----------------------------------------------------------
Output from Shell Script:
Job ID: 8828766
Job User: jasonjia
Num Cores: 16
Array(Task ID): 8 of 16
Program Path: filter_output_by_columns.py
File path of .xslx containing list of columns in Boardex and ExecuComp: /project/kh_mercury_1/boardex/data/boardex_colstokeep/List_of_Variables_for_Boardex_and_Execucomp_230322.xlsx
Input Folder: /project/kh_mercury_1/boardex/data/output
Output Folder: /project/kh_mercury_1/boardex/data/output_filtered_by_columns
-----------------------------------------------------------
Output from Python Script:
This is array 8 / 16
File path of .xslx containing list of columns in Boardex and ExecuComp: /project/kh_mercury_1/boardex/data/boardex_colstokeep/List_of_Variables_for_Boardex_and_Execucomp_230322.xlsx
Input Folder (containing .xlsx filtered by isins): /project/kh_mercury_1/boardex/data/output
Output Folder (after we further filter by columns): /project/kh_mercury_1/boardex/data/output_filtered_by_columns
Total number of files in input folder: 3138
This process will cover file(s): 1373 to 1568
-----------------------------------------------------------
File name (kept): NA - SMDEs Org Summary - 1_filtered.xlsx
Unique workbook name: SMDEs Org Summary
List of sheets to open: ['Board Summary']
------
Sheet 0 : Board Summary
% NaNs in first row 0.0 <= 50%, taking header = row 0 as usual
df.columns (before processing): Index(['Annual Report Year', 'Country', 'CompanyID*', 'Company Name', 'ISIN',
       'Ticker', 'Index', 'Sector', 'Director Type (ED , SD or SM)',
       'DirectorID*', 'Individual Name', 'Individual Role',
       'Director Network Size', 'Time to Retirement', 'Time in Role',
       'Time on Board', 'Time in Company',
       'Total Number of Quoted Boards to Date',
       'Total Number of Private Boards to Date',
       'Total Number of Other Boards to Date',
       'Total Number of Quoted Current Boards',
       'Total Number of Private Current Boards',
       'Total Number of Other Current Boards',
       'Avg. Yrs on Other Quoted Boards', 'Age (Yrs)',
       'Number of Qualifications', 'Gender', 'Nationality Mix',
       'Bonus/ (Bonus&Salary)', 'Equity Linked/ Total', 'Performance/ Total',
       '%Change from Last Period', 'Wealth Delta', 'Salary', 'Bonus',
       'D.C Pension', 'Other', 'Total Salary+Bonus',
       'Total Inc. D.C. Pension & Other', 'Shares', 'LTIPS(max)',
       'Vesting Date', 'Intrinsic Options (excercisable)',
       'Intrinsic Options (unexercisable)', 'Estimated Options (exercisable)',
       'Estimated Options (unexcercisable)', 'Share Price',
       'Total Equity Linked Compensation ', 'Total Annual Compensation',
       'Shares.1', 'LTIPS(max).1', 'Intrinsic Option', 'Estimated Option',
       'Liquid Wealth', 'Total Wealth',
       'AUDIT COMMITTEE MEMBER   (if yes then put M)',
       'REMUNERATION/ COMPENSATION COMMITTEE MEMBER',
       'NOMINATION COMMITTEE MEMBER', 'AUDIT COMMITTEE SIZE',
       'REMUNERATION/ COMPENSATION COMMITTEE SIZE',
       'NOMINATION COMMITTEE SIZE'],
      dtype='object')
df.columns (after processing): Index(['Annual Report Year', 'Country', 'CompanyID*', 'Company Name', 'ISIN',
       'Ticker', 'Index', 'Sector', 'Director Type', 'DirectorID*',
       'Individual Name', 'Individual Role', 'Director Network Size',
       'Time to Retirement', 'Time in Role', 'Time on Board',
       'Time in Company', 'Total Number of Quoted Boards to Date',
       'Total Number of Private Boards to Date',
       'Total Number of Other Boards to Date',
       'Total Number of Quoted Current Boards',
       'Total Number of Private Current Boards',
       'Total Number of Other Current Boards',
       'Avg. Yrs on Other Quoted Boards', 'Age (Yrs)',
       'Number of Qualifications', 'Gender', 'Nationality Mix',
       'Bonus/ (Bonus&Salary)', 'Equity Linked/ Total', 'Performance/ Total',
       '%Change from Last Period', 'Wealth Delta', 'Salary', 'Bonus',
       'D.C Pension', 'Other', 'Total Salary+Bonus',
       'Total Inc. D.C. Pension & Other', 'Shares', 'LTIPS(max)',
       'Vesting Date', 'Intrinsic Options (excercisable)',
       'Intrinsic Options (unexercisable)', 'Estimated Options (exercisable)',
       'Estimated Options (unexcercisable)', 'Share Price',
       'Total Equity Linked Compensation', 'Total Annual Compensation',
       'Shares.1', 'LTIPS(max).1', 'Intrinsic Option', 'Estimated Option',
       'Liquid Wealth', 'Total Wealth',
       'AUDIT COMMITTEE MEMBER   (if yes then put M)',
       'REMUNERATION/ COMPENSATION COMMITTEE MEMBER',
       'NOMINATION COMMITTEE MEMBER', 'AUDIT COMMITTEE SIZE',
       'REMUNERATION/ COMPENSATION COMMITTEE SIZE',
       'NOMINATION COMMITTEE SIZE'],
      dtype='object')
List of cols to keep (before processing): ['Annual Report Year', 'CompanyID*', 'Company Name', 'ISIN', 'Sector', 'Director Type', 'DirectorID*', 'Individual Name', 'Individual Role', 'Time in Role', 'Time on Board', 'Time in Company', 'Total Number of Quoted Boards to Date', 'Age (Yrs)', 'Gender', 'Nationality Mix', 'Bonus/ (Bonus&Salary)', 'Equity Linked/ Total', 'Performance/ Total', 'Salary', 'Total Annual Compensation ']
List of cols to keep (after processing): ['Annual Report Year', 'CompanyID*', 'Company Name', 'ISIN', 'Sector', 'Director Type', 'DirectorID*', 'Individual Name', 'Individual Role', 'Time in Role', 'Time on Board', 'Time in Company', 'Total Number of Quoted Boards to Date', 'Age (Yrs)', 'Gender', 'Nationality Mix', 'Bonus/ (Bonus&Salary)', 'Equity Linked/ Total', 'Performance/ Total', 'Salary', 'Total Annual Compensation']
df saved to: /project/kh_mercury_1/boardex/data/output_filtered_by_columns/NA - SMDEs Org Summary - 1_filtered_cols.xlsx
-----------------------------------------------------------
List of files kept: ['NA - SMDEs Org Summary - 1_filtered.xlsx']
------
List of files not kept: ['NA - SMDEs Network - 783_filtered.xlsx', 'NA - SMDEs Network - 1063_filtered.xlsx', 'Europe - SMDEs Compensation - 2010_filtered.xlsx', 'ROW - Director Network - 138_filtered.xlsx', 'UK - Director Network - 66_filtered.xlsx', 'ROW - Director Network - 27_filtered.xlsx', 'NA - SMDEs Network - 684_filtered.xlsx', 'NA - SMDEs Network - 446_filtered.xlsx', 'NA - SMDEs Network - 490_filtered.xlsx', 'UK - Compensation - 2015_filtered.xlsx', 'NA - SMDEs Network - 984_filtered.xlsx', 'Europe - SMDEs Network - 53_filtered.xlsx', 'NA - SMDEs Network - 355_filtered.xlsx', 'NA - SMDEs Network - 111_filtered.xlsx', 'NA - Director Network - 59_filtered.xlsx', 'UK - SMDEs Network - 117_filtered.xlsx', 'NA - SMDEs Network - 735_filtered.xlsx', 'NA - SMDEs Network - 138_filtered.xlsx', 'NA - SMDEs Network - 474_filtered.xlsx', 'ROW - SMDEs Network - 142_filtered.xlsx', 'UK - SMDEs Network - 55_filtered.xlsx', 'NA - Director Network - 213_filtered.xlsx', 'NA - Director Network - 408_filtered.xlsx', 'NA - SMDEs Network - 387_filtered.xlsx', 'NA - Director Network - 304_filtered.xlsx', 'NA - SMDEs Network - 330_filtered.xlsx', 'NA - SMDEs Network - 903_filtered.xlsx', 'NA - SMDEs Network - 1130_filtered.xlsx', 'NA - SMDEs Network - 257_filtered.xlsx', 'UK - Director Network - 22_filtered.xlsx', 'NA - SMDEs Network - 967_filtered.xlsx', 'NA - SMDEs Network - 1440_filtered.xlsx', 'ROW - SMDEs Compensation - 2014_filtered.xlsx', 'NA - Director Network - 341_filtered.xlsx', 'NA - SMDEs Network - 230_filtered.xlsx', 'NA - SMDEs Network - 1048_filtered.xlsx', 'UK - SMDEs Network - 157_filtered.xlsx', 'Europe - SMDEs Network - 66_filtered.xlsx', 'NA - Director Network - 4_filtered.xlsx', 'ROW - Director Network - 26_filtered.xlsx', 'UK - Director Network - 35_filtered.xlsx', 'UK - Director Network - 75_filtered.xlsx', 'UK - SMDEs Network - 39_filtered.xlsx', 'Europe - SMDEs Network - 102_filtered.xlsx', 'Europe - SMDEs Network - 49_filtered.xlsx', 'NA - SMDEs Network - 1053_filtered.xlsx', 'NA - SMDEs Network - 10/home/jasonjia/standard_env_jason/lib/python3.6/site-packages/openpyxl/worksheet/_reader.py:312: UserWarning: Conditional Formatting extension is not supported and will be removed
  warn(msg)
18_filtered.xlsx', 'NA - SMDEs Network - 85_filtered.xlsx', 'NA - SMDEs Network - 697_filtered.xlsx', 'NA - SMDEs Network - 434_filtered.xlsx', 'UK - Director Network - 92_filtered.xlsx', 'NA - SMDEs Network - 915_filtered.xlsx', 'NA - SMDEs Network - 1165_filtered.xlsx', 'NA - SMDEs Network - 1037_filtered.xlsx', 'NA - SMDEs Network - 1234_filtered.xlsx', 'NA - SMDEs Network - 1222_filtered.xlsx', 'ROW - Director Network - 42_filtered.xlsx', 'NA - SMDEs Network - 1100_filtered.xlsx', 'NA - SMDEs Network - 926_filtered.xlsx', 'ROW - Director Network - 71_filtered.xlsx', 'NA - Director Network - 196_filtered.xlsx', 'ROW - SMDEs Network - 170_filtered.xlsx', 'NA - SMDEs Network - 918_filtered.xlsx', 'NA - SMDEs Network - 360_filtered.xlsx', 'NA - SMDEs Network - 889_filtered.xlsx', 'NA - SMDEs Network - 1151_filtered.xlsx', 'ROW - SMDEs Network - 10_filtered.xlsx', 'NA - Director Network - 368_filtered.xlsx', 'NA - SMDEs Network - 677_filtered.xlsx', 'ROW - SMDEs Network - 94_filtered.xlsx', 'NA - Director Network - 275_filtered.xlsx', 'NA - Director Network - 324_filtered.xlsx', 'NA - SMDEs Network - 210_filtered.xlsx', 'NA - SMDEs Network - 1459_filtered.xlsx', 'NA - SMDEs Network - 1327_filtered.xlsx', 'NA - SMDEs Network - 1430_filtered.xlsx', 'NA - SMDEs Network - 260_filtered.xlsx', 'NA - SMDEs Network - 397_filtered.xlsx', 'UK - SMDEs Network - 81_filtered.xlsx', 'ROW - Director Network - 20_filtered.xlsx', 'UK - Company Network - 2_filtered.xlsx', 'NA - SMDEs Network - 1267_filtered.xlsx', 'NA - SMDEs Network - 158_filtered.xlsx', 'Europe - SMDEs Network - 59_filtered.xlsx', 'NA - Director Network - 254_filtered.xlsx', 'UK - SMDEs Network - 35_filtered.xlsx', 'Europe - Director Network - 84_filtered.xlsx', 'NA - Compensation - 2009_filtered.xlsx', 'NA - SMDEs Network - 513_filtered.xlsx', 'NA - SMDEs Network - 704_filtered.xlsx', 'NA - SMDEs Network - 1010_filtered.xlsx', 'NA - SMDEs Network - 1049_filtered.xlsx', 'NA - SMDEs Network - 1300_filtered.xlsx', 'NA - SMDEs Network - 271_filtered.xlsx', 'NA - Director Network - 42_filtered.xlsx', 'NA - SMDEs Network - 240_filtered.xlsx', 'Europe - SMDEs Committee Details_filtered.xlsx', 'Europe - SMDEs Network - 142_filtered.xlsx', 'NA - SMDEs Network - 1355_filtered.xlsx', 'NA - Director Network - 326_filtered.xlsx', 'NA - Director Network - 255_filtered.xlsx', 'NA - SMDEs Network - 308_filtered.xlsx', 'UK - Director Profile - Other Activities_filtered.xlsx', 'UK - SMDEs Network - 68_filtered.xlsx', 'NA - SMDEs Network - 668_filtered.xlsx', 'NA - Director Network - 327_filtered.xlsx', 'NA - SMDEs Network - 911_filtered.xlsx', 'NA - Company Network - 42_filtered.xlsx', 'NA - SMDEs Compensation - 2012_filtered.xlsx', 'NA - SMDEs Network - 1175_filtered.xlsx', 'UK - Director Network - 58_filtered.xlsx', 'NA - SMDEs Network - 335_filtered.xlsx', 'NA - SMDEs Network - 1389_filtered.xlsx', 'NA - SMDEs Network - 1216_filtered.xlsx', 'NA - SMDEs Network - 1120_filtered.xlsx', 'ROW - SMDEs Network - 129_filtered.xlsx', 'NA - SMDEs Network - 1307_filtered.xlsx', 'NA - Director Network - 285_filtered.xlsx', 'NA - Director Network - 172_filtered.xlsx', 'NA - SMDEs Network - 500_filtered.xlsx', 'NA - SMDEs Network - 1091_filtered.xlsx', 'NA - SMDEs Network - 473_filtered.xlsx', 'ROW - SMDEs Network - 109_filtered.xlsx', 'ROW - Director Network - 133_filtered.xlsx', 'NA - Director Network - 87_filtered.xlsx', 'NA - Director Network - 413_filtered.xlsx', 'NA - Director Network - 380_filtered.xlsx', 'NA - SMDEs Network - 1212_filtered.xlsx', 'UK - SMDEs Network - 194_filtered.xlsx', 'UK - Director Network - 21_filtered.xlsx', 'NA - Director Network - 26_filtered.xlsx', 'NA - SMDEs Network - 1060_filtered.xlsx', 'ROW - Compensation - 2016_filtered.xlsx', 'Europe - SMDEs Compensation - 2002_filtered.xlsx', 'NA - SMDEs Network - 985_filtered.xlsx', 'NA - Director Network - 288_filtered.xlsx', 'NA - Director Profile - Other Activities_filtered.xlsx', 'UK - SMDEs Network - 97_filtered.xlsx', 'ROW - Director Network - 136_filtered.xlsx', 'UK - SMDEs Network - 111_filtered.xlsx', 'UK - SMDEs Network - 174_filtered.xlsx', 'NA - Director Network - 315_filtered.xlsx', 'NA - SMDEs Network - 786_filtered.xlsx', 'NA - SMDEs Network - 928_filtered.xlsx', 'ROW - Compensation - 2010_filtered.xlsx', 'NA - SMDEs Network - 1484_filtered.xlsx', 'NA - SMDEs Network - 1268_filtered.xlsx', 'NA - SMDEs Network - 953_filtered.xlsx', 'NA - SMDEs Network - 596_filtered.xlsx', 'Europe - Director Network - 111_filtered.xlsx', 'Europe - Director Network - 38_filtered.xlsx', 'NA - SMDEs Network - 808_filtered.xlsx', 'Europe - SMDEs Company Announcements_filtered.xlsx', 'Europe - Director Network - 36_filtered.xlsx', 'NA - Director Network - 124_filtered.xlsx', 'NA - SMDEs Network - 1206_filtered.xlsx', 'Europe - SMDEs Network - 28_filtered.xlsx', 'ROW - SMDEs Network - 7_filtered.xlsx', 'ROW - SMDEs Network - 22_filtered.xlsx', 'ROW - SMDEs Network - 36_filtered.xlsx', 'NA - Director Network - 135_filtered.xlsx', 'NA - SMDEs Network - 1393_filtered.xlsx', 'NA - Company Network - 27_filtered.xlsx', 'NA - SMDEs Network - 645_filtered.xlsx', 'NA - Director Network - 174_filtered.xlsx', 'UK - Compensation - 2010_filtered.xlsx', 'NA - SMDEs Network - 1336_filtered.xlsx', 'NA - Director Network - 236_filtered.xlsx', 'NA - SMDEs Network - 31_filtered.xlsx', 'NA - Director Network - 40_filtered.xlsx', 'NA - SMDEs Network - 867_filtered.xlsx', 'NA - SMDEs Profile - Employment Historical NonBoard - 3_filtered.xlsx', 'NA - SMDEs Network - 841_filtered.xlsx', 'NA - SMDEs Network - 228_filtered.xlsx', 'NA - Director Network - 152_filtered.xlsx', 'NA - Director Network - 61_filtered.xlsx', 'NA - SMDEs Network - 683_filtered.xlsx', 'UK - SMDEs Network - 63_filtered.xlsx', 'NA - Director Network - 226_filtered.xlsx', 'NA - SMDEs Network - 1040_filtered.xlsx', 'NA - SMDEs Network - 1143_filtered.xlsx', 'NA - SMDEs Network - 986_filtered.xlsx', 'NA - SMDEs Network - 275_filtered.xlsx', 'UK - Director Network - 104_filtered.xlsx', 'ROW - Compensation - 2013_filtered.xlsx', 'UK - Compensation - 2004_filtered.xlsx', 'Europe - Director Network - 31_filtered.xlsx', 'NA - SMDEs Profile - Employment Historical Board_filtered.xlsx', 'NA - SMDEs Network - 108_filtered.xlsx', 'NA - SMDEs Network - 431_filtered.xlsx', 'ROW - SMDEs Network - 89_filtered.xlsx', 'NA - Director Network - 273_filtered.xlsx', 'Europe - SMDEs Network - 139_filtered.xlsx', 'Europe - Compensation - Current_filtered.xlsx', 'ROW - SMDEs Network - 115_filtered.xlsx']
Done!
