-----------------------------------------------------------
Output from Shell Script:
Job ID: 8828771
Job User: jasonjia
Num Cores: 16
Array(Task ID): 13 of 16
Program Path: filter_output_by_columns.py
File path of .xslx containing list of columns in Boardex and ExecuComp: /project/kh_mercury_1/boardex/data/boardex_colstokeep/List_of_Variables_for_Boardex_and_Execucomp_230322.xlsx
Input Folder: /project/kh_mercury_1/boardex/data/output
Output Folder: /project/kh_mercury_1/boardex/data/output_filtered_by_columns
-----------------------------------------------------------
Output from Python Script:
This is array 13 / 16
File path of .xslx containing list of columns in Boardex and ExecuComp: /project/kh_mercury_1/boardex/data/boardex_colstokeep/List_of_Variables_for_Boardex_and_Execucomp_230322.xlsx
Input Folder (containing .xlsx filtered by isins): /project/kh_mercury_1/boardex/data/output
Output Folder (after we further filter by columns): /project/kh_mercury_1/boardex/data/output_filtered_by_columns
Total number of files in input folder: 3138
This process will cover file(s): 2353 to 2548
-----------------------------------------------------------
File name (kept): Europe - SMDEs Org Summary - 1_filtered.xlsx
Unique workbook name: SMDEs Org Summary
List of sheets to open: ['Board Summary']
------
Sheet 0 : Board Summary
% NaNs in first row 0.0 <= 50%, taking header = row 0 as usual
df.columns (before processing): Index(['Annual Report Year', 'Country', 'CompanyID*', 'Company Name', 'ISIN',
       'Ticker', 'Index', 'Sector', 'Director Type (ED , SD or SM)',
       'DirectorID*', 'Individual Name', 'Individual Role',
       'Director Network Size', 'Time to Retirement', 'Time in Role',
       'Time on Board', 'Time in Company',
       'Total Number of Quoted Boards to Date',
       'Total Number of Private Boards to Date',
       'Total Number of Other Boards to Date',
       'Total Number of Quoted Current Boards',
       'Total Number of Private Current Boards',
       'Total Number of Other Current Boards',
       'Avg. Yrs on Other Quoted Boards', 'Age (Yrs)',
       'Number of Qualifications', 'Gender', 'Nationality Mix',
       'Bonus/ (Bonus&Salary)', 'Equity Linked/ Total', 'Performance/ Total',
       '%Change from Last Period', 'Wealth Delta', 'Salary', 'Bonus',
       'D.C Pension', 'Other', 'Total Salary+Bonus',
       'Total Inc. D.C. Pension & Other', 'Shares', 'LTIPS(max)',
       'Vesting Date', 'Intrinsic Options (excercisable)',
       'Intrinsic Options (unexercisable)', 'Estimated Options (exercisable)',
       'Estimated Options (unexcercisable)', 'Share Price',
       'Total Equity Linked Compensation ', 'Total Annual Compensation',
       'Shares.1', 'LTIPS(max).1', 'Intrinsic Option', 'Estimated Option',
       'Liquid Wealth', 'Total Wealth',
       'AUDIT COMMITTEE MEMBER   (if yes then put M)',
       'REMUNERATION/ COMPENSATION COMMITTEE MEMBER',
       'NOMINATION COMMITTEE MEMBER', 'AUDIT COMMITTEE SIZE',
       'REMUNERATION/ COMPENSATION COMMITTEE SIZE',
       'NOMINATION COMMITTEE SIZE'],
      dtype='object')
df.columns (after processing): Index(['Annual Report Year', 'Country', 'CompanyID*', 'Company Name', 'ISIN',
       'Ticker', 'Index', 'Sector', 'Director Type', 'DirectorID*',
       'Individual Name', 'Individual Role', 'Director Network Size',
       'Time to Retirement', 'Time in Role', 'Time on Board',
       'Time in Company', 'Total Number of Quoted Boards to Date',
       'Total Number of Private Boards to Date',
       'Total Number of Other Boards to Date',
       'Total Number of Quoted Current Boards',
       'Total Number of Private Current Boards',
       'Total Number of Other Current Boards',
       'Avg. Yrs on Other Quoted Boards', 'Age (Yrs)',
       'Number of Qualifications', 'Gender', 'Nationality Mix',
       'Bonus/ (Bonus&Salary)', 'Equity Linked/ Total', 'Performance/ Total',
       '%Change from Last Period', 'Wealth Delta', 'Salary', 'Bonus',
       'D.C Pension', 'Other', 'Total Salary+Bonus',
       'Total Inc. D.C. Pension & Other', 'Shares', 'LTIPS(max)',
       'Vesting Date', 'Intrinsic Options (excercisable)',
       'Intrinsic Options (unexercisable)', 'Estimated Options (exercisable)',
       'Estimated Options (unexcercisable)', 'Share Price',
       'Total Equity Linked Compensation', 'Total Annual Compensation',
       'Shares.1', 'LTIPS(max).1', 'Intrinsic Option', 'Estimated Option',
       'Liquid Wealth', 'Total Wealth',
       'AUDIT COMMITTEE MEMBER   (if yes then put M)',
       'REMUNERATION/ COMPENSATION COMMITTEE MEMBER',
       'NOMINATION COMMITTEE MEMBER', 'AUDIT COMMITTEE SIZE',
       'REMUNERATION/ COMPENSATION COMMITTEE SIZE',
       'NOMINATION COMMITTEE SIZE'],
      dtype='object')
List of cols to keep (before processing): ['Annual Report Year', 'CompanyID*', 'Company Name', 'ISIN', 'Sector', 'Director Type', 'DirectorID*', 'Individual Name', 'Individual Role', 'Time in Role', 'Time on Board', 'Time in Company', 'Total Number of Quoted Boards to Date', 'Age (Yrs)', 'Gender', 'Nationality Mix', 'Bonus/ (Bonus&Salary)', 'Equity Linked/ Total', 'Performance/ Total', 'Salary', 'Total Annual Compensation ']
List of cols to keep (after processing): ['Annual Report Year', 'CompanyID*', 'Company Name', 'ISIN', 'Sector', 'Director Type', 'DirectorID*', 'Individual Name', 'Individual Role', 'Time in Role', 'Time on Board', 'Time in Company', 'Total Number of Quoted Boards to Date', 'Age (Yrs)', 'Gender', 'Nationality Mix', 'Bonus/ (Bonus&Salary)', 'Equity Linked/ Total', 'Performance/ Total', 'Salary', 'Total Annual Compensation']
df saved to: /project/kh_mercury_1/boardex/data/output_filtered_by_columns/Europe - SMDEs Org Summary - 1_filtered_cols.xlsx
-----------------------------------------------------------
File name (kept): ROW - Board Summary - 1_filtered.xlsx
Unique workbook name: Board Summary
List of sheets to open: ['Board Summary']
------
Sheet 0 : Board Summary
% NaNs in first row 0.0 <= 50%, taking header = row 0 as usual
df.columns (before processing): Index(['Annual Report Year', 'Country', 'CompanyID*', 'Company Name', 'ISIN',
       'Ticker', 'Index', 'Sector', 'Director Type (ED or SD)', 'DirectorID*',
       'Individual Name', 'Individual Role', 'Director Network Size',
       'Time to Retirement', 'Time in Role', 'Time on Board',
       'Time in Company', 'Total Number of Quoted Boards to Date',
       'Total Number of Private Boards to Date',
       'Total Number of Other Boards to Date',
       'Total Number of Quoted Current Boards',
       'Total Number of Private Current Boards',
       'Total Number of Other Current Boards',
       'Avg. Yrs on Other Quoted Boards', 'Age (Yrs)',
       'Number of Qualifications', 'Gender', 'Nationality Mix',
       'Bonus/ (Bonus&Salary)', 'Equity Linked/ Total', 'Performance/ Total',
       '%Change from Last Period', 'Wealth Delta',
       'Total Directors on the Board', 'Number of SDs on Board',
       'Number of Independent NED on Board',
       'Executive Chairman present on Board or Combined role of CEO & Chairman is present (1- Yes, 0 - No)',
       'Number of Independent NED with past CFO/FD role ', 'Salary', 'Bonus',
       'D.C Pension', 'Other', 'Total Salary+Bonus',
       'Total Inc. D.C. Pension & Other', 'Shares', 'LTIPS(max)',
       'Vesting Date', 'Intrinsic Options (excercisable)',
       'Intrinsic Options (unexercisable)', 'Estimated Options (exercisable)',
       'Estimated Options (unexcercisable)', 'Share Price',
       'Total Equity Linked Compensation ', 'Total Annual Compensation ',
       'Shares.1', 'LTIPS(max).1', 'Intrinsic Option', 'Estimated Option',
       'Liquid Wealth', 'Total Wealth',
       'AUDIT COMMITTEE MEMBER   (if yes then put M)',
       'REMUNERATION/ COMPENSATION COMMITTEE MEMBER',
       'NOMINATION COMMITTEE MEMBER', 'AUDIT COMMITTEE SIZE',
       'REMUNERATION/ COMPENSATION COMMITTEE SIZE',
       'NOMINATION COMMITTEE SIZE',
       'Number of Independent NED on Audit Committee',
       'Number of Independent NED on Remuneration/ Compensation Committee',
       'Number of Independent NED on Nomination Committee',
       'Number of Independent NED on Audit (excluding Chairman Independent NED)',
       'Number of Independent NED on Remuneration/ Compensation (excluding Chairman Independent NED)',
       'Number of Independent NED on Nomination (excluding Chairman Independent NED)',
       'Number of Independent NED with functional expertise on Audit Committee'],
      dtype='object')
df.columns (after processing): Index(['Annual Report Year', 'Country', 'CompanyID*', 'Company Name', 'ISIN',
       'Ticker', 'Index', 'Sector', 'Director Type', 'DirectorID*',
       'Individual Name', 'Individual Role', 'Director Network Size',
       'Time to Retirement', 'Time in Role', 'Time on Board',
       'Time in Company', 'Total Number of Quoted Boards to Date',
       'Total Number of Private Boards to Date',
       'Total Number of Other Boards to Date',
       'Total Number of Quoted Current Boards',
       'Total Number of Private Current Boards',
       'Total Number of Other Current Boards',
       'Avg. Yrs on Other Quoted Boards', 'Age (Yrs)',
       'Number of Qualifications', 'Gender', 'Nationality Mix',
       'Bonus/ (Bonus&Salary)', 'Equity Linked/ Total', 'Performance/ Total',
       '%Change from Last Period', 'Wealth Delta',
       'Total Directors on the Board', 'Number of SDs on Board',
       'Number of Independent NED on Board',
       'Executive Chairman present on Board or Combined role of CEO & Chairman is present (1- Yes, 0 - No)',
       'Number of Independent NED with past CFO/FD role', 'Salary', 'Bonus',
       'D.C Pension', 'Other', 'Total Salary+Bonus',
       'Total Inc. D.C. Pension & Other', 'Shares', 'LTIPS(max)',
       'Vesting Date', 'Intrinsic Options (excercisable)',
       'Intrinsic Options (unexercisable)', 'Estimated Options (exercisable)',
       'Estimated Options (unexcercisable)', 'Share Price',
       'Total Equity Linked Compensation', 'Total Annual Compensation',
       'Shares.1', 'LTIPS(max).1', 'Intrinsic Option', 'Estimated Option',
       'Liquid Wealth', 'Total Wealth',
       'AUDIT COMMITTEE MEMBER   (if yes then put M)',
       'REMUNERATION/ COMPENSATION COMMITTEE MEMBER',
       'NOMINATION COMMITTEE MEMBER', 'AUDIT COMMITTEE SIZE',
       'REMUNERATION/ COMPENSATION COMMITTEE SIZE',
       'NOMINATION COMMITTEE SIZE',
       'Number of Independent NED on Audit Committee',
       'Number of Independent NED on Remuneration/ Compensation Committee',
       'Number of Independent NED on Nomination Committee',
       'Number of Independent NED on Audit (excluding Chairman Independent NED)',
       'Number of Independent NED on Remuneration/ Compensation (excluding Chairman Independent NED)',
       'Number of Independent NED on Nomination (excluding Chairman Independent NED)',
       'Number of Independent NED with functional expertise on Audit Committee'],
      dtype='object')
List of cols to keep (before processing): ['Annual Report Year', 'CompanyID*', 'Company Name', 'ISIN', 'Sector', 'Director Type', 'DirectorID*', 'Individual Name', 'Individual Role', 'Time in Role', 'Time on Board', 'Time in Company', 'Total Number of Quoted Boards to Date', 'Age (Yrs)', 'Gender', 'Nationality Mix', 'Bonus/ (Bonus&Salary)', 'Equity Linked/ Total', 'Performance/ Total', 'Total Directors on the Board', 'Salary', 'Total Annual Compensation ']
List of cols to keep (after processing): ['Annual Report Year', 'CompanyID*', 'Company Name', 'ISIN', 'Sector', 'Director Type', 'DirectorID*', 'Individual Name', 'Individual Role', 'Time in Role', 'Time on Board', 'Time in Company', 'Total Number of Quoted Boards to Date', 'Age (Yrs)', 'Gender', 'Nationality Mix', 'Bonus/ (Bonus&Salary)', 'Equity Linked/ Total', 'Performance/ Total', 'Total Directors on the Board', 'Salary', 'Total Annual Compensation']
df saved to: /project/kh_mercury_1/boardex/data/output_filtered_by_columns/ROW - Board Summary - 1_filtered_cols.xlsx
-----------------------------------------------------------
List of files kept: ['Europe - SMDEs Org Summary - 1_filtered.xlsx', 'ROW - Board Summary - 1_filtered.xlsx']
------
List of files not kept: ['NA - SMDEs Network - 103_filtered.xlsx', 'UK - Compensation - 2021_filtered.xlsx', 'NA - SMDEs Network - 251_filtered.xlsx', 'Europe - Director Network - 44_filtered.xlsx', 'ROW - SMDEs Network - 57_filtered.xlsx', 'NA - SMDEs Network - 1064_filtered.xlsx', 'NA - SMDEs Network - 1400_filtered.xlsx', 'ROW - Director Network - 142_filtered.xlsx', 'ROW - SMDEs Compensation - 2010_filtered.xlsx', 'NA - SMDEs Network - 1478_filtered.xlsx', 'NA - SMDEs Network - 1024_filtered.xlsx', 'UK - SMDEs Network - 113_filtered.xlsx', 'Europe - Director Network - 108_filtered.xlsx', 'ROW - SMDEs Compensation - 2005_filtered.xlsx', 'ROW - SMDEs Network - 40_filtered.xlsx', 'NA - SMDEs Network - 331_filtered.xlsx', 'NA - SMDEs Network - 525_filtered.xlsx', 'Europe - SMDEs Network - 46_filtered.xlsx', 'UK - Compensation - 2006_filtered.xlsx', 'ROW - SMDEs Network - 52_filtered.xlsx', 'UK - SMDEs Network - 67_filtered.xlsx', 'Europe - SMDEs Network - 7_filtered.xlsx', 'NA - SMDEs Network - 1265_filtered.xlsx', 'NA - SMDEs Network - 94_filtered.xlsx', 'ROW - Director Network - 148_filtered.xlsx', 'ROW - Director Network - 114_filtered.xlsx', 'NA - Director Network - 417_filtered.xlsx', 'NA - SMDEs Network - 643_filtered.xlsx', 'ROW - Director Network - 45_filtered.xlsx', 'NA - SMDEs Network - 987_filtered.xlsx', 'NA - SMDEs Network - 761_filtered.xlsx', 'NA - SMDEs Network - 1359_filtered.xlsx', 'NA - SMDEs Compensation - 1999_filtered.xlsx', 'NA - Director Network - 48_filtered.xlsx', 'Europe - Director Network - 14_filtered.xlsx', 'Europe - SMDEs Network - 68_filtered.xlsx', 'NA - Director Network - 32_filtered.xlsx', 'Europe - SMDEs Profile - Employment Historical NonBoard - 1_filtered.xlsx', 'UK - SMDEs Compensation - 2010_filtered.xlsx', 'UK - Director Network - 114_filtered.xlsx', 'NA - SMDEs Network - 6_filtered.xlsx', 'Europe - Director Network - 39_filtered.xlsx', 'NA - SMDEs Network - 709_filtered.xlsx', 'NA - SMDEs Network - 2_filtered.xlsx', 'UK - SMDEs Network - 199_filtered.xlsx', 'ROW - SMDEs Network - 13_filtered.xlsx', 'UK - SMDEs Network - 71_filtered.xlsx', 'NA - SMDEs Network - 176_filtered.xlsx', 'NA - SMDEs Network - 1283_filtered.xlsx', 'NA - SMDEs Network - 851_filtered.xlsx', 'Europe - Director Network - 50_filtered.xlsx', 'NA - SMDEs Network - 101_filtered.xlsx', 'ROW - SMDEs Network - 4_filtered.xlsx', 'Europe - SMDEs Compensation - 2015_filtered.xlsx', 'Europe - SMDEs Network - 45_filtered.xlsx', 'NA - SMDEs Network - 518_filtered.xlsx', 'NA - Director Network - 56_filtered.xlsx', 'NA - SMDEs Network - 376_filtered.xlsx', 'ROW - Committee Details_filtered.xlsx', 'NA - SMDEs Network - 405_filtered.xlsx', 'UK - SMDEs Network - 178_filtered.xlsx', 'NA - Director Network - 15_filtered.xlsx', 'ROW - SMDEs Network - 157_filtered.xlsx', 'ROW - Director Network - 87_filtered.xlsx', 'NA - SMDEs Network - 818_filtered.xlsx', 'ROW - SMDEs Network - 120_filtered.xlsx', 'UK - Director Network - 96_filtered.xlsx', 'Europe - SMDEs Network - 137_filtered.xlsx', 'Europe - SMDEs Network - 76_filtered.xlsx', 'ROW - SMDEs Network - 155_filtered.xlsx', 'NA - SMDEs Network - 526_filtered.xlsx', 'Europe - Director Network - 56_filtered.xlsx', 'UK - SMDEs Network - 138_filtered.xlsx', 'ROW - Director Network - 28_filtered.xlsx', 'NA - Director Network - 308_filtered.xlsx', 'NA - SMDEs Network - 261_filtered.xlsx', 'NA - SMDEs Network - 299_filtered.xlsx', 'NA - Director Network - 407_filtered.xlsx', 'ROW - SMDEs Network - 138_filtered.xlsx', 'UK - Compensation - 2008_filtered.xlsx', 'NA - SMDEs Compensation - 2002_filtered.xlsx', 'NA - SMDEs Committee Details_filtered.xlsx', 'NA - Company Network - 4_filtered.xlsx', 'NA - Company Network - 31_filtered.xlsx', 'NA - SMDEs Network - 1469_filtered.xlsx', 'NA - Compensation - 2018_filtered.xlsx', 'NA - Director Network - 405_filtered.xlsx', 'UK - Director Network - 98_filtered.xlsx', 'NA - SMDEs Network - 700_filtered.xlsx', 'Europe - Director Network - 92_filtered.xlsx', 'NA - SMDEs Network - 472_filtered.xlsx', 'NA - Director Network - 252_filtered.xlsx', 'NA - SMDEs Network - 799_filtered.xlsx', 'Europe - SMDEs Network - 38_filtered.xlsx', 'NA - Director Network - 229_filtered.xlsx', 'NA - Director Network - 218_filtered.xlsx', 'NA - SMDEs Network - 352_filtered.xlsx', 'NA - SMDEs Network - 1384_filtered.xlsx', 'ROW - SMDEs Network - 121_filtered.xlsx', 'ROW - Compensation - 2009_filtered.xlsx', 'NA - SMDEs Network - 1022_filtered.xlsx', 'NA - SMDEs Network - 710_filtered.xlsx', 'NA - SMDEs Network - 930_filtered.xlsx', 'ROW - SMDEs Network - 34_filtered.xlsx', 'NA - Director Network - 8_filtered.xlsx', 'NA - SMDEs Network - 508_filtered.xlsx', 'UK - Director Network - 38_filtered.xlsx', 'NA - SMDEs Network - 1388_filtered.xlsx', 'NA - Director Network - 20_filtered.xlsx', 'UK - Director Network - 57_filtered.xlsx', 'NA - Director Network - 151_filtered.xlsx', 'NA - SMDEs Network - 1421_filtered.xlsx', 'NA - SMDEs Network - 991_filtered.xlsx', 'NA - Director Network - 178_filtered.xlsx', 'ROW - SMDEs Network - 82_filtered.xlsx', 'NA - SMDEs Network - 931_filtered.xlsx', 'NA - SMDEs Network - 477_filtered.xlsx', 'ROW - SMDEs Network - 144_filtered.xlsx', 'NA - SMDEs Network - 1209_filtered.xlsx', 'UK - SMDEs Network - 59_filtered.xlsx', 'UK - SMDEs Network - 52_filtered.xlsx', 'Europe - SMDEs Network - 77_filtered.xlsx', 'NA - Director Network - 378_filtered.xlsx', 'NA - SMDEs Network - 541_filtered.xlsx', 'Europe - Director Network - 59_filtered.xlsx', 'UK - Director Network - 4_filtered.xlsx', 'UK - SMDEs Network - 65_filtered.xlsx', 'NA - SMDEs Network - 785_filtered.xlsx', 'NA - SMDEs Network - 67_filtered.xlsx', 'NA - SMDEs Network - 217_filtered.xlsx', 'NA - Director Network - 202_filtered.xlsx', 'ROW - Director Network - 33_filtered.xlsx', 'Europe - Director Network - 116_filtered.xlsx', 'NA - SMDEs Network - 1411_filtered.xlsx', 'ROW - Director Network - 86_filtered.xlsx', 'NA - SMDEs Network - 1153_filtered.xlsx', 'Europe - SMDEs Network - 72_filtered.xlsx', 'UK - SMDEs Network - 62_filtered.xlsx', 'NA - Director Network - 121_filtered.xlsx', 'NA - SMDEs Network - /home/jasonjia/standard_env_jason/lib/python3.6/site-packages/openpyxl/worksheet/_reader.py:312: UserWarning: Conditional Formatting extension is not supported and will be removed
  warn(msg)
289_filtered.xlsx', 'NA - SMDEs Network - 439_filtered.xlsx', 'UK - SMDEs Compensation - 2006_filtered.xlsx', 'ROW - Director Network - 108_filtered.xlsx', 'ROW - Company Network - 12_filtered.xlsx', 'NA - SMDEs Network - 53_filtered.xlsx', 'NA - SMDEs Network - 1369_filtered.xlsx', 'ROW - SMDEs Network - 112_filtered.xlsx', 'NA - SMDEs Network - 466_filtered.xlsx', 'NA - SMDEs Network - 586_filtered.xlsx', 'NA - SMDEs Network - 488_filtered.xlsx', 'NA - SMDEs Network - 680_filtered.xlsx', 'NA - Director Network - 423_filtered.xlsx', 'Europe - SMDEs Network - 103_filtered.xlsx', 'NA - Director Network - 225_filtered.xlsx', 'UK - SMDEs Network - 70_filtered.xlsx', 'NA - SMDEs Network - 1154_filtered.xlsx', 'NA - Director Network - 65_filtered.xlsx', 'NA - SMDEs Network - 661_filtered.xlsx', 'Europe - SMDEs Network - 41_filtered.xlsx', 'NA - SMDEs Network - 1455_filtered.xlsx', 'NA - Director Network - 105_filtered.xlsx', 'Europe - Director Network - 102_filtered.xlsx', 'NA - Director Network - 81_filtered.xlsx', 'NA - Director Network - 88_filtered.xlsx', 'ROW - SMDEs Network - 28_filtered.xlsx', 'Europe - Director Network - 24_filtered.xlsx', 'NA - SMDEs Network - 202_filtered.xlsx', 'NA - SMDEs Network - 269_filtered.xlsx', 'NA - SMDEs Network - 1038_filtered.xlsx', 'NA - SMDEs Network - 455_filtered.xlsx', 'NA - SMDEs Network - 1343_filtered.xlsx', 'NA - SMDEs Network - 1450_filtered.xlsx', 'UK - SMDEs Network - 57_filtered.xlsx', 'NA - SMDEs Network - 1123_filtered.xlsx', 'NA - SMDEs Network - 1274_filtered.xlsx', 'NA - SMDEs Network - 49_filtered.xlsx', 'UK - Director Network - 27_filtered.xlsx', 'UK - SMDEs Network - 183_filtered.xlsx', 'NA - SMDEs Network - 511_filtered.xlsx', 'NA - SMDEs Compensation - 2006_filtered.xlsx', 'NA - SMDEs Network - 77_filtered.xlsx', 'NA - SMDEs Network - 635_filtered.xlsx', 'NA - SMDEs Network - 1317_filtered.xlsx', 'NA - SMDEs Network - 314_filtered.xlsx', 'UK - Director Network - 8_filtered.xlsx', 'NA - Director Network - 114_filtered.xlsx', 'NA - SMDEs Network - 3_filtered.xlsx', 'NA - Company Network - 17_filtered.xlsx', 'NA - SMDEs Network - 678_filtered.xlsx', 'UK - SMDEs Network - 173_filtered.xlsx', 'NA - SMDEs Network - 1373_filtered.xlsx', 'Europe - SMDEs Network - 78_filtered.xlsx', 'ROW - Director Network - 13_filtered.xlsx', 'NA - SMDEs Network - 1179_filtered.xlsx']
Done!
