-----------------------------------------------------------
Output from Shell Script:
Job ID: 8828768
Job User: jasonjia
Num Cores: 16
Array(Task ID): 10 of 16
Program Path: filter_output_by_columns.py
File path of .xslx containing list of columns in Boardex and ExecuComp: /project/kh_mercury_1/boardex/data/boardex_colstokeep/List_of_Variables_for_Boardex_and_Execucomp_230322.xlsx
Input Folder: /project/kh_mercury_1/boardex/data/output
Output Folder: /project/kh_mercury_1/boardex/data/output_filtered_by_columns
-----------------------------------------------------------
Output from Python Script:
This is array 10 / 16
File path of .xslx containing list of columns in Boardex and ExecuComp: /project/kh_mercury_1/boardex/data/boardex_colstokeep/List_of_Variables_for_Boardex_and_Execucomp_230322.xlsx
Input Folder (containing .xlsx filtered by isins): /project/kh_mercury_1/boardex/data/output
Output Folder (after we further filter by columns): /project/kh_mercury_1/boardex/data/output_filtered_by_columns
Total number of files in input folder: 3138
This process will cover file(s): 1765 to 1960
-----------------------------------------------------------
File name (kept): NA - Company Details_filtered.xlsx
Unique workbook name: Company Details
List of sheets to open: ['Company Details']
------
Sheet 0 : Company Details
% NaNs in first row 0.0 <= 50%, taking header = row 0 as usual
df.columns (before processing): Index(['CompanyID*', 'Company Name', 'HOAddress1', 'HOAddress2', 'HOAddress3',
       'HOAddress4', 'HOAddress5', 'HOCountryName', 'HO TelNumber',
       'HO FaxNumber', 'HO URL', 'CIK Code', 'ISIN', 'Ticker', 'Index',
       'Sector', 'Market Cap', 'Revenue at Year End ', 'Latest AR', 'Auditors',
       'Bankers'],
      dtype='object')
df.columns (after processing): Index(['CompanyID*', 'Company Name', 'HOAddress1', 'HOAddress2', 'HOAddress3',
       'HOAddress4', 'HOAddress5', 'HOCountryName', 'HO TelNumber',
       'HO FaxNumber', 'HO URL', 'CIK Code', 'ISIN', 'Ticker', 'Index',
       'Sector', 'Market Cap', 'Revenue at Year End', 'Latest AR', 'Auditors',
       'Bankers'],
      dtype='object')
List of cols to keep (before processing): ['CompanyID*', 'Bankers']
List of cols to keep (after processing): ['CompanyID*', 'Bankers']
df saved to: /project/kh_mercury_1/boardex/data/output_filtered_by_columns/NA - Company Details_filtered_cols.xlsx
-----------------------------------------------------------
File name (kept): NA - Board Summary - 3_filtered.xlsx
Unique workbook name: Board Summary
List of sheets to open: ['Board Summary']
------
Sheet 0 : Board Summary
% NaNs in first row 0.0 <= 50%, taking header = row 0 as usual
df.columns (before processing): Index(['Annual Report Year', 'Country', 'CompanyID*', 'Company Name', 'ISIN',
       'Ticker', 'Index', 'Sector', 'Director Type (ED or SD)', 'DirectorID*',
       'Individual Name', 'Individual Role', 'Director Network Size',
       'Time to Retirement', 'Time in Role', 'Time on Board',
       'Time in Company', 'Total Number of Quoted Boards to Date',
       'Total Number of Private Boards to Date',
       'Total Number of Other Boards to Date',
       'Total Number of Quoted Current Boards',
       'Total Number of Private Current Boards',
       'Total Number of Other Current Boards',
       'Avg. Yrs on Other Quoted Boards', 'Age (Yrs)',
       'Number of Qualifications', 'Gender', 'Nationality Mix',
       'Bonus/ (Bonus&Salary)', 'Equity Linked/ Total', 'Performance/ Total',
       '%Change from Last Period', 'Wealth Delta',
       'Total Directors on the Board', 'Number of SDs on Board',
       'Number of Independent NED on Board',
       'Executive Chairman present on Board or Combined role of CEO & Chairman is present (1- Yes, 0 - No)',
       'Number of Independent NED with past CFO/FD role ', 'Salary', 'Bonus',
       'D.C Pension', 'Other', 'Total Salary+Bonus',
       'Total Inc. D.C. Pension & Other', 'Shares', 'LTIPS(max)',
       'Vesting Date', 'Intrinsic Options (excercisable)',
       'Intrinsic Options (unexercisable)', 'Estimated Options (exercisable)',
       'Estimated Options (unexcercisable)', 'Share Price',
       'Total Equity Linked Compensation ', 'Total Annual Compensation ',
       'Shares.1', 'LTIPS(max).1', 'Intrinsic Option', 'Estimated Option',
       'Liquid Wealth', 'Total Wealth',
       'AUDIT COMMITTEE MEMBER   (if yes then put M)',
       'REMUNERATION/ COMPENSATION COMMITTEE MEMBER',
       'NOMINATION COMMITTEE MEMBER', 'AUDIT COMMITTEE SIZE',
       'REMUNERATION/ COMPENSATION COMMITTEE SIZE',
       'NOMINATION COMMITTEE SIZE',
       'Number of Independent NED on Audit Committee',
       'Number of Independent NED on Remuneration/ Compensation Committee',
       'Number of Independent NED on Nomination Committee',
       'Number of Independent NED on Audit (excluding Chairman Independent NED)',
       'Number of Independent NED on Remuneration/ Compensation (excluding Chairman Independent NED)',
       'Number of Independent NED on Nomination (excluding Chairman Independent NED)',
       'Number of Independent NED with functional expertise on Audit Committee'],
      dtype='object')
df.columns (after processing): Index(['Annual Report Year', 'Country', 'CompanyID*', 'Company Name', 'ISIN',
       'Ticker', 'Index', 'Sector', 'Director Type', 'DirectorID*',
       'Individual Name', 'Individual Role', 'Director Network Size',
       'Time to Retirement', 'Time in Role', 'Time on Board',
       'Time in Company', 'Total Number of Quoted Boards to Date',
       'Total Number of Private Boards to Date',
       'Total Number of Other Boards to Date',
       'Total Number of Quoted Current Boards',
       'Total Number of Private Current Boards',
       'Total Number of Other Current Boards',
       'Avg. Yrs on Other Quoted Boards', 'Age (Yrs)',
       'Number of Qualifications', 'Gender', 'Nationality Mix',
       'Bonus/ (Bonus&Salary)', 'Equity Linked/ Total', 'Performance/ Total',
       '%Change from Last Period', 'Wealth Delta',
       'Total Directors on the Board', 'Number of SDs on Board',
       'Number of Independent NED on Board',
       'Executive Chairman present on Board or Combined role of CEO & Chairman is present (1- Yes, 0 - No)',
       'Number of Independent NED with past CFO/FD role', 'Salary', 'Bonus',
       'D.C Pension', 'Other', 'Total Salary+Bonus',
       'Total Inc. D.C. Pension & Other', 'Shares', 'LTIPS(max)',
       'Vesting Date', 'Intrinsic Options (excercisable)',
       'Intrinsic Options (unexercisable)', 'Estimated Options (exercisable)',
       'Estimated Options (unexcercisable)', 'Share Price',
       'Total Equity Linked Compensation', 'Total Annual Compensation',
       'Shares.1', 'LTIPS(max).1', 'Intrinsic Option', 'Estimated Option',
       'Liquid Wealth', 'Total Wealth',
       'AUDIT COMMITTEE MEMBER   (if yes then put M)',
       'REMUNERATION/ COMPENSATION COMMITTEE MEMBER',
       'NOMINATION COMMITTEE MEMBER', 'AUDIT COMMITTEE SIZE',
       'REMUNERATION/ COMPENSATION COMMITTEE SIZE',
       'NOMINATION COMMITTEE SIZE',
       'Number of Independent NED on Audit Committee',
       'Number of Independent NED on Remuneration/ Compensation Committee',
       'Number of Independent NED on Nomination Committee',
       'Number of Independent NED on Audit (excluding Chairman Independent NED)',
       'Number of Independent NED on Remuneration/ Compensation (excluding Chairman Independent NED)',
       'Number of Independent NED on Nomination (excluding Chairman Independent NED)',
       'Number of Independent NED with functional expertise on Audit Committee'],
      dtype='object')
List of cols to keep (before processing): ['Annual Report Year', 'CompanyID*', 'Company Name', 'ISIN', 'Sector', 'Director Type', 'DirectorID*', 'Individual Name', 'Individual Role', 'Time in Role', 'Time on Board', 'Time in Company', 'Total Number of Quoted Boards to Date', 'Age (Yrs)', 'Gender', 'Nationality Mix', 'Bonus/ (Bonus&Salary)', 'Equity Linked/ Total', 'Performance/ Total', 'Total Directors on the Board', 'Salary', 'Total Annual Compensation ']
List of cols to keep (after processing): ['Annual Report Year', 'CompanyID*', 'Company Name', 'ISIN', 'Sector', 'Director Type', 'DirectorID*', 'Individual Name', 'Individual Role', 'Time in Role', 'Time on Board', 'Time in Company', 'Total Number of Quoted Boards to Date', 'Age (Yrs)', 'Gender', 'Nationality Mix', 'Bonus/ (Bonus&Salary)', 'Equity Linked/ Total', 'Performance/ Total', 'Total Directors on the Board', 'Salary', 'Total Annual Compensation']
df saved to: /project/kh_mercury_1/boardex/data/output_filtered_by_columns/NA - Board Summary - 3_filtered_cols.xlsx
/home/jasonjia/standard_env_jason/lib/python3.6/site-packages/openpyxl/worksheet/_reader.py:312: UserWarning: Conditional Formatting extension is not supported and will be removed
  warn(msg)
-----------------------------------------------------------
List of files kept: ['NA - Company Details_filtered.xlsx', 'NA - Board Summary - 3_filtered.xlsx']
------
List of files not kept: ['UK - Director Network - 50_filtered.xlsx', 'NA - SMDEs Network - 1473_filtered.xlsx', 'ROW - Director Network - 147_filtered.xlsx', 'UK - SMDEs Network - 162_filtered.xlsx', 'Europe - Director Network - 12_filtered.xlsx', 'UK - SMDEs Network - 116_filtered.xlsx', 'Europe - Director Network - 9_filtered.xlsx', 'ROW - SMDEs Network - 67_filtered.xlsx', 'ROW - Director Network - 47_filtered.xlsx', 'ROW - SMDEs Network - 14_filtered.xlsx', 'NA - SMDEs Network - 478_filtered.xlsx', 'NA - SMDEs Network - 54_filtered.xlsx', 'NA - SMDEs Network - 934_filtered.xlsx', 'NA - SMDEs Network - 932_filtered.xlsx', 'NA - SMDEs Network - 1251_filtered.xlsx', 'ROW - SMDEs Network - 169_filtered.xlsx', 'ROW - SMDEs Network - 64_filtered.xlsx', 'NA - SMDEs Network - 294_filtered.xlsx', 'NA - SMDEs Network - 501_filtered.xlsx', 'NA - SMDEs Network - 539_filtered.xlsx', 'UK - SMDEs Network - 151_filtered.xlsx', 'Europe - Director Network - 115_filtered.xlsx', 'NA - Director Network - 102_filtered.xlsx', 'NA - SMDEs Network - 327_filtered.xlsx', 'UK - SMDEs Network - 50_filtered.xlsx', 'ROW - Compensation - 2019_filtered.xlsx', 'NA - Director Network - 62_filtered.xlsx', 'NA - SMDEs Network - 384_filtered.xlsx', 'NA - SMDEs Network - 1326_filtered.xlsx', 'ROW - SMDEs Network - 16_filtered.xlsx', 'NA - Director Network - 419_filtered.xlsx', 'UK - SMDEs Compensation - 2011_filtered.xlsx', 'NA - Director Network - 303_filtered.xlsx', 'UK - SMDEs Network - 158_filtered.xlsx', 'UK - Committee Details_filtered.xlsx', 'ROW - Company Network - 3_filtered.xlsx', 'NA - SMDEs Network - 892_filtered.xlsx', 'ROW - SMDEs Network - 118_filtered.xlsx', 'ROW - SMDEs Compensation - 2008_filtered.xlsx', 'ROW - Director Network - 151_filtered.xlsx', 'NA - SMDEs Network - 62_filtered.xlsx', 'NA - SMDEs Network - 1054_filtered.xlsx', 'UK - Company Announcements_filtered.xlsx', 'NA - SMDEs Network - 644_filtered.xlsx', 'Europe - Director Network - 112_filtered.xlsx', 'NA - SMDEs Network - 555_filtered.xlsx', 'NA - SMDEs Network - 130_filtered.xlsx', 'Europe - Director Network - 16_filtered.xlsx', 'NA - SMDEs Network - 742_filtered.xlsx', 'NA - SMDEs Network - 582_filtered.xlsx', 'NA - SMDEs Network - 1002_filtered.xlsx', 'NA - SMDEs Network - 47_filtered.xlsx', 'NA - SMDEs Network - 404_filtered.xlsx', 'UK - SMDEs Network - 80_filtered.xlsx', 'UK - SMDEs Network - 123_filtered.xlsx', 'NA - SMDEs Network - 1286_filtered.xlsx', 'NA - SMDEs Network - 716_filtered.xlsx', 'NA - SMDEs Network - 1310_filtered.xlsx', 'UK - SMDEs Network - 60_filtered.xlsx', 'NA - SMDEs Network - 964_filtered.xlsx', 'NA - SMDEs Network - 4_filtered.xlsx', 'NA - SMDEs Network - 366_filtered.xlsx', 'ROW - Company Network - 8_filtered.xlsx', 'UK - Director Profile - Employment Current Board_filtered.xlsx', 'NA - SMDEs Network - 144_filtered.xlsx', 'Europe - Company Network - 12_filtered.xlsx', 'Europe - SMDEs Network - 10_filtered.xlsx', 'NA - Director Network - 391_filtered.xlsx', 'NA - SMDEs Network - 1415_filtered.xlsx', 'NA - SMDEs Network - 1185_filtered.xlsx', 'NA - SMDEs Network - 114_filtered.xlsx', 'NA - SMDEs Profile - Employment Current NonBoard_filtered.xlsx', 'Europe - SMDEs Network - 81_filtered.xlsx', 'NA - Company Network - 34_filtered.xlsx', 'NA - SMDEs Network - 788_filtered.xlsx', 'UK - SMDEs Network - 150_filtered.xlsx', 'NA - SMDEs Network - 693_filtered.xlsx', 'ROW - Company Network - 2_filtered.xlsx', 'NA - SMDEs Network - 460_filtered.xlsx', 'NA - SMDEs Network - 1244_filtered.xlsx', 'NA - SMDEs Network - 806_filtered.xlsx', 'UK - Director Network - 83_filtered.xlsx', 'NA - SMDEs Network - 197_filtered.xlsx', 'NA - SMDEs Network - 1077_filtered.xlsx', 'ROW - SMDEs Network - 33_filtered.xlsx', 'NA - SMDEs Network - 670_filtered.xlsx', 'UK - SMDEs Network - 6_filtered.xlsx', 'NA - SMDEs Network - 1042_filtered.xlsx', 'ROW - Director Network - 103_filtered.xlsx', 'Europe - SMDEs Network - 119_filtered.xlsx', 'ROW - SMDEs Compensation - 2011_filtered.xlsx', 'NA - SMDEs Network - 532_filtered.xlsx', 'Europe - Director Profile - Employment Current NonBoard_filtered.xlsx', 'ROW - Director Network - 118_filtered.xlsx', 'NA - SMDEs Profile - Employment Historical NonBoard - 1_filtered.xlsx', 'ROW - SMDEs Network - 1_filtered.xlsx', 'NA - SMDEs Network - 1013_filtered.xlsx', 'NA - SMDEs Network - 1242_filtered.xlsx', 'ROW - SMDEs Network - 136_filtered.xlsx', 'ROW - Director Network - 78_filtered.xlsx', 'Europe - SMDEs Network - 15_filtered.xlsx', 'NA - SMDEs Network - 279_filtered.xlsx', 'NA - SMDEs Network - 1007_filtered.xlsx', 'NA - SMDEs Network - 1205_filtered.xlsx', 'NA - SMDEs Network - 1316_filtered.xlsx', 'NA - SMDEs Network - 227_filtered.xlsx', 'NA - SMDEs Network - 1376_filtered.xlsx', 'Europe - SMDEs Network - 58_filtered.xlsx', 'ROW - SMDEs Network - 3_filtered.xlsx', 'NA - SMDEs Network - 1395_filtered.xlsx', 'ROW - Director Network - 65_filtered.xlsx', 'ROW - Compensation - 2020_filtered.xlsx', 'NA - Director Network - 7_filtered.xlsx', 'NA - SMDEs Network - 340_filtered.xlsx', 'NA - Company Network - 21_filtered.xlsx', 'NA - SMDEs Network - 1371_filtered.xlsx', 'NA - SMDEs Network - 1019_filtered.xlsx', 'NA - SMDEs Network - 642_filtered.xlsx', 'NA - Director Network - 336_filtered.xlsx', 'Europe - Director Network - 47_filtered.xlsx', 'UK - SMDEs Network - 114_filtered.xlsx', 'NA - SMDEs Network - 1029_filtered.xlsx', 'Europe - Director Network - 29_filtered.xlsx', 'ROW - SMDEs Network - 53_filtered.xlsx', 'NA - SMDEs Network - 1193_filtered.xlsx', 'UK - SMDEs Network - 89_filtered.xlsx', 'NA - SMDEs Network - 378_filtered.xlsx', 'ROW - Director Network - 89_filtered.xlsx', 'NA - SMDEs Network - 1160_filtered.xlsx', 'NA - Director Network - 186_filtered.xlsx', 'NA - SMDEs Network - 1213_filtered.xlsx', 'UK - Compensation - 2013_filtered.xlsx', 'Europe - SMDEs Compensation - 2004_filtered.xlsx', 'NA - SMDEs Network - 1319_filtered.xlsx', 'Europe - Director Network - 98_filtered.xlsx', 'Europe - SMDEs Network - 135_filtered.xlsx', 'NA - Director Network - 145_filtered.xlsx', 'NA - SMDEs Network - 615_filtered.xlsx', 'Europe - Director Network - 55_filtered.xlsx', 'NA - SMDEs Network - 109_filtered.xlsx', 'ROW - SMDEs Network - 46_filtered.xlsx', 'NA - SMDEs Network - 1044_filtered.xlsx', 'NA - SMDEs Network - 1487_filtered.xlsx', 'NA - Director Network - 19_filtered.xlsx', 'NA - SMDEs Network - 810_filtered.xlsx', 'NA - SMDEs Network - 1457_filtered.xlsx', 'ROW - Director Network - 19_filtered.xlsx', 'NA - Director Network - 21_filtered.xlsx', 'ROW - SMDEs Network - 104_filtered.xlsx', 'NA - SMDEs Network - 809_filtered.xlsx', 'NA - Director Network - 208_filtered.xlsx', 'NA - Director Network - 371_filtered.xlsx', 'NA - SMDEs Network - 182_filtered.xlsx', 'NA - SMDEs Network - 1354_filtered.xlsx', 'NA - Company Network - 25_filtered.xlsx', 'NA - SMDEs Network - 1020_filtered.xlsx', 'Europe - Director Network - 87_filtered.xlsx', 'NA - SMDEs Network - 1420_filtered.xlsx', 'UK - Company Network - 1_filtered.xlsx', 'NA - SMDEs Network - 1385_filtered.xlsx', 'Europe - SMDEs Network - 4_filtered.xlsx', 'NA - SMDEs Network - 826_filtered.xlsx', 'NA - SMDEs Network - 629_filtered.xlsx', 'UK - Director Network - 49_filtered.xlsx', 'NA - SMDEs Network - 1140_filtered.xlsx', 'NA - SMDEs Network - 580_filtered.xlsx', 'NA - Director Network - 139_filtered.xlsx', 'NA - SMDEs Network - 924_filtered.xlsx', 'UK - Director Network - 93_filtered.xlsx', 'UK - SMDEs Network - 84_filtered.xlsx', 'ROW - SMDEs Network - 71_filtered.xlsx', 'Europe - SMDEs Network - 105_filtered.xlsx', 'NA - SMDEs Network - 56_filtered.xlsx', 'NA - SMDEs Network - 134_filtered.xlsx', 'NA - SMDEs Network - 665_filtered.xlsx', 'ROW - SMDEs Network - 85_filtered.xlsx', 'NA - Director Network - 332_filtered.xlsx', 'NA - SMDEs Network - 1021_filtered.xlsx', 'Europe - Compensation - 2010_filtered.xlsx', 'ROW - SMDEs Compensation - 2020_filtered.xlsx', 'ROW - SMDEs Network - 127_filtered.xlsx', 'UK - SMDEs Network - 191_filtered.xlsx', 'UK - SMDEs Profile - Employment Historical Board_filtered.xlsx', 'Europe - SMDEs Network - 48_filtered.xlsx', 'UK - SMDEs Network - 152_filtered.xlsx', 'NA - Director Network - 91_filtered.xlsx', 'ROW - SMDEs Network - 102_filtered.xlsx', 'UK - Director Network - 74_filtered.xlsx', 'UK - Director Network - 62_filtered.xlsx', 'NA - SMDEs Network - 822_filtered.xlsx', 'UK - SMDEs Network - 185_filtered.xlsx', 'NA - SMDEs Network - 292_filtered.xlsx', 'NA - SMDEs Network - 1182_filtered.xlsx', 'NA - SMDEs Network - 666_filtered.xlsx']
Done!
