-------------------------------------------
Job ID: 10633144
Job User: jasonjia
Num Cores: 8
Array(Task ID): 1 of 8
Defaulting to user installation because normal site-packages is not writeable
Requirement already satisfied: openpyxl in /home/jasonjia/.local/lib/python3.8/site-packages (3.1.2)
Requirement already satisfied: et-xmlfile in /home/jasonjia/.local/lib/python3.8/site-packages (from openpyxl) (1.1.0)

[notice] A new release of pip is available: 23.0.1 -> 23.1.2
[notice] To update, run: pip install --upgrade pip
Program Path: filter_data_by_rows.py
Input Directory: /project/kh_mercury_1/manager_and_board_characteristics/data/boardex/na_network/na_network_5
Output Directory: /project/kh_mercury_1/manager_and_board_characteristics/output/02_get_initial_datasets/output_filtered_by_rows
Filepath to list of company IDs we want to filter by: /project/kh_mercury_1/manager_and_board_characteristics/output/01_convert_isins_and_gvkeys_to_boardex_companyids/companyids_to_search_for/companyids_to_search_for.xlsx
-------------------------------------------
This is array 1 / 8
Input Dir: /project/kh_mercury_1/manager_and_board_characteristics/data/boardex/na_network/na_network_5
Output Dir: /project/kh_mercury_1/manager_and_board_characteristics/output/02_get_initial_datasets/output_filtered_by_rows
Filepath to list of company IDs we want to filter by: /project/kh_mercury_1/manager_and_board_characteristics/output/01_convert_isins_and_gvkeys_to_boardex_companyids/companyids_to_search_for/companyids_to_search_for.xlsx
Total number of files: 100
This process will cover file(s): 1 to 12
-------------------------------------------
Filepath: /project/kh_mercury_1/manager_and_board_characteristics/data/boardex/na_network/na_network_5/NA - Director Network - 79.xlsx
% NaNs in first row: 95.5 > 50%, taking category = row 0 and variable name = row 1
df.columns: Index(['DirectorID*', 'Last Name', 'First Name', 'Middle Name',
       'Connected Director Details - Linked DirectorID*',
       'Connected Director Details - Linked Last Name',
       'Connected Director Details - Linked First Name',
       'Connected Director Details - Linked Middle Name',
       'Connected Director Details - Connected CompanyID*',
       'Connected Director Details - Connected Company',
       'Connected Director Details - Index',
       'Connected Director Details - Sector',
       'Connected Director Details - Country',
       'Connected Director Details - Company Type',
       'Connected Director Details - Overlapping Person's Role ',
       'Connected Director Details - Linked ED/NED/Non-Brd',
       'Connected Director Details - Individual's Role Title',
       'Connected Director Details - ED/NED/Non-Brd',
       'Connected Director Details - Start Overlap',
       'Connected Director Details - End Overlap',
       'Connected Director Details - Current/Historic',
       'Connected Director Details - Duration (Years)'],
      dtype='object')
Shape of filtered df: (67649, 22)
Saved filtered df to: /project/kh_mercury_1/manager_and_board_characteristics/output/02_get_initial_datasets/output_filtered_by_rows/NA - Director Network - 79_filtered.xlsx
-------------------------------------------
Filepath: /project/kh_mercury_1/manager_and_board_characteristics/data/boardex/na_network/na_network_5/NA - SMDEs Network - 1056.xlsx
% NaNs in first row: 95.5 > 50%, taking category = row 0 and variable name = row 1
df.columns: Index(['DirectorID*', 'Last Name', 'First Name', 'Middle Name',
       'Connected Director Details - Linked DirectorID*',
       'Connected Director Details - Linked Last Name',
       'Connected Director Details - Linked First Name',
       'Connected Director Details - Linked Middle Name',
       'Connected Director Details - Connected CompanyID*',
       'Connected Director Details - Connected Company',
       'Connected Director Details - Index',
       'Connected Director Details - Sector',
       'Connected Director Details - Country',
       'Connected Director Details - Company Type',
       'Connected Director Details - Overlapping Person's Role',
       'Connected Director Details - Linked ED/NED/Non-Brd',
       'Connected Director Details - Individual's Role Title',
       'Connected Director Details - ED/NED/Non-Brd',
       'Connected Director Details - Start Overlap',
       'Connected Director Details - End Overlap',
       'Connected Director Details - Current/Historic',
       'Connected Director Details - Duration (Years)'],
      dtype='object')
No matching entries in this df, skipping df
-------------------------------------------
Filepath: /project/kh_mercury_1/manager_and_board_characteristics/data/boardex/na_network/na_network_5/NA - Director Network - 83.xlsx
% NaNs in first row: 95.5 > 50%, taking category = row 0 and variable name = row 1
df.columns: Index(['DirectorID*', 'Last Name', 'First Name', 'Middle Name',
       'Connected Director Details - Linked DirectorID*',
       'Connected Director Details - Linked Last Name',
       'Connected Director Details - Linked First Name',
       'Connected Director Details - Linked Middle Name',
       'Connected Director Details - Connected CompanyID*',
       'Connected Director Details - Connected Company',
       'Connected Director Details - Index',
       'Connected Director Details - Sector',
       'Connected Director Details - Country',
       'Connected Director Details - Company Type',
       'Connected Director Details - Overlapping Person's Role ',
       'Connected Director Details - Linked ED/NED/Non-Brd',
       'Connected Director Details - Individual's Role Title',
       'Connected Director Details - ED/NED/Non-Brd',
       'Connected Director Details - Start Overlap',
       'Connected Director Details - End Overlap',
       'Connected Director Details - Current/Historic',
       'Connected Director Details - Duration (Years)'],
      dtype='object')
Shape of filtered df: (84853, 22)
Saved filtered df to: /project/kh_mercury_1/manager_and_board_characteristics/output/02_get_initial_datasets/output_filtered_by_rows/NA - Director Network - 83_filtered.xlsx
-------------------------------------------
Filepath: /project/kh_mercury_1/manager_and_board_characteristics/data/boardex/na_network/na_network_5/NA - SMDEs Network - 1029.xlsx
% NaNs in first row: 95.5 > 50%, taking category = row 0 and variable name = row 1
df.columns: Index(['DirectorID*', 'Last Name', 'First Name', 'Middle Name',
       'Connected Director Details - Linked DirectorID*',
       'Connected Director Details - Linked Last Name',
       'Connected Director Details - Linked First Name',
       'Connected Director Details - Linked Middle Name',
       'Connected Director Details - Connected CompanyID*',
       'Connected Director Details - Connected Company',
       'Connected Director Details - Index',
       'Connected Director Details - Sector',
       'Connected Director Details - Country',
       'Connected Director Details - Company Type',
       'Connected Director Details - Overlapping Person's Role',
       'Connected Director Details - Linked ED/NED/Non-Brd',
       'Connected Director Details - Individual's Role Title',
       'Connected Director Details - ED/NED/Non-Brd',
       'Connected Director Details - Start Overlap',
       'Connected Director Details - End Overlap',
       'Connected Director Details - Current/Historic',
       'Connected Director Details - Duration (Years)'],
      dtype='object')
Shape of filtered df: (5223, 22)
Saved filtered df to: /project/kh_mercury_1/manager_and_board_characteristics/output/02_get_initial_datasets/output_filtered_by_rows/NA - SMDEs Network - 1029_filtered.xlsx
-------------------------------------------
Filepath: /project/kh_mercury_1/manager_and_board_characteristics/data/boardex/na_network/na_network_5/NA - SMDEs Network - 1048.xlsx
% NaNs in first row: 95.5 > 50%, taking category = row 0 and variable name = row 1
df.columns: Index(['DirectorID*', 'Last Name', 'First Name', 'Middle Name',
       'Connected Director Details - Linked DirectorID*',
       'Connected Director Details - Linked Last Name',
       'Connected Director Details - Linked First Name',
       'Connected Director Details - Linked Middle Name',
       'Connected Director Details - Connected CompanyID*',
       'Connected Director Details - Connected Company',
       'Connected Director Details - Index',
       'Connected Director Details - Sector',
       'Connected Director Details - Country',
       'Connected Director Details - Company Type',
       'Connected Director Details - Overlapping Person's Role',
       'Connected Director Details - Linked ED/NED/Non-Brd',
       'Connected Director Details - Individual's Role Title',
       'Connected Director Details - ED/NED/Non-Brd',
       'Connected Director Details - Start Overlap',
       'Connected Director Details - End Overlap',
       'Connected Director Details - Current/Historic',
       'Connected Director Details - Duration (Years)'],
      dtype='object')
Shape of filtered df: (12469, 22)
Saved filtered df to: /project/kh_mercury_1/manager_and_board_characteristics/output/02_get_initial_datasets/output_filtered_by_rows/NA - SMDEs Network - 1048_filtered.xlsx
-------------------------------------------
Filepath: /project/kh_mercury_1/manager_and_board_characteristics/data/boardex/na_network/na_network_5/NA - SMDEs Network - 1028.xlsx
% NaNs in first row: 95.5 > 50%, taking category = row 0 and variable name = row 1
df.columns: Index(['DirectorID*', 'Last Name', 'First Name', 'Middle Name',
       'Connected Director Details - Linked DirectorID*',
       'Connected Director Details - Linked Last Name',
       'Connected Director Details - Linked First Name',
       'Connected Director Details - Linked Middle Name',
       'Connected Director Details - Connected CompanyID*',
       'Connected Director Details - Connected Company',
       'Connected Director Details - Index',
       'Connected Director Details - Sector',
       'Connected Director Details - Country',
       'Connected Director Details - Company Type',
       'Connected Director Details - Overlapping Person's Role',
       'Connected Director Details - Linked ED/NED/Non-Brd',
       'Connected Director Details - Individual's Role Title',
       'Connected Director Details - ED/NED/Non-Brd',
       'Connected Director Details - Start Overlap',
       'Connected Director Details - End Overlap',
       'Connected Director Details - Current/Historic',
       'Connected Director Details - Duration (Years)'],
      dtype='object')
Shape of filtered df: (34775, 22)
Saved filtered df to: /project/kh_mercury_1/manager_and_board_characteristics/output/02_get_initial_datasets/output_filtered_by_rows/NA - SMDEs Network - 1028_filtered.xlsx
-------------------------------------------
Filepath: /project/kh_mercury_1/manager_and_board_characteristics/data/boardex/na_network/na_network_5/NA - Director Network - 77.xlsx
% NaNs in first row: 95.5 > 50%, taking category = row 0 and variable name = row 1
df.columns: Index(['DirectorID*', 'Last Name', 'First Name', 'Middle Name',
       'Connected Director Details - Linked DirectorID*',
       'Connected Director Details - Linked Last Name',
       'Connected Director Details - Linked First Name',
       'Connected Director Details - Linked Middle Name',
       'Connected Director Details - Connected CompanyID*',
       'Connected Director Details - Connected Company',
       'Connected Director Details - Index',
       'Connected Director Details - Sector',
       'Connected Director Details - Country',
       'Connected Director Details - Company Type',
       'Connected Director Details - Overlapping Person's Role ',
       'Connected Director Details - Linked ED/NED/Non-Brd',
       'Connected Director Details - Individual's Role Title',
       'Connected Director Details - ED/NED/Non-Brd',
       'Connected Director Details - Start Overlap',
       'Connected Director Details - End Overlap',
       'Connected Director Details - Current/Historic',
       'Connected Director Details - Duration (Years)'],
      dtype='object')
Shape of filtered df: (668, 22)
Saved filtered df to: /project/kh_mercury_1/manager_and_board_characteristics/output/02_get_initial_datasets/output_filtered_by_rows/NA - Director Network - 77_filtered.xlsx
-------------------------------------------
Filepath: /project/kh_mercury_1/manager_and_board_characteristics/data/boardex/na_network/na_network_5/NA - SMDEs Network - 1013.xlsx
% NaNs in first row: 95.5 > 50%, taking category = row 0 and variable name = row 1
df.columns: Index(['DirectorID*', 'Last Name', 'First Name', 'Middle Name',
       'Connected Director Details - Linked DirectorID*',
       'Connected Director Details - Linked Last Name',
       'Connected Director Details - Linked First Name',
       'Connected Director Details - Linked Middle Name',
       'Connected Director Details - Connected CompanyID*',
       'Connected Director Details - Connected Company',
       'Connected Director Details - Index',
       'Connected Director Details - Sector',
       'Connected Director Details - Country',
       'Connected Director Details - Company Type',
       'Connected Director Details - Overlapping Person's Role',
       'Connected Director Details - Linked ED/NED/Non-Brd',
       'Connected Director Details - Individual's Role Title',
       'Connected Director Details - ED/NED/Non-Brd',
       'Connected Director Details - Start Overlap',
       'Connected Director Details - End Overlap',
       'Connected Director Details - Current/Historic',
       'Connected Director Details - Duration (Years)'],
      dtype='object')
Shape of filtered df: (17997, 22)
Saved filtered df to: /project/kh_mercury_1/manager_and_board_characteristics/output/02_get_initial_datasets/output_filtered_by_rows/NA - SMDEs Network - 1013_filtered.xlsx
-------------------------------------------
Filepath: /project/kh_mercury_1/manager_and_board_characteristics/data/boardex/na_network/na_network_5/NA - SMDEs Network - 1031.xlsx
% NaNs in first row: 95.5 > 50%, taking category = row 0 and variable name = row 1
df.columns: Index(['DirectorID*', 'Last Name', 'First Name', 'Middle Name',
       'Connected Director Details - Linked DirectorID*',
       'Connected Director Details - Linked Last Name',
       'Connected Director Details - Linked First Name',
       'Connected Director Details - Linked Middle Name',
       'Connected Director Details - Connected CompanyID*',
       'Connected Director Details - Connected Company',
       'Connected Director Details - Index',
       'Connected Director Details - Sector',
       'Connected Director Details - Country',
       'Connected Director Details - Company Type',
       'Connected Director Details - Overlapping Person's Role',
       'Connected Director Details - Linked ED/NED/Non-Brd',
       'Connected Director Details - Individual's Role Title',
       'Connected Director Details - ED/NED/Non-Brd',
       'Connected Director Details - Start Overlap',
       'Connected Director Details - End Overlap',
       'Connected Director Details - Current/Historic',
       'Connected Director Details - Duration (Years)'],
      dtype='object')
Shape of filtered df: (28175, 22)
Saved filtered df to: /project/kh_mercury_1/manager_and_board_characteristics/output/02_get_initial_datasets/output_filtered_by_rows/NA - SMDEs Network - 1031_filtered.xlsx
-------------------------------------------
Filepath: /project/kh_mercury_1/manager_and_board_characteristics/data/boardex/na_network/na_network_5/NA - Director Network - 85.xlsx
% NaNs in first row: 95.5 > 50%, taking category = row 0 and variable name = row 1
df.columns: Index(['DirectorID*', 'Last Name', 'First Name', 'Middle Name',
       'Connected Director Details - Linked DirectorID*',
       'Connected Director Details - Linked Last Name',
       'Connected Director Details - Linked First Name',
       'Connected Director Details - Linked Middle Name',
       'Connected Director Details - Connected CompanyID*',
       'Connected Director Details - Connected Company',
       'Connected Director Details - Index',
       'Connected Director Details - Sector',
       'Connected Director Details - Country',
       'Connected Director Details - Company Type',
       'Connected Director Details - Overlapping Person's Role ',
       'Connected Director Details - Linked ED/NED/Non-Brd',
       'Connected Director Details - Individual's Role Title',
       'Connected Director Details - ED/NED/Non-Brd',
       'Connected Director Details - Start Overlap',
       'Connected Director Details - End Overlap',
       'Connected Director Details - Current/Historic',
       'Connected Director Details - Duration (Years)'],
      dtype='object')
Shape of filtered df: (39719, 22)
Saved filtered df to: /project/kh_mercury_1/manager_and_board_characteristics/output/02_get_initial_datasets/output_filtered_by_rows/NA - Director Network - 85_filtered.xlsx
-------------------------------------------
Filepath: /project/kh_mercury_1/manager_and_board_characteristics/data/boardex/na_network/na_network_5/NA - Director Network - 95.xlsx
% NaNs in first row: 95.5 > 50%, taking category = row 0 and variable name = row 1
df.columns: Index(['DirectorID*', 'Last Name', 'First Name', 'Middle Name',
       'Connected Director Details - Linked DirectorID*',
       'Connected Director Details - Linked Last Name',
       'Connected Director Details - Linked First Name',
       'Connected Director Details - Linked Middle Name',
       'Connected Director Details - Connected CompanyID*',
       'Connected Director Details - Connected Company',
       'Connected Director Details - Index',
       'Connected Director Details - Sector',
       'Connected Director Details - Country',
       'Connected Director Details - Company Type',
       'Connected Director Details - Overlapping Person's Role ',
       'Connected Director Details - Linked ED/NED/Non-Brd',
       'Connected Director Details - Individual's Role Title',
       'Connected Director Details - ED/NED/Non-Brd',
       'Connected Director Details - Start Overlap',
       'Connected Director Details - End Overlap',
       'Connected Director Details - Current/Historic',
       'Connected Director Details - Duration (Years)'],
      dtype='object')
Shape of filtered df: (98281, 22)
Saved filtered df to: /project/kh_mercury_1/manager_and_board_characteristics/output/02_get_initial_datasets/output_filtered_by_rows/NA - Director Network - 95_filtered.xlsx
-------------------------------------------
Filepath: /project/kh_mercury_1/manager_and_board_characteristics/data/boardex/na_network/na_network_5/NA - SMDEs Network - 1018.xlsx
% NaNs in first row: 95.5 > 50%, taking category = row 0 and variable name = row 1
df.columns: Index(['DirectorID*', 'Last Name', 'First Name', 'Middle Name',
       'Connected Director Details - Linked DirectorID*',
       'Connected Director Details - Linked Last Name',
       'Connected Director Details - Linked First Name',
       'Connected Director Details - Linked Middle Name',
       'Connected Director Details - Connected CompanyID*',
       'Connected Director Details - Connected Company',
       'Connected Director Details - Index',
       'Connected Director Details - Sector',
       'Connected Director Details - Country',
       'Connected Director Details - Company Type',
       'Connected Director Details - Overlapping Person's Role',
       'Connected Director Details - Linked ED/NED/Non-Brd',
       'Connected Director Details - Individual's Role Title',
       'Connected Director Details - ED/NED/Non-Brd',
       'Connected Director Details - Start Overlap',
       'Connected Director Details - End Overlap',
       'Connected Director Details - Current/Historic',
       'Connected Director Details - Duration (Years)'],
      dtype='object')
Shape of filtered df: (13018, 22)
Saved filtered df to: /project/kh_mercury_1/manager_and_board_characteristics/output/02_get_initial_datasets/output_filtered_by_rows/NA - SMDEs Network - 1018_filtered.xlsx
-------------------------------------------
Done!
