-------------------------------------------
Job ID: 10633165
Job User: jasonjia
Num Cores: 8
Array(Task ID): 7 of 8
Defaulting to user installation because normal site-packages is not writeable
Requirement already satisfied: openpyxl in /home/jasonjia/.local/lib/python3.8/site-packages (3.1.2)
Requirement already satisfied: et-xmlfile in /home/jasonjia/.local/lib/python3.8/site-packages (from openpyxl) (1.1.0)

[notice] A new release of pip is available: 23.0.1 -> 23.1.2
[notice] To update, run: pip install --upgrade pip
Program Path: filter_data_by_rows.py
Input Directory: /project/kh_mercury_1/manager_and_board_characteristics/data/boardex/na_network/na_network_7
Output Directory: /project/kh_mercury_1/manager_and_board_characteristics/output/02_get_initial_datasets/output_filtered_by_rows
Filepath to list of company IDs we want to filter by: /project/kh_mercury_1/manager_and_board_characteristics/output/01_convert_isins_and_gvkeys_to_boardex_companyids/companyids_to_search_for/companyids_to_search_for.xlsx
-------------------------------------------
This is array 7 / 8
Input Dir: /project/kh_mercury_1/manager_and_board_characteristics/data/boardex/na_network/na_network_7
Output Dir: /project/kh_mercury_1/manager_and_board_characteristics/output/02_get_initial_datasets/output_filtered_by_rows
Filepath to list of company IDs we want to filter by: /project/kh_mercury_1/manager_and_board_characteristics/output/01_convert_isins_and_gvkeys_to_boardex_companyids/companyids_to_search_for/companyids_to_search_for.xlsx
Total number of files: 100
This process will cover file(s): 73 to 84
-------------------------------------------
Filepath: /project/kh_mercury_1/manager_and_board_characteristics/data/boardex/na_network/na_network_7/NA - SMDEs Network - 1199.xlsx
% NaNs in first row: 95.5 > 50%, taking category = row 0 and variable name = row 1
df.columns: Index(['DirectorID*', 'Last Name', 'First Name', 'Middle Name',
       'Connected Director Details - Linked DirectorID*',
       'Connected Director Details - Linked Last Name',
       'Connected Director Details - Linked First Name',
       'Connected Director Details - Linked Middle Name',
       'Connected Director Details - Connected CompanyID*',
       'Connected Director Details - Connected Company',
       'Connected Director Details - Index',
       'Connected Director Details - Sector',
       'Connected Director Details - Country',
       'Connected Director Details - Company Type',
       'Connected Director Details - Overlapping Person's Role',
       'Connected Director Details - Linked ED/NED/Non-Brd',
       'Connected Director Details - Individual's Role Title',
       'Connected Director Details - ED/NED/Non-Brd',
       'Connected Director Details - Start Overlap',
       'Connected Director Details - End Overlap',
       'Connected Director Details - Current/Historic',
       'Connected Director Details - Duration (Years)'],
      dtype='object')
Shape of filtered df: (7579, 22)
Saved filtered df to: /project/kh_mercury_1/manager_and_board_characteristics/output/02_get_initial_datasets/output_filtered_by_rows/NA - SMDEs Network - 1199_filtered.xlsx
-------------------------------------------
Filepath: /project/kh_mercury_1/manager_and_board_characteristics/data/boardex/na_network/na_network_7/NA - SMDEs Network - 1169.xlsx
% NaNs in first row: 95.5 > 50%, taking category = row 0 and variable name = row 1
df.columns: Index(['DirectorID*', 'Last Name', 'First Name', 'Middle Name',
       'Connected Director Details - Linked DirectorID*',
       'Connected Director Details - Linked Last Name',
       'Connected Director Details - Linked First Name',
       'Connected Director Details - Linked Middle Name',
       'Connected Director Details - Connected CompanyID*',
       'Connected Director Details - Connected Company',
       'Connected Director Details - Index',
       'Connected Director Details - Sector',
       'Connected Director Details - Country',
       'Connected Director Details - Company Type',
       'Connected Director Details - Overlapping Person's Role',
       'Connected Director Details - Linked ED/NED/Non-Brd',
       'Connected Director Details - Individual's Role Title',
       'Connected Director Details - ED/NED/Non-Brd',
       'Connected Director Details - Start Overlap',
       'Connected Director Details - End Overlap',
       'Connected Director Details - Current/Historic',
       'Connected Director Details - Duration (Years)'],
      dtype='object')
Shape of filtered df: (51748, 22)
Saved filtered df to: /project/kh_mercury_1/manager_and_board_characteristics/output/02_get_initial_datasets/output_filtered_by_rows/NA - SMDEs Network - 1169_filtered.xlsx
-------------------------------------------
Filepath: /project/kh_mercury_1/manager_and_board_characteristics/data/boardex/na_network/na_network_7/NA - SMDEs Network - 1220.xlsx
% NaNs in first row: 95.5 > 50%, taking category = row 0 and variable name = row 1
df.columns: Index(['DirectorID*', 'Last Name', 'First Name', 'Middle Name',
       'Connected Director Details - Linked DirectorID*',
       'Connected Director Details - Linked Last Name',
       'Connected Director Details - Linked First Name',
       'Connected Director Details - Linked Middle Name',
       'Connected Director Details - Connected CompanyID*',
       'Connected Director Details - Connected Company',
       'Connected Director Details - Index',
       'Connected Director Details - Sector',
       'Connected Director Details - Country',
       'Connected Director Details - Company Type',
       'Connected Director Details - Overlapping Person's Role',
       'Connected Director Details - Linked ED/NED/Non-Brd',
       'Connected Director Details - Individual's Role Title',
       'Connected Director Details - ED/NED/Non-Brd',
       'Connected Director Details - Start Overlap',
       'Connected Director Details - End Overlap',
       'Connected Director Details - Current/Historic',
       'Connected Director Details - Duration (Years)'],
      dtype='object')
Shape of filtered df: (129164, 22)
Saved filtered df to: /project/kh_mercury_1/manager_and_board_characteristics/output/02_get_initial_datasets/output_filtered_by_rows/NA - SMDEs Network - 1220_filtered.xlsx
-------------------------------------------
Filepath: /project/kh_mercury_1/manager_and_board_characteristics/data/boardex/na_network/na_network_7/NA - SMDEs Network - 1240.xlsx
% NaNs in first row: 95.5 > 50%, taking category = row 0 and variable name = row 1
df.columns: Index(['DirectorID*', 'Last Name', 'First Name', 'Middle Name',
       'Connected Director Details - Linked DirectorID*',
       'Connected Director Details - Linked Last Name',
       'Connected Director Details - Linked First Name',
       'Connected Director Details - Linked Middle Name',
       'Connected Director Details - Connected CompanyID*',
       'Connected Director Details - Connected Company',
       'Connected Director Details - Index',
       'Connected Director Details - Sector',
       'Connected Director Details - Country',
       'Connected Director Details - Company Type',
       'Connected Director Details - Overlapping Person's Role',
       'Connected Director Details - Linked ED/NED/Non-Brd',
       'Connected Director Details - Individual's Role Title',
       'Connected Director Details - ED/NED/Non-Brd',
       'Connected Director Details - Start Overlap',
       'Connected Director Details - End Overlap',
       'Connected Director Details - Current/Historic',
       'Connected Director Details - Duration (Years)'],
      dtype='object')
Shape of filtered df: (22172, 22)
Saved filtered df to: /project/kh_mercury_1/manager_and_board_characteristics/output/02_get_initial_datasets/output_filtered_by_rows/NA - SMDEs Network - 1240_filtered.xlsx
-------------------------------------------
Filepath: /project/kh_mercury_1/manager_and_board_characteristics/data/boardex/na_network/na_network_7/NA - SMDEs Network - 1239.xlsx
% NaNs in first row: 95.5 > 50%, taking category = row 0 and variable name = row 1
df.columns: Index(['DirectorID*', 'Last Name', 'First Name', 'Middle Name',
       'Connected Director Details - Linked DirectorID*',
       'Connected Director Details - Linked Last Name',
       'Connected Director Details - Linked First Name',
       'Connected Director Details - Linked Middle Name',
       'Connected Director Details - Connected CompanyID*',
       'Connected Director Details - Connected Company',
       'Connected Director Details - Index',
       'Connected Director Details - Sector',
       'Connected Director Details - Country',
       'Connected Director Details - Company Type',
       'Connected Director Details - Overlapping Person's Role',
       'Connected Director Details - Linked ED/NED/Non-Brd',
       'Connected Director Details - Individual's Role Title',
       'Connected Director Details - ED/NED/Non-Brd',
       'Connected Director Details - Start Overlap',
       'Connected Director Details - End Overlap',
       'Connected Director Details - Current/Historic',
       'Connected Director Details - Duration (Years)'],
      dtype='object')
Shape of filtered df: (12307, 22)
Saved filtered df to: /project/kh_mercury_1/manager_and_board_characteristics/output/02_get_initial_datasets/output_filtered_by_rows/NA - SMDEs Network - 1239_filtered.xlsx
-------------------------------------------
Filepath: /project/kh_mercury_1/manager_and_board_characteristics/data/boardex/na_network/na_network_7/NA - SMDEs Network - 1237.xlsx
% NaNs in first row: 95.5 > 50%, taking category = row 0 and variable name = row 1
df.columns: Index(['DirectorID*', 'Last Name', 'First Name', 'Middle Name',
       'Connected Director Details - Linked DirectorID*',
       'Connected Director Details - Linked Last Name',
       'Connected Director Details - Linked First Name',
       'Connected Director Details - Linked Middle Name',
       'Connected Director Details - Connected CompanyID*',
       'Connected Director Details - Connected Company',
       'Connected Director Details - Index',
       'Connected Director Details - Sector',
       'Connected Director Details - Country',
       'Connected Director Details - Company Type',
       'Connected Director Details - Overlapping Person's Role',
       'Connected Director Details - Linked ED/NED/Non-Brd',
       'Connected Director Details - Individual's Role Title',
       'Connected Director Details - ED/NED/Non-Brd',
       'Connected Director Details - Start Overlap',
       'Connected Director Details - End Overlap',
       'Connected Director Details - Current/Historic',
       'Connected Director Details - Duration (Years)'],
      dtype='object')
Shape of filtered df: (75541, 22)
Saved filtered df to: /project/kh_mercury_1/manager_and_board_characteristics/output/02_get_initial_datasets/output_filtered_by_rows/NA - SMDEs Network - 1237_filtered.xlsx
-------------------------------------------
Filepath: /project/kh_mercury_1/manager_and_board_characteristics/data/boardex/na_network/na_network_7/NA - SMDEs Network - 1198.xlsx
% NaNs in first row: 95.5 > 50%, taking category = row 0 and variable name = row 1
df.columns: Index(['DirectorID*', 'Last Name', 'First Name', 'Middle Name',
       'Connected Director Details - Linked DirectorID*',
       'Connected Director Details - Linked Last Name',
       'Connected Director Details - Linked First Name',
       'Connected Director Details - Linked Middle Name',
       'Connected Director Details - Connected CompanyID*',
       'Connected Director Details - Connected Company',
       'Connected Director Details - Index',
       'Connected Director Details - Sector',
       'Connected Director Details - Country',
       'Connected Director Details - Company Type',
       'Connected Director Details - Overlapping Person's Role',
       'Connected Director Details - Linked ED/NED/Non-Brd',
       'Connected Director Details - Individual's Role Title',
       'Connected Director Details - ED/NED/Non-Brd',
       'Connected Director Details - Start Overlap',
       'Connected Director Details - End Overlap',
       'Connected Director Details - Current/Historic',
       'Connected Director Details - Duration (Years)'],
      dtype='object')
Shape of filtered df: (54598, 22)
Saved filtered df to: /project/kh_mercury_1/manager_and_board_characteristics/output/02_get_initial_datasets/output_filtered_by_rows/NA - SMDEs Network - 1198_filtered.xlsx
-------------------------------------------
Filepath: /project/kh_mercury_1/manager_and_board_characteristics/data/boardex/na_network/na_network_7/NA - SMDEs Network - 1182.xlsx
% NaNs in first row: 95.5 > 50%, taking category = row 0 and variable name = row 1
df.columns: Index(['DirectorID*', 'Last Name', 'First Name', 'Middle Name',
       'Connected Director Details - Linked DirectorID*',
       'Connected Director Details - Linked Last Name',
       'Connected Director Details - Linked First Name',
       'Connected Director Details - Linked Middle Name',
       'Connected Director Details - Connected CompanyID*',
       'Connected Director Details - Connected Company',
       'Connected Director Details - Index',
       'Connected Director Details - Sector',
       'Connected Director Details - Country',
       'Connected Director Details - Company Type',
       'Connected Director Details - Overlapping Person's Role',
       'Connected Director Details - Linked ED/NED/Non-Brd',
       'Connected Director Details - Individual's Role Title',
       'Connected Director Details - ED/NED/Non-Brd',
       'Connected Director Details - Start Overlap',
       'Connected Director Details - End Overlap',
       'Connected Director Details - Current/Historic',
       'Connected Director Details - Duration (Years)'],
      dtype='object')
Shape of filtered df: (49550, 22)
Saved filtered df to: /project/kh_mercury_1/manager_and_board_characteristics/output/02_get_initial_datasets/output_filtered_by_rows/NA - SMDEs Network - 1182_filtered.xlsx
-------------------------------------------
Filepath: /project/kh_mercury_1/manager_and_board_characteristics/data/boardex/na_network/na_network_7/NA - SMDEs Network - 1168.xlsx
% NaNs in first row: 95.5 > 50%, taking category = row 0 and variable name = row 1
df.columns: Index(['DirectorID*', 'Last Name', 'First Name', 'Middle Name',
       'Connected Director Details - Linked DirectorID*',
       'Connected Director Details - Linked Last Name',
       'Connected Director Details - Linked First Name',
       'Connected Director Details - Linked Middle Name',
       'Connected Director Details - Connected CompanyID*',
       'Connected Director Details - Connected Company',
       'Connected Director Details - Index',
       'Connected Director Details - Sector',
       'Connected Director Details - Country',
       'Connected Director Details - Company Type',
       'Connected Director Details - Overlapping Person's Role',
       'Connected Director Details - Linked ED/NED/Non-Brd',
       'Connected Director Details - Individual's Role Title',
       'Connected Director Details - ED/NED/Non-Brd',
       'Connected Director Details - Start Overlap',
       'Connected Director Details - End Overlap',
       'Connected Director Details - Current/Historic',
       'Connected Director Details - Duration (Years)'],
      dtype='object')
Shape of filtered df: (35514, 22)
Saved filtered df to: /project/kh_mercury_1/manager_and_board_characteristics/output/02_get_initial_datasets/output_filtered_by_rows/NA - SMDEs Network - 1168_filtered.xlsx
-------------------------------------------
Filepath: /project/kh_mercury_1/manager_and_board_characteristics/data/boardex/na_network/na_network_7/NA - SMDEs Network - 1172.xlsx
% NaNs in first row: 95.5 > 50%, taking category = row 0 and variable name = row 1
df.columns: Index(['DirectorID*', 'Last Name', 'First Name', 'Middle Name',
       'Connected Director Details - Linked DirectorID*',
       'Connected Director Details - Linked Last Name',
       'Connected Director Details - Linked First Name',
       'Connected Director Details - Linked Middle Name',
       'Connected Director Details - Connected CompanyID*',
       'Connected Director Details - Connected Company',
       'Connected Director Details - Index',
       'Connected Director Details - Sector',
       'Connected Director Details - Country',
       'Connected Director Details - Company Type',
       'Connected Director Details - Overlapping Person's Role',
       'Connected Director Details - Linked ED/NED/Non-Brd',
       'Connected Director Details - Individual's Role Title',
       'Connected Director Details - ED/NED/Non-Brd',
       'Connected Director Details - Start Overlap',
       'Connected Director Details - End Overlap',
       'Connected Director Details - Current/Historic',
       'Connected Director Details - Duration (Years)'],
      dtype='object')
Shape of filtered df: (62137, 22)
Saved filtered df to: /project/kh_mercury_1/manager_and_board_characteristics/output/02_get_initial_datasets/output_filtered_by_rows/NA - SMDEs Network - 1172_filtered.xlsx
-------------------------------------------
Filepath: /project/kh_mercury_1/manager_and_board_characteristics/data/boardex/na_network/na_network_7/NA - SMDEs Network - 1195.xlsx
% NaNs in first row: 95.5 > 50%, taking category = row 0 and variable name = row 1
df.columns: Index(['DirectorID*', 'Last Name', 'First Name', 'Middle Name',
       'Connected Director Details - Linked DirectorID*',
       'Connected Director Details - Linked Last Name',
       'Connected Director Details - Linked First Name',
       'Connected Director Details - Linked Middle Name',
       'Connected Director Details - Connected CompanyID*',
       'Connected Director Details - Connected Company',
       'Connected Director Details - Index',
       'Connected Director Details - Sector',
       'Connected Director Details - Country',
       'Connected Director Details - Company Type',
       'Connected Director Details - Overlapping Person's Role',
       'Connected Director Details - Linked ED/NED/Non-Brd',
       'Connected Director Details - Individual's Role Title',
       'Connected Director Details - ED/NED/Non-Brd',
       'Connected Director Details - Start Overlap',
       'Connected Director Details - End Overlap',
       'Connected Director Details - Current/Historic',
       'Connected Director Details - Duration (Years)'],
      dtype='object')
Shape of filtered df: (37839, 22)
Saved filtered df to: /project/kh_mercury_1/manager_and_board_characteristics/output/02_get_initial_datasets/output_filtered_by_rows/NA - SMDEs Network - 1195_filtered.xlsx
-------------------------------------------
Filepath: /project/kh_mercury_1/manager_and_board_characteristics/data/boardex/na_network/na_network_7/NA - SMDEs Network - 1210.xlsx
% NaNs in first row: 95.5 > 50%, taking category = row 0 and variable name = row 1
df.columns: Index(['DirectorID*', 'Last Name', 'First Name', 'Middle Name',
       'Connected Director Details - Linked DirectorID*',
       'Connected Director Details - Linked Last Name',
       'Connected Director Details - Linked First Name',
       'Connected Director Details - Linked Middle Name',
       'Connected Director Details - Connected CompanyID*',
       'Connected Director Details - Connected Company',
       'Connected Director Details - Index',
       'Connected Director Details - Sector',
       'Connected Director Details - Country',
       'Connected Director Details - Company Type',
       'Connected Director Details - Overlapping Person's Role',
       'Connected Director Details - Linked ED/NED/Non-Brd',
       'Connected Director Details - Individual's Role Title',
       'Connected Director Details - ED/NED/Non-Brd',
       'Connected Director Details - Start Overlap',
       'Connected Director Details - End Overlap',
       'Connected Director Details - Current/Historic',
       'Connected Director Details - Duration (Years)'],
      dtype='object')
Shape of filtered df: (2218, 22)
Saved filtered df to: /project/kh_mercury_1/manager_and_board_characteristics/output/02_get_initial_datasets/output_filtered_by_rows/NA - SMDEs Network - 1210_filtered.xlsx
-------------------------------------------
Done!
