-------------------------------------------
Job ID: 10633466
Job User: jasonjia
Num Cores: 8
Array(Task ID): 7 of 8
Defaulting to user installation because normal site-packages is not writeable
Requirement already satisfied: openpyxl in /home/jasonjia/.local/lib/python3.8/site-packages (3.1.2)
Requirement already satisfied: et-xmlfile in /home/jasonjia/.local/lib/python3.8/site-packages (from openpyxl) (1.1.0)

[notice] A new release of pip is available: 23.0.1 -> 23.1.2
[notice] To update, run: pip install --upgrade pip
Program Path: filter_data_by_rows.py
Input Directory: /project/kh_mercury_1/manager_and_board_characteristics/data/boardex/row_smallfiles
Output Directory: /project/kh_mercury_1/manager_and_board_characteristics/output/02_get_initial_datasets/output_filtered_by_rows
Filepath to list of company IDs we want to filter by: /project/kh_mercury_1/manager_and_board_characteristics/output/01_convert_isins_and_gvkeys_to_boardex_companyids/companyids_to_search_for/companyids_to_search_for.xlsx
-------------------------------------------
This is array 7 / 8
Input Dir: /project/kh_mercury_1/manager_and_board_characteristics/data/boardex/row_smallfiles
Output Dir: /project/kh_mercury_1/manager_and_board_characteristics/output/02_get_initial_datasets/output_filtered_by_rows
Filepath to list of company IDs we want to filter by: /project/kh_mercury_1/manager_and_board_characteristics/output/01_convert_isins_and_gvkeys_to_boardex_companyids/companyids_to_search_for/companyids_to_search_for.xlsx
Total number of files: 29
This process will cover file(s): 19 to 21
-------------------------------------------
Filepath: /project/kh_mercury_1/manager_and_board_characteristics/data/boardex/row_smallfiles/ROW - Company Details.xlsx
% NaNs in first row 0.0 <= 50%, taking header = row 0 as usual
df.columns: Index(['CompanyID*', 'Company Name', 'HOAddress1', 'HOAddress2', 'HOAddress3',
       'HOAddress4', 'HOAddress5', 'HOCountryName', 'HO TelNumber',
       'HO FaxNumber', 'HO URL', 'CIK Code', 'ISIN', 'Ticker', 'Index',
       'Sector', 'Market Cap', 'Revenue at Year End ', 'Latest AR', 'Auditors',
       'Bankers'],
      dtype='object')
Shape of filtered df: (586, 21)
Saved filtered df to: /project/kh_mercury_1/manager_and_board_characteristics/output/02_get_initial_datasets/output_filtered_by_rows/ROW - Company Details_filtered.xlsx
-------------------------------------------
Filepath: /project/kh_mercury_1/manager_and_board_characteristics/data/boardex/row_smallfiles/ROW - Director Profile - Employment Current NonBoard.xlsx
% NaNs in first row 0.0 <= 50%, taking header = row 0 as usual
df.columns: Index(['Country', 'DirectorID*', 'Director Name', 'CompanyID*', 'Company Name',
       'Company ISIN', 'Company Ticker', 'Company Index', 'Sector Name',
       'Company Type', 'Role', 'Role Description', 'ED/NED/SM', 'Start Date'],
      dtype='object')
Shape of filtered df: (1899, 14)
Saved filtered df to: /project/kh_mercury_1/manager_and_board_characteristics/output/02_get_initial_datasets/output_filtered_by_rows/ROW - Director Profile - Employment Current NonBoard_filtered.xlsx
-------------------------------------------
Filepath: /project/kh_mercury_1/manager_and_board_characteristics/data/boardex/row_smallfiles/ROW - SMDEs Profile - Employment Current Board.xlsx
% NaNs in first row 0.0 <= 50%, taking header = row 0 as usual
df.columns: Index(['Country', 'DirectorID*', 'Director Name', 'CompanyID*', 'Company Name',
       'Company ISIN', 'Company Ticker', 'Company Index', 'Sector Name',
       'Company Type', 'Role', 'Role Description', 'ED/NED', 'Start Date',
       'Committee Name', 'Committee Role'],
      dtype='object')
Shape of filtered df: (2797, 16)
Saved filtered df to: /project/kh_mercury_1/manager_and_board_characteristics/output/02_get_initial_datasets/output_filtered_by_rows/ROW - SMDEs Profile - Employment Current Board_filtered.xlsx
-------------------------------------------
Done!
