-------------------------------------------
Job ID: 10633413
Job User: jasonjia
Num Cores: 8
Array(Task ID): 3 of 8
Defaulting to user installation because normal site-packages is not writeable
Requirement already satisfied: openpyxl in /home/jasonjia/.local/lib/python3.8/site-packages (3.1.2)
Requirement already satisfied: et-xmlfile in /home/jasonjia/.local/lib/python3.8/site-packages (from openpyxl) (1.1.0)

[notice] A new release of pip is available: 23.0.1 -> 23.1.2
[notice] To update, run: pip install --upgrade pip
Program Path: filter_data_by_rows.py
Input Directory: /project/kh_mercury_1/manager_and_board_characteristics/data/boardex/na_network/na_network_17
Output Directory: /project/kh_mercury_1/manager_and_board_characteristics/output/02_get_initial_datasets/output_filtered_by_rows
Filepath to list of company IDs we want to filter by: /project/kh_mercury_1/manager_and_board_characteristics/output/01_convert_isins_and_gvkeys_to_boardex_companyids/companyids_to_search_for/companyids_to_search_for.xlsx
-------------------------------------------
This is array 3 / 8
Input Dir: /project/kh_mercury_1/manager_and_board_characteristics/data/boardex/na_network/na_network_17
Output Dir: /project/kh_mercury_1/manager_and_board_characteristics/output/02_get_initial_datasets/output_filtered_by_rows
Filepath to list of company IDs we want to filter by: /project/kh_mercury_1/manager_and_board_characteristics/output/01_convert_isins_and_gvkeys_to_boardex_companyids/companyids_to_search_for/companyids_to_search_for.xlsx
Total number of files: 100
This process will cover file(s): 25 to 36
-------------------------------------------
Filepath: /project/kh_mercury_1/manager_and_board_characteristics/data/boardex/na_network/na_network_17/NA - SMDEs Network - 797.xlsx
% NaNs in first row: 95.5 > 50%, taking category = row 0 and variable name = row 1
df.columns: Index(['DirectorID*', 'Last Name', 'First Name', 'Middle Name',
       'Connected Director Details - Linked DirectorID*',
       'Connected Director Details - Linked Last Name',
       'Connected Director Details - Linked First Name',
       'Connected Director Details - Linked Middle Name',
       'Connected Director Details - Connected CompanyID*',
       'Connected Director Details - Connected Company',
       'Connected Director Details - Index',
       'Connected Director Details - Sector',
       'Connected Director Details - Country',
       'Connected Director Details - Company Type',
       'Connected Director Details - Overlapping Person's Role',
       'Connected Director Details - Linked ED/NED/Non-Brd',
       'Connected Director Details - Individual's Role Title',
       'Connected Director Details - ED/NED/Non-Brd',
       'Connected Director Details - Start Overlap',
       'Connected Director Details - End Overlap',
       'Connected Director Details - Current/Historic',
       'Connected Director Details - Duration (Years)'],
      dtype='object')
Shape of filtered df: (758, 22)
Saved filtered df to: /project/kh_mercury_1/manager_and_board_characteristics/output/02_get_initial_datasets/output_filtered_by_rows/NA - SMDEs Network - 797_filtered.xlsx
-------------------------------------------
Filepath: /project/kh_mercury_1/manager_and_board_characteristics/data/boardex/na_network/na_network_17/NA - SMDEs Network - 803.xlsx
% NaNs in first row: 95.5 > 50%, taking category = row 0 and variable name = row 1
df.columns: Index(['DirectorID*', 'Last Name', 'First Name', 'Middle Name',
       'Connected Director Details - Linked DirectorID*',
       'Connected Director Details - Linked Last Name',
       'Connected Director Details - Linked First Name',
       'Connected Director Details - Linked Middle Name',
       'Connected Director Details - Connected CompanyID*',
       'Connected Director Details - Connected Company',
       'Connected Director Details - Index',
       'Connected Director Details - Sector',
       'Connected Director Details - Country',
       'Connected Director Details - Company Type',
       'Connected Director Details - Overlapping Person's Role',
       'Connected Director Details - Linked ED/NED/Non-Brd',
       'Connected Director Details - Individual's Role Title',
       'Connected Director Details - ED/NED/Non-Brd',
       'Connected Director Details - Start Overlap',
       'Connected Director Details - End Overlap',
       'Connected Director Details - Current/Historic',
       'Connected Director Details - Duration (Years)'],
      dtype='object')
No matching entries in this df, skipping df
-------------------------------------------
Filepath: /project/kh_mercury_1/manager_and_board_characteristics/data/boardex/na_network/na_network_17/NA - SMDEs Network - 793.xlsx
% NaNs in first row: 95.5 > 50%, taking category = row 0 and variable name = row 1
df.columns: Index(['DirectorID*', 'Last Name', 'First Name', 'Middle Name',
       'Connected Director Details - Linked DirectorID*',
       'Connected Director Details - Linked Last Name',
       'Connected Director Details - Linked First Name',
       'Connected Director Details - Linked Middle Name',
       'Connected Director Details - Connected CompanyID*',
       'Connected Director Details - Connected Company',
       'Connected Director Details - Index',
       'Connected Director Details - Sector',
       'Connected Director Details - Country',
       'Connected Director Details - Company Type',
       'Connected Director Details - Overlapping Person's Role',
       'Connected Director Details - Linked ED/NED/Non-Brd',
       'Connected Director Details - Individual's Role Title',
       'Connected Director Details - ED/NED/Non-Brd',
       'Connected Director Details - Start Overlap',
       'Connected Director Details - End Overlap',
       'Connected Director Details - Current/Historic',
       'Connected Director Details - Duration (Years)'],
      dtype='object')
Shape of filtered df: (6420, 22)
Saved filtered df to: /project/kh_mercury_1/manager_and_board_characteristics/output/02_get_initial_datasets/output_filtered_by_rows/NA - SMDEs Network - 793_filtered.xlsx
-------------------------------------------
Filepath: /project/kh_mercury_1/manager_and_board_characteristics/data/boardex/na_network/na_network_17/NA - SMDEs Network - 799.xlsx
% NaNs in first row: 95.5 > 50%, taking category = row 0 and variable name = row 1
df.columns: Index(['DirectorID*', 'Last Name', 'First Name', 'Middle Name',
       'Connected Director Details - Linked DirectorID*',
       'Connected Director Details - Linked Last Name',
       'Connected Director Details - Linked First Name',
       'Connected Director Details - Linked Middle Name',
       'Connected Director Details - Connected CompanyID*',
       'Connected Director Details - Connected Company',
       'Connected Director Details - Index',
       'Connected Director Details - Sector',
       'Connected Director Details - Country',
       'Connected Director Details - Company Type',
       'Connected Director Details - Overlapping Person's Role',
       'Connected Director Details - Linked ED/NED/Non-Brd',
       'Connected Director Details - Individual's Role Title',
       'Connected Director Details - ED/NED/Non-Brd',
       'Connected Director Details - Start Overlap',
       'Connected Director Details - End Overlap',
       'Connected Director Details - Current/Historic',
       'Connected Director Details - Duration (Years)'],
      dtype='object')
Shape of filtered df: (7685, 22)
Saved filtered df to: /project/kh_mercury_1/manager_and_board_characteristics/output/02_get_initial_datasets/output_filtered_by_rows/NA - SMDEs Network - 799_filtered.xlsx
-------------------------------------------
Filepath: /project/kh_mercury_1/manager_and_board_characteristics/data/boardex/na_network/na_network_17/NA - SMDEs Network - 80.xlsx
% NaNs in first row: 95.5 > 50%, taking category = row 0 and variable name = row 1
df.columns: Index(['DirectorID*', 'Last Name', 'First Name', 'Middle Name',
       'Connected Director Details - Linked DirectorID*',
       'Connected Director Details - Linked Last Name',
       'Connected Director Details - Linked First Name',
       'Connected Director Details - Linked Middle Name',
       'Connected Director Details - Connected CompanyID*',
       'Connected Director Details - Connected Company',
       'Connected Director Details - Index',
       'Connected Director Details - Sector',
       'Connected Director Details - Country',
       'Connected Director Details - Company Type',
       'Connected Director Details - Overlapping Person's Role',
       'Connected Director Details - Linked ED/NED/Non-Brd',
       'Connected Director Details - Individual's Role Title',
       'Connected Director Details - ED/NED/Non-Brd',
       'Connected Director Details - Start Overlap',
       'Connected Director Details - End Overlap',
       'Connected Director Details - Current/Historic',
       'Connected Director Details - Duration (Years)'],
      dtype='object')
Shape of filtered df: (67895, 22)
Saved filtered df to: /project/kh_mercury_1/manager_and_board_characteristics/output/02_get_initial_datasets/output_filtered_by_rows/NA - SMDEs Network - 80_filtered.xlsx
-------------------------------------------
Filepath: /project/kh_mercury_1/manager_and_board_characteristics/data/boardex/na_network/na_network_17/NA - SMDEs Network - 776.xlsx
% NaNs in first row: 95.5 > 50%, taking category = row 0 and variable name = row 1
df.columns: Index(['DirectorID*', 'Last Name', 'First Name', 'Middle Name',
       'Connected Director Details - Linked DirectorID*',
       'Connected Director Details - Linked Last Name',
       'Connected Director Details - Linked First Name',
       'Connected Director Details - Linked Middle Name',
       'Connected Director Details - Connected CompanyID*',
       'Connected Director Details - Connected Company',
       'Connected Director Details - Index',
       'Connected Director Details - Sector',
       'Connected Director Details - Country',
       'Connected Director Details - Company Type',
       'Connected Director Details - Overlapping Person's Role',
       'Connected Director Details - Linked ED/NED/Non-Brd',
       'Connected Director Details - Individual's Role Title',
       'Connected Director Details - ED/NED/Non-Brd',
       'Connected Director Details - Start Overlap',
       'Connected Director Details - End Overlap',
       'Connected Director Details - Current/Historic',
       'Connected Director Details - Duration (Years)'],
      dtype='object')
Shape of filtered df: (11566, 22)
Saved filtered df to: /project/kh_mercury_1/manager_and_board_characteristics/output/02_get_initial_datasets/output_filtered_by_rows/NA - SMDEs Network - 776_filtered.xlsx
-------------------------------------------
Filepath: /project/kh_mercury_1/manager_and_board_characteristics/data/boardex/na_network/na_network_17/NA - SMDEs Network - 750.xlsx
% NaNs in first row: 95.5 > 50%, taking category = row 0 and variable name = row 1
df.columns: Index(['DirectorID*', 'Last Name', 'First Name', 'Middle Name',
       'Connected Director Details - Linked DirectorID*',
       'Connected Director Details - Linked Last Name',
       'Connected Director Details - Linked First Name',
       'Connected Director Details - Linked Middle Name',
       'Connected Director Details - Connected CompanyID*',
       'Connected Director Details - Connected Company',
       'Connected Director Details - Index',
       'Connected Director Details - Sector',
       'Connected Director Details - Country',
       'Connected Director Details - Company Type',
       'Connected Director Details - Overlapping Person's Role',
       'Connected Director Details - Linked ED/NED/Non-Brd',
       'Connected Director Details - Individual's Role Title',
       'Connected Director Details - ED/NED/Non-Brd',
       'Connected Director Details - Start Overlap',
       'Connected Director Details - End Overlap',
       'Connected Director Details - Current/Historic',
       'Connected Director Details - Duration (Years)'],
      dtype='object')
Shape of filtered df: (4857, 22)
Saved filtered df to: /project/kh_mercury_1/manager_and_board_characteristics/output/02_get_initial_datasets/output_filtered_by_rows/NA - SMDEs Network - 750_filtered.xlsx
-------------------------------------------
Filepath: /project/kh_mercury_1/manager_and_board_characteristics/data/boardex/na_network/na_network_17/NA - SMDEs Network - 760.xlsx
% NaNs in first row: 95.5 > 50%, taking category = row 0 and variable name = row 1
df.columns: Index(['DirectorID*', 'Last Name', 'First Name', 'Middle Name',
       'Connected Director Details - Linked DirectorID*',
       'Connected Director Details - Linked Last Name',
       'Connected Director Details - Linked First Name',
       'Connected Director Details - Linked Middle Name',
       'Connected Director Details - Connected CompanyID*',
       'Connected Director Details - Connected Company',
       'Connected Director Details - Index',
       'Connected Director Details - Sector',
       'Connected Director Details - Country',
       'Connected Director Details - Company Type',
       'Connected Director Details - Overlapping Person's Role',
       'Connected Director Details - Linked ED/NED/Non-Brd',
       'Connected Director Details - Individual's Role Title',
       'Connected Director Details - ED/NED/Non-Brd',
       'Connected Director Details - Start Overlap',
       'Connected Director Details - End Overlap',
       'Connected Director Details - Current/Historic',
       'Connected Director Details - Duration (Years)'],
      dtype='object')
Shape of filtered df: (12373, 22)
Saved filtered df to: /project/kh_mercury_1/manager_and_board_characteristics/output/02_get_initial_datasets/output_filtered_by_rows/NA - SMDEs Network - 760_filtered.xlsx
-------------------------------------------
Filepath: /project/kh_mercury_1/manager_and_board_characteristics/data/boardex/na_network/na_network_17/NA - SMDEs Network - 780.xlsx
% NaNs in first row: 95.5 > 50%, taking category = row 0 and variable name = row 1
df.columns: Index(['DirectorID*', 'Last Name', 'First Name', 'Middle Name',
       'Connected Director Details - Linked DirectorID*',
       'Connected Director Details - Linked Last Name',
       'Connected Director Details - Linked First Name',
       'Connected Director Details - Linked Middle Name',
       'Connected Director Details - Connected CompanyID*',
       'Connected Director Details - Connected Company',
       'Connected Director Details - Index',
       'Connected Director Details - Sector',
       'Connected Director Details - Country',
       'Connected Director Details - Company Type',
       'Connected Director Details - Overlapping Person's Role',
       'Connected Director Details - Linked ED/NED/Non-Brd',
       'Connected Director Details - Individual's Role Title',
       'Connected Director Details - ED/NED/Non-Brd',
       'Connected Director Details - Start Overlap',
       'Connected Director Details - End Overlap',
       'Connected Director Details - Current/Historic',
       'Connected Director Details - Duration (Years)'],
      dtype='object')
Shape of filtered df: (15880, 22)
Saved filtered df to: /project/kh_mercury_1/manager_and_board_characteristics/output/02_get_initial_datasets/output_filtered_by_rows/NA - SMDEs Network - 780_filtered.xlsx
-------------------------------------------
Filepath: /project/kh_mercury_1/manager_and_board_characteristics/data/boardex/na_network/na_network_17/NA - SMDEs Network - 748.xlsx
% NaNs in first row: 95.5 > 50%, taking category = row 0 and variable name = row 1
df.columns: Index(['DirectorID*', 'Last Name', 'First Name', 'Middle Name',
       'Connected Director Details - Linked DirectorID*',
       'Connected Director Details - Linked Last Name',
       'Connected Director Details - Linked First Name',
       'Connected Director Details - Linked Middle Name',
       'Connected Director Details - Connected CompanyID*',
       'Connected Director Details - Connected Company',
       'Connected Director Details - Index',
       'Connected Director Details - Sector',
       'Connected Director Details - Country',
       'Connected Director Details - Company Type',
       'Connected Director Details - Overlapping Person's Role',
       'Connected Director Details - Linked ED/NED/Non-Brd',
       'Connected Director Details - Individual's Role Title',
       'Connected Director Details - ED/NED/Non-Brd',
       'Connected Director Details - Start Overlap',
       'Connected Director Details - End Overlap',
       'Connected Director Details - Current/Historic',
       'Connected Director Details - Duration (Years)'],
      dtype='object')
No matching entries in this df, skipping df
-------------------------------------------
Filepath: /project/kh_mercury_1/manager_and_board_characteristics/data/boardex/na_network/na_network_17/NA - SMDEs Network - 758.xlsx
% NaNs in first row: 95.5 > 50%, taking category = row 0 and variable name = row 1
df.columns: Index(['DirectorID*', 'Last Name', 'First Name', 'Middle Name',
       'Connected Director Details - Linked DirectorID*',
       'Connected Director Details - Linked Last Name',
       'Connected Director Details - Linked First Name',
       'Connected Director Details - Linked Middle Name',
       'Connected Director Details - Connected CompanyID*',
       'Connected Director Details - Connected Company',
       'Connected Director Details - Index',
       'Connected Director Details - Sector',
       'Connected Director Details - Country',
       'Connected Director Details - Company Type',
       'Connected Director Details - Overlapping Person's Role',
       'Connected Director Details - Linked ED/NED/Non-Brd',
       'Connected Director Details - Individual's Role Title',
       'Connected Director Details - ED/NED/Non-Brd',
       'Connected Director Details - Start Overlap',
       'Connected Director Details - End Overlap',
       'Connected Director Details - Current/Historic',
       'Connected Director Details - Duration (Years)'],
      dtype='object')
Shape of filtered df: (349, 22)
Saved filtered df to: /project/kh_mercury_1/manager_and_board_characteristics/output/02_get_initial_datasets/output_filtered_by_rows/NA - SMDEs Network - 758_filtered.xlsx
-------------------------------------------
Filepath: /project/kh_mercury_1/manager_and_board_characteristics/data/boardex/na_network/na_network_17/NA - SMDEs Network - 786.xlsx
% NaNs in first row: 95.5 > 50%, taking category = row 0 and variable name = row 1
df.columns: Index(['DirectorID*', 'Last Name', 'First Name', 'Middle Name',
       'Connected Director Details - Linked DirectorID*',
       'Connected Director Details - Linked Last Name',
       'Connected Director Details - Linked First Name',
       'Connected Director Details - Linked Middle Name',
       'Connected Director Details - Connected CompanyID*',
       'Connected Director Details - Connected Company',
       'Connected Director Details - Index',
       'Connected Director Details - Sector',
       'Connected Director Details - Country',
       'Connected Director Details - Company Type',
       'Connected Director Details - Overlapping Person's Role',
       'Connected Director Details - Linked ED/NED/Non-Brd',
       'Connected Director Details - Individual's Role Title',
       'Connected Director Details - ED/NED/Non-Brd',
       'Connected Director Details - Start Overlap',
       'Connected Director Details - End Overlap',
       'Connected Director Details - Current/Historic',
       'Connected Director Details - Duration (Years)'],
      dtype='object')
Shape of filtered df: (5406, 22)
Saved filtered df to: /project/kh_mercury_1/manager_and_board_characteristics/output/02_get_initial_datasets/output_filtered_by_rows/NA - SMDEs Network - 786_filtered.xlsx
-------------------------------------------
Done!
