-------------------------------------------
Job ID: 10633488
Job User: jasonjia
Num Cores: 8
Array(Task ID): 1 of 8
Defaulting to user installation because normal site-packages is not writeable
Requirement already satisfied: openpyxl in /home/jasonjia/.local/lib/python3.8/site-packages (3.1.2)
Requirement already satisfied: et-xmlfile in /home/jasonjia/.local/lib/python3.8/site-packages (from openpyxl) (1.1.0)

[notice] A new release of pip is available: 23.0.1 -> 23.1.2
[notice] To update, run: pip install --upgrade pip
Program Path: filter_data_by_rows.py
Input Directory: /project/kh_mercury_1/manager_and_board_characteristics/data/boardex/uk_compensation
Output Directory: /project/kh_mercury_1/manager_and_board_characteristics/output/02_get_initial_datasets/output_filtered_by_rows
Filepath to list of company IDs we want to filter by: /project/kh_mercury_1/manager_and_board_characteristics/output/01_convert_isins_and_gvkeys_to_boardex_companyids/companyids_to_search_for/companyids_to_search_for.xlsx
-------------------------------------------
This is array 1 / 8
Input Dir: /project/kh_mercury_1/manager_and_board_characteristics/data/boardex/uk_compensation
Output Dir: /project/kh_mercury_1/manager_and_board_characteristics/output/02_get_initial_datasets/output_filtered_by_rows
Filepath to list of company IDs we want to filter by: /project/kh_mercury_1/manager_and_board_characteristics/output/01_convert_isins_and_gvkeys_to_boardex_companyids/companyids_to_search_for/companyids_to_search_for.xlsx
Total number of files: 48
This process will cover file(s): 1 to 6
-------------------------------------------
Filepath: /project/kh_mercury_1/manager_and_board_characteristics/data/boardex/uk_compensation/UK - Compensation - 2019.xlsx
% NaNs in first row 0.0 <= 50%, taking header = row 0 as usual
df.columns: Index(['Annual Report Year', 'Company Name', 'CompanyID*', 'ISIN', 'Ticker',
       'Index', 'Sector', 'Country', 'Director Name', 'DirectorID*',
       'Director Role', 'ED/SD', 'Direct Compensation', 'Equity Linked',
       'Total Compensation', 'Total Wealth'],
      dtype='object')
Shape of filtered df: (2012, 16)
Saved filtered df to: /project/kh_mercury_1/manager_and_board_characteristics/output/02_get_initial_datasets/output_filtered_by_rows/UK - Compensation - 2019_filtered.xlsx
-------------------------------------------
Filepath: /project/kh_mercury_1/manager_and_board_characteristics/data/boardex/uk_compensation/UK - Compensation - 1999.xlsx
% NaNs in first row 0.0 <= 50%, taking header = row 0 as usual
df.columns: Index(['Annual Report Year', 'Company Name', 'CompanyID*', 'ISIN', 'Ticker',
       'Index', 'Sector', 'Country', 'Director Name', 'DirectorID*',
       'Director Role', 'ED/SD', 'Direct Compensation', 'Equity Linked',
       'Total Compensation', 'Total Wealth'],
      dtype='object')
Shape of filtered df: (1167, 16)
Saved filtered df to: /project/kh_mercury_1/manager_and_board_characteristics/output/02_get_initial_datasets/output_filtered_by_rows/UK - Compensation - 1999_filtered.xlsx
-------------------------------------------
Filepath: /project/kh_mercury_1/manager_and_board_characteristics/data/boardex/uk_compensation/UK - SMDEs Compensation - 2001.xlsx
% NaNs in first row 0.0 <= 50%, taking header = row 0 as usual
df.columns: Index(['Annual Report Year', 'Company Name', 'CompanyID*', 'ISIN', 'Ticker',
       'Index', 'Sector', 'Country', 'Director Name', 'DirectorID*',
       'Director Role', 'ED/SD', 'Direct Compensation', 'Equity Linked',
       'Total Compensation', 'Total Wealth'],
      dtype='object')
Shape of filtered df: (17, 16)
Saved filtered df to: /project/kh_mercury_1/manager_and_board_characteristics/output/02_get_initial_datasets/output_filtered_by_rows/UK - SMDEs Compensation - 2001_filtered.xlsx
-------------------------------------------
Filepath: /project/kh_mercury_1/manager_and_board_characteristics/data/boardex/uk_compensation/UK - SMDEs Compensation - Current.xlsx
% NaNs in first row 0.0 <= 50%, taking header = row 0 as usual
df.columns: Index(['Annual Report Year', 'Company Name', 'CompanyID*', 'ISIN', 'Ticker',
       'Index', 'Sector', 'Country', 'Director Name', 'DirectorID*',
       'Director Role', 'ED/SD', 'Direct Compensation', 'Equity Linked',
       'Total Compensation', 'Total Wealth'],
      dtype='object')
Shape of filtered df: (29, 16)
Saved filtered df to: /project/kh_mercury_1/manager_and_board_characteristics/output/02_get_initial_datasets/output_filtered_by_rows/UK - SMDEs Compensation - Current_filtered.xlsx
-------------------------------------------
Filepath: /project/kh_mercury_1/manager_and_board_characteristics/data/boardex/uk_compensation/UK - Compensation - 2011.xlsx
% NaNs in first row 0.0 <= 50%, taking header = row 0 as usual
df.columns: Index(['Annual Report Year', 'Company Name', 'CompanyID*', 'ISIN', 'Ticker',
       'Index', 'Sector', 'Country', 'Director Name', 'DirectorID*',
       'Director Role', 'ED/SD', 'Direct Compensation', 'Equity Linked',
       'Total Compensation', 'Total Wealth'],
      dtype='object')
Shape of filtered df: (1973, 16)
Saved filtered df to: /project/kh_mercury_1/manager_and_board_characteristics/output/02_get_initial_datasets/output_filtered_by_rows/UK - Compensation - 2011_filtered.xlsx
-------------------------------------------
Filepath: /project/kh_mercury_1/manager_and_board_characteristics/data/boardex/uk_compensation/UK - SMDEs Compensation - 2014.xlsx
% NaNs in first row 0.0 <= 50%, taking header = row 0 as usual
df.columns: Index(['Annual Report Year', 'Company Name', 'CompanyID*', 'ISIN', 'Ticker',
       'Index', 'Sector', 'Country', 'Director Name', 'DirectorID*',
       'Director Role', 'ED/SD', 'Direct Compensation', 'Equity Linked',
       'Total Compensation', 'Total Wealth'],
      dtype='object')
Shape of filtered df: (34, 16)
Saved filtered df to: /project/kh_mercury_1/manager_and_board_characteristics/output/02_get_initial_datasets/output_filtered_by_rows/UK - SMDEs Compensation - 2014_filtered.xlsx
-------------------------------------------
Done!
