-------------------------------------------
Job ID: 10633124
Job User: jasonjia
Num Cores: 8
Array(Task ID): 5 of 8
Defaulting to user installation because normal site-packages is not writeable
Requirement already satisfied: openpyxl in /home/jasonjia/.local/lib/python3.8/site-packages (3.1.2)
Requirement already satisfied: et-xmlfile in /home/jasonjia/.local/lib/python3.8/site-packages (from openpyxl) (1.1.0)

[notice] A new release of pip is available: 23.0.1 -> 23.1.2
[notice] To update, run: pip install --upgrade pip
Program Path: filter_data_by_rows.py
Input Directory: /project/kh_mercury_1/manager_and_board_characteristics/data/boardex/na_network/na_network_2
Output Directory: /project/kh_mercury_1/manager_and_board_characteristics/output/02_get_initial_datasets/output_filtered_by_rows
Filepath to list of company IDs we want to filter by: /project/kh_mercury_1/manager_and_board_characteristics/output/01_convert_isins_and_gvkeys_to_boardex_companyids/companyids_to_search_for/companyids_to_search_for.xlsx
-------------------------------------------
This is array 5 / 8
Input Dir: /project/kh_mercury_1/manager_and_board_characteristics/data/boardex/na_network/na_network_2
Output Dir: /project/kh_mercury_1/manager_and_board_characteristics/output/02_get_initial_datasets/output_filtered_by_rows
Filepath to list of company IDs we want to filter by: /project/kh_mercury_1/manager_and_board_characteristics/output/01_convert_isins_and_gvkeys_to_boardex_companyids/companyids_to_search_for/companyids_to_search_for.xlsx
Total number of files: 100
This process will cover file(s): 49 to 60
-------------------------------------------
Filepath: /project/kh_mercury_1/manager_and_board_characteristics/data/boardex/na_network/na_network_2/NA - Director Network - 255.xlsx
% NaNs in first row: 95.5 > 50%, taking category = row 0 and variable name = row 1
df.columns: Index(['DirectorID*', 'Last Name', 'First Name', 'Middle Name',
       'Connected Director Details - Linked DirectorID*',
       'Connected Director Details - Linked Last Name',
       'Connected Director Details - Linked First Name',
       'Connected Director Details - Linked Middle Name',
       'Connected Director Details - Connected CompanyID*',
       'Connected Director Details - Connected Company',
       'Connected Director Details - Index',
       'Connected Director Details - Sector',
       'Connected Director Details - Country',
       'Connected Director Details - Company Type',
       'Connected Director Details - Overlapping Person's Role ',
       'Connected Director Details - Linked ED/NED/Non-Brd',
       'Connected Director Details - Individual's Role Title',
       'Connected Director Details - ED/NED/Non-Brd',
       'Connected Director Details - Start Overlap',
       'Connected Director Details - End Overlap',
       'Connected Director Details - Current/Historic',
       'Connected Director Details - Duration (Years)'],
      dtype='object')
Shape of filtered df: (99689, 22)
Saved filtered df to: /project/kh_mercury_1/manager_and_board_characteristics/output/02_get_initial_datasets/output_filtered_by_rows/NA - Director Network - 255_filtered.xlsx
-------------------------------------------
Filepath: /project/kh_mercury_1/manager_and_board_characteristics/data/boardex/na_network/na_network_2/NA - Director Network - 217.xlsx
% NaNs in first row: 95.5 > 50%, taking category = row 0 and variable name = row 1
df.columns: Index(['DirectorID*', 'Last Name', 'First Name', 'Middle Name',
       'Connected Director Details - Linked DirectorID*',
       'Connected Director Details - Linked Last Name',
       'Connected Director Details - Linked First Name',
       'Connected Director Details - Linked Middle Name',
       'Connected Director Details - Connected CompanyID*',
       'Connected Director Details - Connected Company',
       'Connected Director Details - Index',
       'Connected Director Details - Sector',
       'Connected Director Details - Country',
       'Connected Director Details - Company Type',
       'Connected Director Details - Overlapping Person's Role ',
       'Connected Director Details - Linked ED/NED/Non-Brd',
       'Connected Director Details - Individual's Role Title',
       'Connected Director Details - ED/NED/Non-Brd',
       'Connected Director Details - Start Overlap',
       'Connected Director Details - End Overlap',
       'Connected Director Details - Current/Historic',
       'Connected Director Details - Duration (Years)'],
      dtype='object')
Shape of filtered df: (101790, 22)
Saved filtered df to: /project/kh_mercury_1/manager_and_board_characteristics/output/02_get_initial_datasets/output_filtered_by_rows/NA - Director Network - 217_filtered.xlsx
-------------------------------------------
Filepath: /project/kh_mercury_1/manager_and_board_characteristics/data/boardex/na_network/na_network_2/NA - Director Network - 210.xlsx
% NaNs in first row: 95.5 > 50%, taking category = row 0 and variable name = row 1
df.columns: Index(['DirectorID*', 'Last Name', 'First Name', 'Middle Name',
       'Connected Director Details - Linked DirectorID*',
       'Connected Director Details - Linked Last Name',
       'Connected Director Details - Linked First Name',
       'Connected Director Details - Linked Middle Name',
       'Connected Director Details - Connected CompanyID*',
       'Connected Director Details - Connected Company',
       'Connected Director Details - Index',
       'Connected Director Details - Sector',
       'Connected Director Details - Country',
       'Connected Director Details - Company Type',
       'Connected Director Details - Overlapping Person's Role ',
       'Connected Director Details - Linked ED/NED/Non-Brd',
       'Connected Director Details - Individual's Role Title',
       'Connected Director Details - ED/NED/Non-Brd',
       'Connected Director Details - Start Overlap',
       'Connected Director Details - End Overlap',
       'Connected Director Details - Current/Historic',
       'Connected Director Details - Duration (Years)'],
      dtype='object')
Shape of filtered df: (28440, 22)
Saved filtered df to: /project/kh_mercury_1/manager_and_board_characteristics/output/02_get_initial_datasets/output_filtered_by_rows/NA - Director Network - 210_filtered.xlsx
-------------------------------------------
Filepath: /project/kh_mercury_1/manager_and_board_characteristics/data/boardex/na_network/na_network_2/NA - Director Network - 208.xlsx
% NaNs in first row: 95.5 > 50%, taking category = row 0 and variable name = row 1
df.columns: Index(['DirectorID*', 'Last Name', 'First Name', 'Middle Name',
       'Connected Director Details - Linked DirectorID*',
       'Connected Director Details - Linked Last Name',
       'Connected Director Details - Linked First Name',
       'Connected Director Details - Linked Middle Name',
       'Connected Director Details - Connected CompanyID*',
       'Connected Director Details - Connected Company',
       'Connected Director Details - Index',
       'Connected Director Details - Sector',
       'Connected Director Details - Country',
       'Connected Director Details - Company Type',
       'Connected Director Details - Overlapping Person's Role ',
       'Connected Director Details - Linked ED/NED/Non-Brd',
       'Connected Director Details - Individual's Role Title',
       'Connected Director Details - ED/NED/Non-Brd',
       'Connected Director Details - Start Overlap',
       'Connected Director Details - End Overlap',
       'Connected Director Details - Current/Historic',
       'Connected Director Details - Duration (Years)'],
      dtype='object')
Shape of filtered df: (7907, 22)
Saved filtered df to: /project/kh_mercury_1/manager_and_board_characteristics/output/02_get_initial_datasets/output_filtered_by_rows/NA - Director Network - 208_filtered.xlsx
-------------------------------------------
Filepath: /project/kh_mercury_1/manager_and_board_characteristics/data/boardex/na_network/na_network_2/NA - Director Network - 236.xlsx
% NaNs in first row: 95.5 > 50%, taking category = row 0 and variable name = row 1
df.columns: Index(['DirectorID*', 'Last Name', 'First Name', 'Middle Name',
       'Connected Director Details - Linked DirectorID*',
       'Connected Director Details - Linked Last Name',
       'Connected Director Details - Linked First Name',
       'Connected Director Details - Linked Middle Name',
       'Connected Director Details - Connected CompanyID*',
       'Connected Director Details - Connected Company',
       'Connected Director Details - Index',
       'Connected Director Details - Sector',
       'Connected Director Details - Country',
       'Connected Director Details - Company Type',
       'Connected Director Details - Overlapping Person's Role ',
       'Connected Director Details - Linked ED/NED/Non-Brd',
       'Connected Director Details - Individual's Role Title',
       'Connected Director Details - ED/NED/Non-Brd',
       'Connected Director Details - Start Overlap',
       'Connected Director Details - End Overlap',
       'Connected Director Details - Current/Historic',
       'Connected Director Details - Duration (Years)'],
      dtype='object')
Shape of filtered df: (65630, 22)
Saved filtered df to: /project/kh_mercury_1/manager_and_board_characteristics/output/02_get_initial_datasets/output_filtered_by_rows/NA - Director Network - 236_filtered.xlsx
-------------------------------------------
Filepath: /project/kh_mercury_1/manager_and_board_characteristics/data/boardex/na_network/na_network_2/NA - Director Network - 275.xlsx
% NaNs in first row: 95.5 > 50%, taking category = row 0 and variable name = row 1
df.columns: Index(['DirectorID*', 'Last Name', 'First Name', 'Middle Name',
       'Connected Director Details - Linked DirectorID*',
       'Connected Director Details - Linked Last Name',
       'Connected Director Details - Linked First Name',
       'Connected Director Details - Linked Middle Name',
       'Connected Director Details - Connected CompanyID*',
       'Connected Director Details - Connected Company',
       'Connected Director Details - Index',
       'Connected Director Details - Sector',
       'Connected Director Details - Country',
       'Connected Director Details - Company Type',
       'Connected Director Details - Overlapping Person's Role ',
       'Connected Director Details - Linked ED/NED/Non-Brd',
       'Connected Director Details - Individual's Role Title',
       'Connected Director Details - ED/NED/Non-Brd',
       'Connected Director Details - Start Overlap',
       'Connected Director Details - End Overlap',
       'Connected Director Details - Current/Historic',
       'Connected Director Details - Duration (Years)'],
      dtype='object')
Shape of filtered df: (56724, 22)
Saved filtered df to: /project/kh_mercury_1/manager_and_board_characteristics/output/02_get_initial_datasets/output_filtered_by_rows/NA - Director Network - 275_filtered.xlsx
-------------------------------------------
Filepath: /project/kh_mercury_1/manager_and_board_characteristics/data/boardex/na_network/na_network_2/NA - Director Network - 276.xlsx
% NaNs in first row: 95.5 > 50%, taking category = row 0 and variable name = row 1
df.columns: Index(['DirectorID*', 'Last Name', 'First Name', 'Middle Name',
       'Connected Director Details - Linked DirectorID*',
       'Connected Director Details - Linked Last Name',
       'Connected Director Details - Linked First Name',
       'Connected Director Details - Linked Middle Name',
       'Connected Director Details - Connected CompanyID*',
       'Connected Director Details - Connected Company',
       'Connected Director Details - Index',
       'Connected Director Details - Sector',
       'Connected Director Details - Country',
       'Connected Director Details - Company Type',
       'Connected Director Details - Overlapping Person's Role ',
       'Connected Director Details - Linked ED/NED/Non-Brd',
       'Connected Director Details - Individual's Role Title',
       'Connected Director Details - ED/NED/Non-Brd',
       'Connected Director Details - Start Overlap',
       'Connected Director Details - End Overlap',
       'Connected Director Details - Current/Historic',
       'Connected Director Details - Duration (Years)'],
      dtype='object')
Shape of filtered df: (31800, 22)
Saved filtered df to: /project/kh_mercury_1/manager_and_board_characteristics/output/02_get_initial_datasets/output_filtered_by_rows/NA - Director Network - 276_filtered.xlsx
-------------------------------------------
Filepath: /project/kh_mercury_1/manager_and_board_characteristics/data/boardex/na_network/na_network_2/NA - Director Network - 249.xlsx
% NaNs in first row: 95.5 > 50%, taking category = row 0 and variable name = row 1
df.columns: Index(['DirectorID*', 'Last Name', 'First Name', 'Middle Name',
       'Connected Director Details - Linked DirectorID*',
       'Connected Director Details - Linked Last Name',
       'Connected Director Details - Linked First Name',
       'Connected Director Details - Linked Middle Name',
       'Connected Director Details - Connected CompanyID*',
       'Connected Director Details - Connected Company',
       'Connected Director Details - Index',
       'Connected Director Details - Sector',
       'Connected Director Details - Country',
       'Connected Director Details - Company Type',
       'Connected Director Details - Overlapping Person's Role ',
       'Connected Director Details - Linked ED/NED/Non-Brd',
       'Connected Director Details - Individual's Role Title',
       'Connected Director Details - ED/NED/Non-Brd',
       'Connected Director Details - Start Overlap',
       'Connected Director Details - End Overlap',
       'Connected Director Details - Current/Historic',
       'Connected Director Details - Duration (Years)'],
      dtype='object')
Shape of filtered df: (34191, 22)
Saved filtered df to: /project/kh_mercury_1/manager_and_board_characteristics/output/02_get_initial_datasets/output_filtered_by_rows/NA - Director Network - 249_filtered.xlsx
-------------------------------------------
Filepath: /project/kh_mercury_1/manager_and_board_characteristics/data/boardex/na_network/na_network_2/NA - Director Network - 235.xlsx
% NaNs in first row: 95.5 > 50%, taking category = row 0 and variable name = row 1
df.columns: Index(['DirectorID*', 'Last Name', 'First Name', 'Middle Name',
       'Connected Director Details - Linked DirectorID*',
       'Connected Director Details - Linked Last Name',
       'Connected Director Details - Linked First Name',
       'Connected Director Details - Linked Middle Name',
       'Connected Director Details - Connected CompanyID*',
       'Connected Director Details - Connected Company',
       'Connected Director Details - Index',
       'Connected Director Details - Sector',
       'Connected Director Details - Country',
       'Connected Director Details - Company Type',
       'Connected Director Details - Overlapping Person's Role ',
       'Connected Director Details - Linked ED/NED/Non-Brd',
       'Connected Director Details - Individual's Role Title',
       'Connected Director Details - ED/NED/Non-Brd',
       'Connected Director Details - Start Overlap',
       'Connected Director Details - End Overlap',
       'Connected Director Details - Current/Historic',
       'Connected Director Details - Duration (Years)'],
      dtype='object')
Shape of filtered df: (78221, 22)
Saved filtered df to: /project/kh_mercury_1/manager_and_board_characteristics/output/02_get_initial_datasets/output_filtered_by_rows/NA - Director Network - 235_filtered.xlsx
-------------------------------------------
Filepath: /project/kh_mercury_1/manager_and_board_characteristics/data/boardex/na_network/na_network_2/NA - Director Network - 224.xlsx
% NaNs in first row: 95.5 > 50%, taking category = row 0 and variable name = row 1
df.columns: Index(['DirectorID*', 'Last Name', 'First Name', 'Middle Name',
       'Connected Director Details - Linked DirectorID*',
       'Connected Director Details - Linked Last Name',
       'Connected Director Details - Linked First Name',
       'Connected Director Details - Linked Middle Name',
       'Connected Director Details - Connected CompanyID*',
       'Connected Director Details - Connected Company',
       'Connected Director Details - Index',
       'Connected Director Details - Sector',
       'Connected Director Details - Country',
       'Connected Director Details - Company Type',
       'Connected Director Details - Overlapping Person's Role ',
       'Connected Director Details - Linked ED/NED/Non-Brd',
       'Connected Director Details - Individual's Role Title',
       'Connected Director Details - ED/NED/Non-Brd',
       'Connected Director Details - Start Overlap',
       'Connected Director Details - End Overlap',
       'Connected Director Details - Current/Historic',
       'Connected Director Details - Duration (Years)'],
      dtype='object')
Shape of filtered df: (67206, 22)
Saved filtered df to: /project/kh_mercury_1/manager_and_board_characteristics/output/02_get_initial_datasets/output_filtered_by_rows/NA - Director Network - 224_filtered.xlsx
-------------------------------------------
Filepath: /project/kh_mercury_1/manager_and_board_characteristics/data/boardex/na_network/na_network_2/NA - Director Network - 203.xlsx
% NaNs in first row: 95.5 > 50%, taking category = row 0 and variable name = row 1
df.columns: Index(['DirectorID*', 'Last Name', 'First Name', 'Middle Name',
       'Connected Director Details - Linked DirectorID*',
       'Connected Director Details - Linked Last Name',
       'Connected Director Details - Linked First Name',
       'Connected Director Details - Linked Middle Name',
       'Connected Director Details - Connected CompanyID*',
       'Connected Director Details - Connected Company',
       'Connected Director Details - Index',
       'Connected Director Details - Sector',
       'Connected Director Details - Country',
       'Connected Director Details - Company Type',
       'Connected Director Details - Overlapping Person's Role ',
       'Connected Director Details - Linked ED/NED/Non-Brd',
       'Connected Director Details - Individual's Role Title',
       'Connected Director Details - ED/NED/Non-Brd',
       'Connected Director Details - Start Overlap',
       'Connected Director Details - End Overlap',
       'Connected Director Details - Current/Historic',
       'Connected Director Details - Duration (Years)'],
      dtype='object')
Shape of filtered df: (44357, 22)
Saved filtered df to: /project/kh_mercury_1/manager_and_board_characteristics/output/02_get_initial_datasets/output_filtered_by_rows/NA - Director Network - 203_filtered.xlsx
-------------------------------------------
Filepath: /project/kh_mercury_1/manager_and_board_characteristics/data/boardex/na_network/na_network_2/NA - Director Network - 233.xlsx
% NaNs in first row: 95.5 > 50%, taking category = row 0 and variable name = row 1
df.columns: Index(['DirectorID*', 'Last Name', 'First Name', 'Middle Name',
       'Connected Director Details - Linked DirectorID*',
       'Connected Director Details - Linked Last Name',
       'Connected Director Details - Linked First Name',
       'Connected Director Details - Linked Middle Name',
       'Connected Director Details - Connected CompanyID*',
       'Connected Director Details - Connected Company',
       'Connected Director Details - Index',
       'Connected Director Details - Sector',
       'Connected Director Details - Country',
       'Connected Director Details - Company Type',
       'Connected Director Details - Overlapping Person's Role ',
       'Connected Director Details - Linked ED/NED/Non-Brd',
       'Connected Director Details - Individual's Role Title',
       'Connected Director Details - ED/NED/Non-Brd',
       'Connected Director Details - Start Overlap',
       'Connected Director Details - End Overlap',
       'Connected Director Details - Current/Historic',
       'Connected Director Details - Duration (Years)'],
      dtype='object')
Shape of filtered df: (65841, 22)
Saved filtered df to: /project/kh_mercury_1/manager_and_board_characteristics/output/02_get_initial_datasets/output_filtered_by_rows/NA - Director Network - 233_filtered.xlsx
-------------------------------------------
Done!
