-------------------------------------------
Job ID: 10633103
Job User: jasonjia
Num Cores: 8
Array(Task ID): 5 of 8
Defaulting to user installation because normal site-packages is not writeable
Requirement already satisfied: openpyxl in /home/jasonjia/.local/lib/python3.8/site-packages (3.1.2)
Requirement already satisfied: et-xmlfile in /home/jasonjia/.local/lib/python3.8/site-packages (from openpyxl) (1.1.0)

[notice] A new release of pip is available: 23.0.1 -> 23.1.2
[notice] To update, run: pip install --upgrade pip
Program Path: filter_data_by_rows.py
Input Directory: /project/kh_mercury_1/manager_and_board_characteristics/data/boardex/na_companynetwork
Output Directory: /project/kh_mercury_1/manager_and_board_characteristics/output/02_get_initial_datasets/output_filtered_by_rows
Filepath to list of company IDs we want to filter by: /project/kh_mercury_1/manager_and_board_characteristics/output/01_convert_isins_and_gvkeys_to_boardex_companyids/companyids_to_search_for/companyids_to_search_for.xlsx
-------------------------------------------
This is array 5 / 8
Input Dir: /project/kh_mercury_1/manager_and_board_characteristics/data/boardex/na_companynetwork
Output Dir: /project/kh_mercury_1/manager_and_board_characteristics/output/02_get_initial_datasets/output_filtered_by_rows
Filepath to list of company IDs we want to filter by: /project/kh_mercury_1/manager_and_board_characteristics/output/01_convert_isins_and_gvkeys_to_boardex_companyids/companyids_to_search_for/companyids_to_search_for.xlsx
Total number of files: 46
This process will cover file(s): 21 to 25
-------------------------------------------
Filepath: /project/kh_mercury_1/manager_and_board_characteristics/data/boardex/na_companynetwork/NA - Company Network - 12.xlsx
% NaNs in first row 0.0 <= 50%, taking header = row 0 as usual
df.columns: Index(['Start Company', 'Start CompanyID*', 'Start Company Index',
       'Start Company Sector', 'Start Company Country', 'Start Company Type',
       'Connected Company', 'Connected CompanyID*', 'Connected Company Index',
       'Connected Company Sector', 'Connected Company Country',
       'Connected Company Type', 'Director Name', 'DirectorID*',
       'Connected Company Current/Historic', 'Connected Company Duration',
       'Connected Company Role Name', 'ED/NED/Non-Brd',
       'Connected Company Role Start Date', 'Connected Company Role End Date',
       'Start Company Current/Historic', 'Start Company Duration',
       'Start Company Role', 'Start ED/NED/Non-Brd',
       'Start Company Role Start Date', 'Start Company Role End Date'],
      dtype='object')
Shape of filtered df: (85812, 26)
Saved filtered df to: /project/kh_mercury_1/manager_and_board_characteristics/output/02_get_initial_datasets/output_filtered_by_rows/NA - Company Network - 12_filtered.xlsx
-------------------------------------------
Filepath: /project/kh_mercury_1/manager_and_board_characteristics/data/boardex/na_companynetwork/NA - Company Network - 1.xlsx
% NaNs in first row 0.0 <= 50%, taking header = row 0 as usual
df.columns: Index(['Start Company', 'Start CompanyID*', 'Start Company Index',
       'Start Company Sector', 'Start Company Country', 'Start Company Type',
       'Connected Company', 'Connected CompanyID*', 'Connected Company Index',
       'Connected Company Sector', 'Connected Company Country',
       'Connected Company Type', 'Director Name', 'DirectorID*',
       'Connected Company Current/Historic', 'Connected Company Duration',
       'Connected Company Role Name', 'ED/NED/Non-Brd',
       'Connected Company Role Start Date', 'Connected Company Role End Date',
       'Start Company Current/Historic', 'Start Company Duration',
       'Start Company Role', 'Start ED/NED/Non-Brd',
       'Start Company Role Start Date', 'Start Company Role End Date'],
      dtype='object')
Shape of filtered df: (206718, 26)
Saved filtered df to: /project/kh_mercury_1/manager_and_board_characteristics/output/02_get_initial_datasets/output_filtered_by_rows/NA - Company Network - 1_filtered.xlsx
-------------------------------------------
Filepath: /project/kh_mercury_1/manager_and_board_characteristics/data/boardex/na_companynetwork/NA - Company Network - 8.xlsx
% NaNs in first row 0.0 <= 50%, taking header = row 0 as usual
df.columns: Index(['Start Company', 'Start CompanyID*', 'Start Company Index',
       'Start Company Sector', 'Start Company Country', 'Start Company Type',
       'Connected Company', 'Connected CompanyID*', 'Connected Company Index',
       'Connected Company Sector', 'Connected Company Country',
       'Connected Company Type', 'Director Name', 'DirectorID*',
       'Connected Company Current/Historic', 'Connected Company Duration',
       'Connected Company Role Name', 'ED/NED/Non-Brd',
       'Connected Company Role Start Date', 'Connected Company Role End Date',
       'Start Company Current/Historic', 'Start Company Duration',
       'Start Company Role', 'Start ED/NED/Non-Brd',
       'Start Company Role Start Date', 'Start Company Role End Date'],
      dtype='object')
Shape of filtered df: (194269, 26)
Saved filtered df to: /project/kh_mercury_1/manager_and_board_characteristics/output/02_get_initial_datasets/output_filtered_by_rows/NA - Company Network - 8_filtered.xlsx
-------------------------------------------
Filepath: /project/kh_mercury_1/manager_and_board_characteristics/data/boardex/na_companynetwork/NA - Company Network - 2.xlsx
% NaNs in first row 0.0 <= 50%, taking header = row 0 as usual
df.columns: Index(['Start Company', 'Start CompanyID*', 'Start Company Index',
       'Start Company Sector', 'Start Company Country', 'Start Company Type',
       'Connected Company', 'Connected CompanyID*', 'Connected Company Index',
       'Connected Company Sector', 'Connected Company Country',
       'Connected Company Type', 'Director Name', 'DirectorID*',
       'Connected Company Current/Historic', 'Connected Company Duration',
       'Connected Company Role Name', 'ED/NED/Non-Brd',
       'Connected Company Role Start Date', 'Connected Company Role End Date',
       'Start Company Current/Historic', 'Start Company Duration',
       'Start Company Role', 'Start ED/NED/Non-Brd',
       'Start Company Role Start Date', 'Start Company Role End Date'],
      dtype='object')
Shape of filtered df: (195654, 26)
Saved filtered df to: /project/kh_mercury_1/manager_and_board_characteristics/output/02_get_initial_datasets/output_filtered_by_rows/NA - Company Network - 2_filtered.xlsx
-------------------------------------------
Filepath: /project/kh_mercury_1/manager_and_board_characteristics/data/boardex/na_companynetwork/NA - Company Network - 43.xlsx
% NaNs in first row 0.0 <= 50%, taking header = row 0 as usual
df.columns: Index(['Start Company', 'Start CompanyID*', 'Start Company Index',
       'Start Company Sector', 'Start Company Country', 'Start Company Type',
       'Connected Company', 'Connected CompanyID*', 'Connected Company Index',
       'Connected Company Sector', 'Connected Company Country',
       'Connected Company Type', 'Director Name', 'DirectorID*',
       'Connected Company Current/Historic', 'Connected Company Duration',
       'Connected Company Role Name', 'ED/NED/Non-Brd',
       'Connected Company Role Start Date', 'Connected Company Role End Date',
       'Start Company Current/Historic', 'Start Company Duration',
       'Start Company Role', 'Start ED/NED/Non-Brd',
       'Start Company Role Start Date', 'Start Company Role End Date'],
      dtype='object')
Shape of filtered df: (40917, 26)
Saved filtered df to: /project/kh_mercury_1/manager_and_board_characteristics/output/02_get_initial_datasets/output_filtered_by_rows/NA - Company Network - 43_filtered.xlsx
-------------------------------------------
Done!
