-------------------------------------------
Job ID: 10633431
Job User: jasonjia
Num Cores: 8
Array(Task ID): 5 of 8
Defaulting to user installation because normal site-packages is not writeable
Requirement already satisfied: openpyxl in /home/jasonjia/.local/lib/python3.8/site-packages (3.1.2)
Requirement already satisfied: et-xmlfile in /home/jasonjia/.local/lib/python3.8/site-packages (from openpyxl) (1.1.0)

[notice] A new release of pip is available: 23.0.1 -> 23.1.2
[notice] To update, run: pip install --upgrade pip
Program Path: filter_data_by_rows.py
Input Directory: /project/kh_mercury_1/manager_and_board_characteristics/data/boardex/na_network/na_network_19
Output Directory: /project/kh_mercury_1/manager_and_board_characteristics/output/02_get_initial_datasets/output_filtered_by_rows
Filepath to list of company IDs we want to filter by: /project/kh_mercury_1/manager_and_board_characteristics/output/01_convert_isins_and_gvkeys_to_boardex_companyids/companyids_to_search_for/companyids_to_search_for.xlsx
-------------------------------------------
This is array 5 / 8
Input Dir: /project/kh_mercury_1/manager_and_board_characteristics/data/boardex/na_network/na_network_19
Output Dir: /project/kh_mercury_1/manager_and_board_characteristics/output/02_get_initial_datasets/output_filtered_by_rows
Filepath to list of company IDs we want to filter by: /project/kh_mercury_1/manager_and_board_characteristics/output/01_convert_isins_and_gvkeys_to_boardex_companyids/companyids_to_search_for/companyids_to_search_for.xlsx
Total number of files: 115
This process will cover file(s): 57 to 70
-------------------------------------------
Filepath: /project/kh_mercury_1/manager_and_board_characteristics/data/boardex/na_network/na_network_19/NA - SMDEs Network - 98.xlsx
% NaNs in first row: 95.5 > 50%, taking category = row 0 and variable name = row 1
df.columns: Index(['DirectorID*', 'Last Name', 'First Name', 'Middle Name',
       'Connected Director Details - Linked DirectorID*',
       'Connected Director Details - Linked Last Name',
       'Connected Director Details - Linked First Name',
       'Connected Director Details - Linked Middle Name',
       'Connected Director Details - Connected CompanyID*',
       'Connected Director Details - Connected Company',
       'Connected Director Details - Index',
       'Connected Director Details - Sector',
       'Connected Director Details - Country',
       'Connected Director Details - Company Type',
       'Connected Director Details - Overlapping Person's Role',
       'Connected Director Details - Linked ED/NED/Non-Brd',
       'Connected Director Details - Individual's Role Title',
       'Connected Director Details - ED/NED/Non-Brd',
       'Connected Director Details - Start Overlap',
       'Connected Director Details - End Overlap',
       'Connected Director Details - Current/Historic',
       'Connected Director Details - Duration (Years)'],
      dtype='object')
Shape of filtered df: (52815, 22)
Saved filtered df to: /project/kh_mercury_1/manager_and_board_characteristics/output/02_get_initial_datasets/output_filtered_by_rows/NA - SMDEs Network - 98_filtered.xlsx
-------------------------------------------
Filepath: /project/kh_mercury_1/manager_and_board_characteristics/data/boardex/na_network/na_network_19/NA - SMDEs Network - 997.xlsx
% NaNs in first row: 95.5 > 50%, taking category = row 0 and variable name = row 1
df.columns: Index(['DirectorID*', 'Last Name', 'First Name', 'Middle Name',
       'Connected Director Details - Linked DirectorID*',
       'Connected Director Details - Linked Last Name',
       'Connected Director Details - Linked First Name',
       'Connected Director Details - Linked Middle Name',
       'Connected Director Details - Connected CompanyID*',
       'Connected Director Details - Connected Company',
       'Connected Director Details - Index',
       'Connected Director Details - Sector',
       'Connected Director Details - Country',
       'Connected Director Details - Company Type',
       'Connected Director Details - Overlapping Person's Role',
       'Connected Director Details - Linked ED/NED/Non-Brd',
       'Connected Director Details - Individual's Role Title',
       'Connected Director Details - ED/NED/Non-Brd',
       'Connected Director Details - Start Overlap',
       'Connected Director Details - End Overlap',
       'Connected Director Details - Current/Historic',
       'Connected Director Details - Duration (Years)'],
      dtype='object')
Shape of filtered df: (27497, 22)
Saved filtered df to: /project/kh_mercury_1/manager_and_board_characteristics/output/02_get_initial_datasets/output_filtered_by_rows/NA - SMDEs Network - 997_filtered.xlsx
-------------------------------------------
Filepath: /project/kh_mercury_1/manager_and_board_characteristics/data/boardex/na_network/na_network_19/NA - SMDEs Network - 911.xlsx
% NaNs in first row: 95.5 > 50%, taking category = row 0 and variable name = row 1
df.columns: Index(['DirectorID*', 'Last Name', 'First Name', 'Middle Name',
       'Connected Director Details - Linked DirectorID*',
       'Connected Director Details - Linked Last Name',
       'Connected Director Details - Linked First Name',
       'Connected Director Details - Linked Middle Name',
       'Connected Director Details - Connected CompanyID*',
       'Connected Director Details - Connected Company',
       'Connected Director Details - Index',
       'Connected Director Details - Sector',
       'Connected Director Details - Country',
       'Connected Director Details - Company Type',
       'Connected Director Details - Overlapping Person's Role',
       'Connected Director Details - Linked ED/NED/Non-Brd',
       'Connected Director Details - Individual's Role Title',
       'Connected Director Details - ED/NED/Non-Brd',
       'Connected Director Details - Start Overlap',
       'Connected Director Details - End Overlap',
       'Connected Director Details - Current/Historic',
       'Connected Director Details - Duration (Years)'],
      dtype='object')
Shape of filtered df: (109520, 22)
Saved filtered df to: /project/kh_mercury_1/manager_and_board_characteristics/output/02_get_initial_datasets/output_filtered_by_rows/NA - SMDEs Network - 911_filtered.xlsx
-------------------------------------------
Filepath: /project/kh_mercury_1/manager_and_board_characteristics/data/boardex/na_network/na_network_19/NA - SMDEs Network - 920.xlsx
% NaNs in first row: 95.5 > 50%, taking category = row 0 and variable name = row 1
df.columns: Index(['DirectorID*', 'Last Name', 'First Name', 'Middle Name',
       'Connected Director Details - Linked DirectorID*',
       'Connected Director Details - Linked Last Name',
       'Connected Director Details - Linked First Name',
       'Connected Director Details - Linked Middle Name',
       'Connected Director Details - Connected CompanyID*',
       'Connected Director Details - Connected Company',
       'Connected Director Details - Index',
       'Connected Director Details - Sector',
       'Connected Director Details - Country',
       'Connected Director Details - Company Type',
       'Connected Director Details - Overlapping Person's Role',
       'Connected Director Details - Linked ED/NED/Non-Brd',
       'Connected Director Details - Individual's Role Title',
       'Connected Director Details - ED/NED/Non-Brd',
       'Connected Director Details - Start Overlap',
       'Connected Director Details - End Overlap',
       'Connected Director Details - Current/Historic',
       'Connected Director Details - Duration (Years)'],
      dtype='object')
Shape of filtered df: (27001, 22)
Saved filtered df to: /project/kh_mercury_1/manager_and_board_characteristics/output/02_get_initial_datasets/output_filtered_by_rows/NA - SMDEs Network - 920_filtered.xlsx
-------------------------------------------
Filepath: /project/kh_mercury_1/manager_and_board_characteristics/data/boardex/na_network/na_network_19/NA - SMDEs Network - 970.xlsx
% NaNs in first row: 95.5 > 50%, taking category = row 0 and variable name = row 1
df.columns: Index(['DirectorID*', 'Last Name', 'First Name', 'Middle Name',
       'Connected Director Details - Linked DirectorID*',
       'Connected Director Details - Linked Last Name',
       'Connected Director Details - Linked First Name',
       'Connected Director Details - Linked Middle Name',
       'Connected Director Details - Connected CompanyID*',
       'Connected Director Details - Connected Company',
       'Connected Director Details - Index',
       'Connected Director Details - Sector',
       'Connected Director Details - Country',
       'Connected Director Details - Company Type',
       'Connected Director Details - Overlapping Person's Role',
       'Connected Director Details - Linked ED/NED/Non-Brd',
       'Connected Director Details - Individual's Role Title',
       'Connected Director Details - ED/NED/Non-Brd',
       'Connected Director Details - Start Overlap',
       'Connected Director Details - End Overlap',
       'Connected Director Details - Current/Historic',
       'Connected Director Details - Duration (Years)'],
      dtype='object')
Shape of filtered df: (25480, 22)
Saved filtered df to: /project/kh_mercury_1/manager_and_board_characteristics/output/02_get_initial_datasets/output_filtered_by_rows/NA - SMDEs Network - 970_filtered.xlsx
-------------------------------------------
Filepath: /project/kh_mercury_1/manager_and_board_characteristics/data/boardex/na_network/na_network_19/NA - SMDEs Network - 925.xlsx
% NaNs in first row: 95.5 > 50%, taking category = row 0 and variable name = row 1
df.columns: Index(['DirectorID*', 'Last Name', 'First Name', 'Middle Name',
       'Connected Director Details - Linked DirectorID*',
       'Connected Director Details - Linked Last Name',
       'Connected Director Details - Linked First Name',
       'Connected Director Details - Linked Middle Name',
       'Connected Director Details - Connected CompanyID*',
       'Connected Director Details - Connected Company',
       'Connected Director Details - Index',
       'Connected Director Details - Sector',
       'Connected Director Details - Country',
       'Connected Director Details - Company Type',
       'Connected Director Details - Overlapping Person's Role',
       'Connected Director Details - Linked ED/NED/Non-Brd',
       'Connected Director Details - Individual's Role Title',
       'Connected Director Details - ED/NED/Non-Brd',
       'Connected Director Details - Start Overlap',
       'Connected Director Details - End Overlap',
       'Connected Director Details - Current/Historic',
       'Connected Director Details - Duration (Years)'],
      dtype='object')
Shape of filtered df: (88287, 22)
Saved filtered df to: /project/kh_mercury_1/manager_and_board_characteristics/output/02_get_initial_datasets/output_filtered_by_rows/NA - SMDEs Network - 925_filtered.xlsx
-------------------------------------------
Filepath: /project/kh_mercury_1/manager_and_board_characteristics/data/boardex/na_network/na_network_19/NA - SMDEs Network - 972.xlsx
% NaNs in first row: 95.5 > 50%, taking category = row 0 and variable name = row 1
df.columns: Index(['DirectorID*', 'Last Name', 'First Name', 'Middle Name',
       'Connected Director Details - Linked DirectorID*',
       'Connected Director Details - Linked Last Name',
       'Connected Director Details - Linked First Name',
       'Connected Director Details - Linked Middle Name',
       'Connected Director Details - Connected CompanyID*',
       'Connected Director Details - Connected Company',
       'Connected Director Details - Index',
       'Connected Director Details - Sector',
       'Connected Director Details - Country',
       'Connected Director Details - Company Type',
       'Connected Director Details - Overlapping Person's Role',
       'Connected Director Details - Linked ED/NED/Non-Brd',
       'Connected Director Details - Individual's Role Title',
       'Connected Director Details - ED/NED/Non-Brd',
       'Connected Director Details - Start Overlap',
       'Connected Director Details - End Overlap',
       'Connected Director Details - Current/Historic',
       'Connected Director Details - Duration (Years)'],
      dtype='object')
Shape of filtered df: (53285, 22)
Saved filtered df to: /project/kh_mercury_1/manager_and_board_characteristics/output/02_get_initial_datasets/output_filtered_by_rows/NA - SMDEs Network - 972_filtered.xlsx
-------------------------------------------
Filepath: /project/kh_mercury_1/manager_and_board_characteristics/data/boardex/na_network/na_network_19/NA - SMDEs Network - 969.xlsx
% NaNs in first row: 95.5 > 50%, taking category = row 0 and variable name = row 1
df.columns: Index(['DirectorID*', 'Last Name', 'First Name', 'Middle Name',
       'Connected Director Details - Linked DirectorID*',
       'Connected Director Details - Linked Last Name',
       'Connected Director Details - Linked First Name',
       'Connected Director Details - Linked Middle Name',
       'Connected Director Details - Connected CompanyID*',
       'Connected Director Details - Connected Company',
       'Connected Director Details - Index',
       'Connected Director Details - Sector',
       'Connected Director Details - Country',
       'Connected Director Details - Company Type',
       'Connected Director Details - Overlapping Person's Role',
       'Connected Director Details - Linked ED/NED/Non-Brd',
       'Connected Director Details - Individual's Role Title',
       'Connected Director Details - ED/NED/Non-Brd',
       'Connected Director Details - Start Overlap',
       'Connected Director Details - End Overlap',
       'Connected Director Details - Current/Historic',
       'Connected Director Details - Duration (Years)'],
      dtype='object')
Shape of filtered df: (23715, 22)
Saved filtered df to: /project/kh_mercury_1/manager_and_board_characteristics/output/02_get_initial_datasets/output_filtered_by_rows/NA - SMDEs Network - 969_filtered.xlsx
-------------------------------------------
Filepath: /project/kh_mercury_1/manager_and_board_characteristics/data/boardex/na_network/na_network_19/NA - SMDEs Network - 93.xlsx
% NaNs in first row: 95.5 > 50%, taking category = row 0 and variable name = row 1
df.columns: Index(['DirectorID*', 'Last Name', 'First Name', 'Middle Name',
       'Connected Director Details - Linked DirectorID*',
       'Connected Director Details - Linked Last Name',
       'Connected Director Details - Linked First Name',
       'Connected Director Details - Linked Middle Name',
       'Connected Director Details - Connected CompanyID*',
       'Connected Director Details - Connected Company',
       'Connected Director Details - Index',
       'Connected Director Details - Sector',
       'Connected Director Details - Country',
       'Connected Director Details - Company Type',
       'Connected Director Details - Overlapping Person's Role',
       'Connected Director Details - Linked ED/NED/Non-Brd',
       'Connected Director Details - Individual's Role Title',
       'Connected Director Details - ED/NED/Non-Brd',
       'Connected Director Details - Start Overlap',
       'Connected Director Details - End Overlap',
       'Connected Director Details - Current/Historic',
       'Connected Director Details - Duration (Years)'],
      dtype='object')
Shape of filtered df: (51347, 22)
Saved filtered df to: /project/kh_mercury_1/manager_and_board_characteristics/output/02_get_initial_datasets/output_filtered_by_rows/NA - SMDEs Network - 93_filtered.xlsx
-------------------------------------------
Filepath: /project/kh_mercury_1/manager_and_board_characteristics/data/boardex/na_network/na_network_19/NA - SMDEs Network - 991.xlsx
% NaNs in first row: 95.5 > 50%, taking category = row 0 and variable name = row 1
df.columns: Index(['DirectorID*', 'Last Name', 'First Name', 'Middle Name',
       'Connected Director Details - Linked DirectorID*',
       'Connected Director Details - Linked Last Name',
       'Connected Director Details - Linked First Name',
       'Connected Director Details - Linked Middle Name',
       'Connected Director Details - Connected CompanyID*',
       'Connected Director Details - Connected Company',
       'Connected Director Details - Index',
       'Connected Director Details - Sector',
       'Connected Director Details - Country',
       'Connected Director Details - Company Type',
       'Connected Director Details - Overlapping Person's Role',
       'Connected Director Details - Linked ED/NED/Non-Brd',
       'Connected Director Details - Individual's Role Title',
       'Connected Director Details - ED/NED/Non-Brd',
       'Connected Director Details - Start Overlap',
       'Connected Director Details - End Overlap',
       'Connected Director Details - Current/Historic',
       'Connected Director Details - Duration (Years)'],
      dtype='object')
Shape of filtered df: (4530, 22)
Saved filtered df to: /project/kh_mercury_1/manager_and_board_characteristics/output/02_get_initial_datasets/output_filtered_by_rows/NA - SMDEs Network - 991_filtered.xlsx
-------------------------------------------
Filepath: /project/kh_mercury_1/manager_and_board_characteristics/data/boardex/na_network/na_network_19/NA - SMDEs Network - 987.xlsx
% NaNs in first row: 95.5 > 50%, taking category = row 0 and variable name = row 1
df.columns: Index(['DirectorID*', 'Last Name', 'First Name', 'Middle Name',
       'Connected Director Details - Linked DirectorID*',
       'Connected Director Details - Linked Last Name',
       'Connected Director Details - Linked First Name',
       'Connected Director Details - Linked Middle Name',
       'Connected Director Details - Connected CompanyID*',
       'Connected Director Details - Connected Company',
       'Connected Director Details - Index',
       'Connected Director Details - Sector',
       'Connected Director Details - Country',
       'Connected Director Details - Company Type',
       'Connected Director Details - Overlapping Person's Role',
       'Connected Director Details - Linked ED/NED/Non-Brd',
       'Connected Director Details - Individual's Role Title',
       'Connected Director Details - ED/NED/Non-Brd',
       'Connected Director Details - Start Overlap',
       'Connected Director Details - End Overlap',
       'Connected Director Details - Current/Historic',
       'Connected Director Details - Duration (Years)'],
      dtype='object')
Shape of filtered df: (18779, 22)
Saved filtered df to: /project/kh_mercury_1/manager_and_board_characteristics/output/02_get_initial_datasets/output_filtered_by_rows/NA - SMDEs Network - 987_filtered.xlsx
-------------------------------------------
Filepath: /project/kh_mercury_1/manager_and_board_characteristics/data/boardex/na_network/na_network_19/NA - SMDEs Network - 908.xlsx
% NaNs in first row: 95.5 > 50%, taking category = row 0 and variable name = row 1
df.columns: Index(['DirectorID*', 'Last Name', 'First Name', 'Middle Name',
       'Connected Director Details - Linked DirectorID*',
       'Connected Director Details - Linked Last Name',
       'Connected Director Details - Linked First Name',
       'Connected Director Details - Linked Middle Name',
       'Connected Director Details - Connected CompanyID*',
       'Connected Director Details - Connected Company',
       'Connected Director Details - Index',
       'Connected Director Details - Sector',
       'Connected Director Details - Country',
       'Connected Director Details - Company Type',
       'Connected Director Details - Overlapping Person's Role',
       'Connected Director Details - Linked ED/NED/Non-Brd',
       'Connected Director Details - Individual's Role Title',
       'Connected Director Details - ED/NED/Non-Brd',
       'Connected Director Details - Start Overlap',
       'Connected Director Details - End Overlap',
       'Connected Director Details - Current/Historic',
       'Connected Director Details - Duration (Years)'],
      dtype='object')
Shape of filtered df: (53399, 22)
Saved filtered df to: /project/kh_mercury_1/manager_and_board_characteristics/output/02_get_initial_datasets/output_filtered_by_rows/NA - SMDEs Network - 908_filtered.xlsx
-------------------------------------------
Filepath: /project/kh_mercury_1/manager_and_board_characteristics/data/boardex/na_network/na_network_19/NA - SMDEs Network - 91.xlsx
% NaNs in first row: 95.5 > 50%, taking category = row 0 and variable name = row 1
df.columns: Index(['DirectorID*', 'Last Name', 'First Name', 'Middle Name',
       'Connected Director Details - Linked DirectorID*',
       'Connected Director Details - Linked Last Name',
       'Connected Director Details - Linked First Name',
       'Connected Director Details - Linked Middle Name',
       'Connected Director Details - Connected CompanyID*',
       'Connected Director Details - Connected Company',
       'Connected Director Details - Index',
       'Connected Director Details - Sector',
       'Connected Director Details - Country',
       'Connected Director Details - Company Type',
       'Connected Director Details - Overlapping Person's Role',
       'Connected Director Details - Linked ED/NED/Non-Brd',
       'Connected Director Details - Individual's Role Title',
       'Connected Director Details - ED/NED/Non-Brd',
       'Connected Director Details - Start Overlap',
       'Connected Director Details - End Overlap',
       'Connected Director Details - Current/Historic',
       'Connected Director Details - Duration (Years)'],
      dtype='object')
Shape of filtered df: (72711, 22)
Saved filtered df to: /project/kh_mercury_1/manager_and_board_characteristics/output/02_get_initial_datasets/output_filtered_by_rows/NA - SMDEs Network - 91_filtered.xlsx
-------------------------------------------
Filepath: /project/kh_mercury_1/manager_and_board_characteristics/data/boardex/na_network/na_network_19/NA - SMDEs Network - 904.xlsx
% NaNs in first row: 95.5 > 50%, taking category = row 0 and variable name = row 1
df.columns: Index(['DirectorID*', 'Last Name', 'First Name', 'Middle Name',
       'Connected Director Details - Linked DirectorID*',
       'Connected Director Details - Linked Last Name',
       'Connected Director Details - Linked First Name',
       'Connected Director Details - Linked Middle Name',
       'Connected Director Details - Connected CompanyID*',
       'Connected Director Details - Connected Company',
       'Connected Director Details - Index',
       'Connected Director Details - Sector',
       'Connected Director Details - Country',
       'Connected Director Details - Company Type',
       'Connected Director Details - Overlapping Person's Role',
       'Connected Director Details - Linked ED/NED/Non-Brd',
       'Connected Director Details - Individual's Role Title',
       'Connected Director Details - ED/NED/Non-Brd',
       'Connected Director Details - Start Overlap',
       'Connected Director Details - End Overlap',
       'Connected Director Details - Current/Historic',
       'Connected Director Details - Duration (Years)'],
      dtype='object')
Shape of filtered df: (12855, 22)
Saved filtered df to: /project/kh_mercury_1/manager_and_board_characteristics/output/02_get_initial_datasets/output_filtered_by_rows/NA - SMDEs Network - 904_filtered.xlsx
-------------------------------------------
Done!
