-----------------------------------------------------------
Output from Shell Script:
Job ID: 8828759
Job User: jasonjia
Num Cores: 16
Array(Task ID): 1 of 16
Program Path: filter_output_by_columns.py
File path of .xslx containing list of columns in Boardex and ExecuComp: /project/kh_mercury_1/boardex/data/boardex_colstokeep/List_of_Variables_for_Boardex_and_Execucomp_230322.xlsx
Input Folder: /project/kh_mercury_1/boardex/data/output
Output Folder: /project/kh_mercury_1/boardex/data/output_filtered_by_columns
-----------------------------------------------------------
Output from Python Script:
This is array 1 / 16
File path of .xslx containing list of columns in Boardex and ExecuComp: /project/kh_mercury_1/boardex/data/boardex_colstokeep/List_of_Variables_for_Boardex_and_Execucomp_230322.xlsx
Input Folder (containing .xlsx filtered by isins): /project/kh_mercury_1/boardex/data/output
Output Folder (after we further filter by columns): /project/kh_mercury_1/boardex/data/output_filtered_by_columns
Total number of files in input folder: 3138
This process will cover file(s): 1 to 196
-----------------------------------------------------------
File name (kept): ROW - Company Details_filtered.xlsx
Unique workbook name: Company Details
List of sheets to open: ['Company Details']
------
Sheet 0 : Company Details
% NaNs in first row 0.0 <= 50%, taking header = row 0 as usual
df.columns (before processing): Index(['CompanyID*', 'Company Name', 'HOAddress1', 'HOAddress2', 'HOAddress3',
       'HOAddress4', 'HOAddress5', 'HOCountryName', 'HO TelNumber',
       'HO FaxNumber', 'HO URL', 'CIK Code', 'ISIN', 'Ticker', 'Index',
       'Sector', 'Market Cap', 'Revenue at Year End ', 'Latest AR', 'Auditors',
       'Bankers'],
      dtype='object')
df.columns (after processing): Index(['CompanyID*', 'Company Name', 'HOAddress1', 'HOAddress2', 'HOAddress3',
       'HOAddress4', 'HOAddress5', 'HOCountryName', 'HO TelNumber',
       'HO FaxNumber', 'HO URL', 'CIK Code', 'ISIN', 'Ticker', 'Index',
       'Sector', 'Market Cap', 'Revenue at Year End', 'Latest AR', 'Auditors',
       'Bankers'],
      dtype='object')
List of cols to keep (before processing): ['CompanyID*', 'Bankers']
List of cols to keep (after processing): ['CompanyID*', 'Bankers']
df saved to: /project/kh_mercury_1/boardex/data/output_filtered_by_columns/ROW - Company Details_filtered_cols.xlsx
-----------------------------------------------------------
List of files kept: ['ROW - Company Details_filtered.xlsx']
------
List of files not kept: ['NA - SMDEs Network - 105_filtered.xlsx', 'NA - SMDEs Network - 837_filtered.xlsx', 'NA - SMDEs Network - 57_filtered.xlsx', 'ROW - SMDEs Profile - Employment Historical NonBoard - 2_filtered.xlsx', 'NA - SMDEs Network - 1148_filtered.xlsx', 'ROW - Company Network - 4_filtered.xlsx', 'NA - SMDEs Network - 415_filtered.xlsx', 'NA - SMDEs Network - 971_filtered.xlsx', 'NA - SMDEs Network - 484_filtered.xlsx', 'NA - SMDEs Network - 962_filtered.xlsx', 'UK - Org Analysis Averages_filtered.xlsx', 'NA - Director Network - 115_filtered.xlsx', 'NA - SMDEs Network - 1127_filtered.xlsx', 'NA - SMDEs Network - 338_filtered.xlsx', 'UK - SMDEs Compensation - 2004_filtered.xlsx', 'UK - SMDEs Network - 161_filtered.xlsx', 'NA - SMDEs Network - 372_filtered.xlsx', 'Europe - Director Network - 7_filtered.xlsx', 'UK - SMDEs Network - 23_filtered.xlsx', 'UK - Director Profile - Employment Historical NonBoard_filtered.xlsx', 'NA - SMDEs Network - 732_filtered.xlsx', 'NA - Director Network - 179_filtered.xlsx', 'NA - Director Network - 233_filtered.xlsx', 'NA - SMDEs Network - 672_filtered.xlsx', 'ROW - SMDEs Network - 83_filtered.xlsx', 'NA - SMDEs Network - 19_filtered.xlsx', 'NA - SMDEs Network - 613_filtered.xlsx', 'NA - SMDEs Network - 1149_filtered.xlsx', 'Europe - SMDEs Network - 134_filtered.xlsx', 'NA - SMDEs Network - 1295_filtered.xlsx', 'NA - SMDEs Network - 650_filtered.xlsx', 'UK - SMDEs Network - 90_filtered.xlsx', 'NA - SMDEs Network - 1329_filtered.xlsx', 'NA - SMDEs Network - 1423_filtered.xlsx', 'NA - SMDEs Network - 1482_filtered.xlsx', 'NA - SMDEs Network - 5_filtered.xlsx', 'ROW - SMDEs Network - 31_filtered.xlsx', 'ROW - Compensation - 2017_filtered.xlsx', 'ROW - SMDEs Network - 43_filtered.xlsx', 'NA - SMDEs Network - 1228_filtered.xlsx', 'ROW - Director Network - 149_filtered.xlsx', 'UK - SMDEs Network - 145_filtered.xlsx', 'NA - SMDEs Network - 804_filtered.xlsx', 'Europe - Director Network - 69_filtered.xlsx', 'ROW - Compensation - 2014_filtered.xlsx', 'NA - SMDEs Network - 1347_fil/home/jasonjia/standard_env_jason/lib/python3.6/site-packages/openpyxl/worksheet/_reader.py:312: UserWarning: Conditional Formatting extension is not supported and will be removed
  warn(msg)
tered.xlsx', 'Europe - Compensation - 2013_filtered.xlsx', 'UK - SMDEs Network - 141_filtered.xlsx', 'NA - Director Network - 113_filtered.xlsx', 'NA - SMDEs Network - 1270_filtered.xlsx', 'NA - SMDEs Network - 98_filtered.xlsx', 'Europe - SMDEs Network - 12_filtered.xlsx', 'Europe - SMDEs Network - 17_filtered.xlsx', 'NA - SMDEs Network - 524_filtered.xlsx', 'Europe - SMDEs Network - 25_filtered.xlsx', 'NA - SMDEs Network - 838_filtered.xlsx', 'Europe - Director Network - 41_filtered.xlsx', 'NA - SMDEs Network - 172_filtered.xlsx', 'UK - SMDEs Network - 112_filtered.xlsx', 'NA - SMDEs Network - 189_filtered.xlsx', 'NA - Compensation - Current_filtered.xlsx', 'NA - SMDEs Network - 1084_filtered.xlsx', 'UK - Director Network - 106_filtered.xlsx', 'NA - SMDEs Network - 78_filtered.xlsx', 'Europe - SMDEs Network - 93_filtered.xlsx', 'NA - Compensation - 2019_filtered.xlsx', 'NA - SMDEs Network - 1219_filtered.xlsx', 'NA - Director Network - 243_filtered.xlsx', 'UK - Director Network - 53_filtered.xlsx', 'NA - SMDEs Network - 1282_filtered.xlsx', 'UK - SMDEs Network - 122_filtered.xlsx', 'NA - SMDEs Network - 15_filtered.xlsx', 'ROW - Director Network - 122_filtered.xlsx', 'NA - Director Network - 370_filtered.xlsx', 'NA - SMDEs Network - 1444_filtered.xlsx', 'NA - SMDEs Network - 1419_filtered.xlsx', 'NA - SMDEs Network - 691_filtered.xlsx', 'ROW - Director Network - 3_filtered.xlsx', 'NA - Director Network - 159_filtered.xlsx', 'UK - SMDEs Network - 87_filtered.xlsx', 'Europe - Director Network - 42_filtered.xlsx', 'NA - SMDEs Network - 706_filtered.xlsx', 'NA - SMDEs Network - 421_filtered.xlsx', 'NA - SMDEs Compensation - 2017_filtered.xlsx', 'ROW - SMDEs Network - 73_filtered.xlsx', 'UK - SMDEs Network - 8_filtered.xlsx', 'NA - Director Network - 211_filtered.xlsx', 'NA - SMDEs Network - 1451_filtered.xlsx', 'ROW - Org Analysis Averages_filtered.xlsx', 'NA - Director Network - 325_filtered.xlsx', 'NA - SMDEs Network - 1428_filtered.xlsx', 'ROW - Director Network - 9_filtered.xlsx', 'ROW - SMDEs Network - 15_filtered.xlsx', 'UK - Director Network - 119_filtered.xlsx', 'NA - Director Network - 106_filtered.xlsx', 'NA - Director Network - 349_filtered.xlsx', 'NA - Director Network - 248_filtered.xlsx', 'NA - SMDEs Network - 992_filtered.xlsx', 'Europe - Compensation - 2008_filtered.xlsx', 'ROW - SMDEs Network - 143_filtered.xlsx', 'NA - SMDEs Network - 599_filtered.xlsx', 'NA - SMDEs Network - 1439_filtered.xlsx', 'NA - Director Network - 240_filtered.xlsx', 'NA - SMDEs Network - 773_filtered.xlsx', 'Europe - Director Network - 109_filtered.xlsx', 'NA - SMDEs Network - 402_filtered.xlsx', 'UK - SMDEs Network - 163_filtered.xlsx', 'NA - SMDEs Compensation - 2005_filtered.xlsx', 'ROW - SMDEs Network - 100_filtered.xlsx', 'NA - SMDEs Network - 708_filtered.xlsx', 'Europe - SMDEs Compensation - 2012_filtered.xlsx', 'ROW - Director Network - 62_filtered.xlsx', 'Europe - Company Network - 10_filtered.xlsx', 'NA - Director Network - 298_filtered.xlsx', 'ROW - SMDEs Network - 44_filtered.xlsx', 'Europe - Director Network - 20_filtered.xlsx', 'ROW - SMDEs Compensation - Current_filtered.xlsx', 'NA - SMDEs Network - 297_filtered.xlsx', 'NA - Director Network - 227_filtered.xlsx', 'UK - Director Network - 14_filtered.xlsx', 'NA - Director Network - 123_filtered.xlsx', 'NA - SMDEs Network - 1405_filtered.xlsx', 'NA - Director Network - 11_filtered.xlsx', 'NA - SMDEs Network - 699_filtered.xlsx', 'NA - SMDEs Network - 854_filtered.xlsx', 'NA - Director Network - 347_filtered.xlsx', 'NA - Director Network - 390_filtered.xlsx', 'UK - SMDEs Network - 69_filtered.xlsx', 'NA - SMDEs Network - 849_filtered.xlsx', 'NA - SMDEs Network - 592_filtered.xlsx', 'ROW - Director Network - 105_filtered.xlsx', 'NA - Director Network - 132_filtered.xlsx', 'NA - SMDEs Network - 310_filtered.xlsx', 'NA - SMDEs Network - 870_filtered.xlsx', 'NA - Director Network - 6_filtered.xlsx', 'Europe - Director Network - 11_filtered.xlsx', 'NA - Director Network - 268_filtered.xlsx', 'NA - Director Network - 108_filtered.xlsx', 'NA - SMDEs Network - 653_filtered.xlsx', 'NA - Company Network - 14_filtered.xlsx', 'UK - SMDEs Network - 192_filtered.xlsx', 'UK - SMDEs Network - 210_filtered.xlsx', 'NA - SMDEs Network - 1490_filtered.xlsx', 'UK - Director Network - 55_filtered.xlsx', 'NA - SMDEs Network - 1284_filtered.xlsx', 'NA - SMDEs Network - 893_filtered.xlsx', 'NA - SMDEs Compensation - 2019_filtered.xlsx', 'NA - SMDEs Network - 389_filtered.xlsx', 'UK - Company Network - 8_filtered.xlsx', 'NA - SMDEs Network - 657_filtered.xlsx', 'Europe - SMDEs Network - 85_filtered.xlsx', 'NA - SMDEs Network - 23_filtered.xlsx', 'NA - SMDEs Network - 966_filtered.xlsx', 'NA - SMDEs Network - 669_filtered.xlsx', 'Europe - SMDEs Network - 26_filtered.xlsx', 'Europe - SMDEs Network - 67_filtered.xlsx', 'NA - Compensation - 1999_filtered.xlsx', 'NA - SMDEs Network - 917_filtered.xlsx', 'UK - SMDEs Network - 106_filtered.xlsx', 'NA - SMDEs Network - 1166_filtered.xlsx', 'NA - SMDEs Network - 896_filtered.xlsx', 'UK - Compensation - 2002_filtered.xlsx', 'UK - SMDEs Committee Details_filtered.xlsx', 'Europe - SMDEs Network - 109_filtered.xlsx', 'Europe - Director Network - 51_filtered.xlsx', 'NA - SMDEs Network - 685_filtered.xlsx', 'ROW - Director Network - 34_filtered.xlsx', 'UK - SMDEs Network - 182_filtered.xlsx', 'NA - SMDEs Network - 1106_filtered.xlsx', 'NA - SMDEs Network - 9_filtered.xlsx', 'Europe - Director Profile - Employment Current Board_filtered.xlsx', 'NA - Director Network - 141_filtered.xlsx', 'NA - Director Network - 150_filtered.xlsx', 'NA - Director Network - 302_filtered.xlsx', 'NA - SMDEs Network - 169_filtered.xlsx', 'ROW - Director Network - 46_filtered.xlsx', 'NA - SMDEs Profile - Employment Historical NonBoard - 4_filtered.xlsx', 'NA - SMDEs Network - 204_filtered.xlsx', 'Europe - SMDEs Network - 141_filtered.xlsx', 'NA - SMDEs Network - 558_filtered.xlsx', 'Europe - Director Network - 35_filtered.xlsx', 'NA - SMDEs Network - 25_filtered.xlsx', 'NA - SMDEs Network - 254_filtered.xlsx', 'NA - SMDEs Network - 419_filtered.xlsx', 'NA - Director Network - 16_filtered.xlsx', 'NA - SMDEs Network - 819_filtered.xlsx', 'NA - SMDEs Network - 1263_filtered.xlsx', 'NA - SMDEs Network - 958_filtered.xlsx', 'NA - SMDEs Network - 301_filtered.xlsx', 'NA - SMDEs Network - 1250_filtered.xlsx', 'UK - SMDEs Network - 154_filtered.xlsx', 'Europe - SMDEs Network - 131_filtered.xlsx', 'ROW - Director Network - 58_filtered.xlsx', 'Europe - Director Network - 79_filtered.xlsx', 'NA - SMDEs Network - 1475_filtered.xlsx']
Done!
