==========================================
SLURM_JOB_ID = 8834066
SLURM_SUBMIT_DIR = /project/kh_mercury_1/boardex/code/filter_output_by_columns
SLURM_JOB_NODELIST = mcn62
==========================================
-----------------------------------------------------------
Output from Shell Script:
Job ID: 8834066
Job User: jasonjia
Num Cores: 16
Array(Task ID): 6 of 16
Program Path: filter_output_by_columns.py
File path of .xslx containing list of columns in Boardex and ExecuComp: /project/kh_mercury_1/boardex/data/boardex_colstokeep/List_of_Variables_for_Boardex_and_Execucomp_310322.xlsx
Input Folder: /project/kh_mercury_1/boardex/data/output
Output Folder: /project/kh_mercury_1/boardex/data/output_filtered_by_columns
Get only 'Characteristics' and 'EducationandAchievements': 0
-----------------------------------------------------------
Output from Python Script:
This is array 6 / 16
File path of .xslx containing list of columns in Boardex and ExecuComp: /project/kh_mercury_1/boardex/data/boardex_colstokeep/List_of_Variables_for_Boardex_and_Execucomp_310322.xlsx
Input Folder (containing .xlsx filtered by isins): /project/kh_mercury_1/boardex/data/output
Output Folder (after we further filter by columns): /project/kh_mercury_1/boardex/data/output_filtered_by_columns
Get only 'Characteristics' and 'EducationandAchievements': 0
Total number of files in input folder: 3138
This process will cover file(s): 981 to 1176
-----------------------------------------------------------
File name (kept): UK - Company Details_filtered.xlsx
Unique workbook name: Company Details
List of sheets to open: ['Company Details']
------
Sheet 0 : Company Details
% NaNs in first row 0.0 <= 50%, taking header = row 0 as usual
df.columns (before processing): Index(['CompanyID*', 'Company Name', 'HOAddress1', 'HOAddress2', 'HOAddress3',
       'HOAddress4', 'HOAddress5', 'HOCountryName', 'HO TelNumber',
       'HO FaxNumber', 'HO URL', 'CIK Code', 'ISIN', 'Ticker', 'Index',
       'Sector', 'Market Cap', 'Revenue at Year End ', 'Latest AR', 'Auditors',
       'Bankers'],
      dtype='object')
df.columns (after processing): Index(['CompanyID*', 'Company Name', 'HOAddress1', 'HOAddress2', 'HOAddress3',
       'HOAddress4', 'HOAddress5', 'HOCountryName', 'HO TelNumber',
       'HO FaxNumber', 'HO URL', 'CIK Code', 'ISIN', 'Ticker', 'Index',
       'Sector', 'Market Cap', 'Revenue at Year End', 'Latest AR', 'Auditors',
       'Bankers'],
      dtype='object')
List of cols to keep (before processing): ['CompanyID*', 'Bankers']
List of cols to keep (after processing): ['CompanyID*', 'Bankers']
df saved to: /project/kh_mercury_1/boardex/data/output_filtered_by_columns/UK - Company Details_filtered_cols.xlsx
-----------------------------------------------------------
File name (kept): Europe - Company Details_filtered.xlsx
Unique workbook name: Company Details
List of sheets to open: ['Company Details']
------
Sheet 0 : Company Details
% NaNs in first row 0.0 <= 50%, taking header = row 0 as usual
df.columns (before processing): Index(['CompanyID*', 'Company Name', 'HOAddress1', 'HOAddress2', 'HOAddress3',
       'HOAddress4', 'HOAddress5', 'HOCountryName', 'HO TelNumber',
       'HO FaxNumber', 'HO URL', 'CIK Code', 'ISIN', 'Ticker', 'Index',
       'Sector', 'Market Cap', 'Revenue at Year End ', 'Latest AR', 'Auditors',
       'Bankers'],
      dtype='object')
df.columns (after processing): Index(['CompanyID*', 'Company Name', 'HOAddress1', 'HOAddress2', 'HOAddress3',
       'HOAddress4', 'HOAddress5', 'HOCountryName', 'HO TelNumber',
       'HO FaxNumber', 'HO URL', 'CIK Code', 'ISIN', 'Ticker', 'Index',
       'Sector', 'Market Cap', 'Revenue at Year End', 'Latest AR', 'Auditors',
       'Bankers'],
      dtype='object')
List of cols to keep (before processing): ['CompanyID*', 'Bankers']
List of cols to keep (after processing): ['CompanyID*', 'Bankers']
df saved to: /project/kh_mercury_1/boardex/data/output_filtered_by_columns/Europe - Company Details_filtered_cols.xlsx
-----------------------------------------------------------
List of files kept: ['UK - Company Details_filtered.xlsx', 'Europe - Company Details_filtered.xlsx']
------
List of files not kept: ['Europe - SMDEs Network - 47_filtered.xlsx', 'Europe - SMDEs Compensation - 2020_filtered.xlsx', 'NA - SMDEs Network - 1358_filtered.xlsx', 'NA - SMDEs Network - 437_filtered.xlsx', 'NA - SMDEs Network - 823_filtered.xlsx', 'NA - SMDEs Network - 375_filtered.xlsx', 'NA - SMDEs Network - 1080_filtered.xlsx', 'UK - SMDEs Network - 78_filtered.xlsx', 'ROW - Director Network - 10_filtered.xlsx', 'UK - SMDEs Network - 180_filtered.xlsx', 'ROW - SMDEs Network - 114_filtered.xlsx', 'ROW - Director Network - 73_filtered.xlsx', 'NA - SMDEs Network - 692_filtered.xlsx', 'NA - SMDEs Network - 606_filtered.xlsx', 'ROW - SMDEs Network - 93_filtered.xlsx', 'Europe - SMDEs Network - 69_filtered.xlsx', 'NA - Compensation - 2006_filtered.xlsx', 'ROW - Director Network - 79_filtered.xlsx', 'NA - SMDEs Network - 462_filtered.xlsx', 'ROW - SMDEs Network - 125_filtered.xlsx', 'NA - SMDEs Network - 1124_filtered.xlsx', 'NA - SMDEs Network - 1200_filtered.xlsx', 'NA - SMDEs Network - 113_filtered.xlsx', 'NA - SMDEs Network - 428_filtered.xlsx', 'Europe - Compensation - 2009_filtered.xlsx', 'NA - SMDEs Network - 495_filtered.xlsx', 'NA - SMDEs Network - 136_filtered.xlsx', 'NA - Compensation - 2005_filtered.xlsx', 'NA - SMDEs Network - 225_filtered.xlsx', 'NA - Director Network - 75_filtered.xlsx', 'NA - SMDEs Network - 696_filtered.xlsx', 'NA - SMDEs Network - 961_filtered.xlsx', 'NA - SMDEs Network - 1051_filtered.xlsx', 'UK - Director Network - 81_filtered.xlsx', 'NA - Director Network - 23_filtered.xlsx', 'NA - SMDEs Network - 485_filtered.xlsx', 'NA - Director Network - 77_filtered.xlsx', 'UK - SMDEs Network - 41_filtered.xlsx', 'UK - SMDEs Network - 198_filtered.xlsx', 'Europe - Compensation - 2002_filtered.xlsx', 'NA - SMDEs Network - 593_filtered.xlsx', 'UK - SMDEs Network - 17_filtered.xlsx', 'NA - Company Network - 45_filtered.xlsx', 'NA - Company Network - 7_filtered.xlsx', 'NA - SMDEs Network - 1465_filtered.xlsx', 'NA - Director Network - 201_filtered.xlsx', 'NA - Director Network - 185_filtered.xlsx', 'Europe - SMDEs Network - 123_filtered.xlsx', 'Europe - Director Network - 118_filtered.xlsx', 'NA - SMDEs Network - 813_filtered.xlsx', 'Europe - Director Network - 23_filtered.xlsx', 'NA - SMDEs Network - 1382_filtered.xlsx', 'NA - SMDEs Network - 1082_filtered.xlsx', 'NA - Director Network - 278_filtered.xlsx', 'NA - SMDEs Network - 139_filtered.xlsx', 'NA - SMDEs Network - 1137_filtered.xlsx', 'Europe - Compensation - 2016_filtered.xlsx', 'NA - SMDEs Network - 1197_filtered.xlsx', 'UK - Compensation - 2009_filtered.xlsx', 'UK - SMDEs Network - 127_filtered.xlsx', 'NA - SMDEs Network - 649_filtered.xlsx', 'NA - Director Network - 73_filtered.xlsx', 'NA - SMDEs Network - 616_filtered.xlsx', 'NA - SMDEs Network - 887_filtered.xlsx', 'NA - Director Network - 98_filtered.xlsx', 'NA - Director Network - 281_filtered.xlsx', 'ROW - Company Network - 1_filtered.xlsx', 'UK - SMDEs Network - 208_filtered.xlsx', 'UK - SMDEs Compensation - 2003_filtered.xlsx', 'NA - SMDEs Network - 117_filtered.xlsx', 'ROW - SMDEs Network - 92_filtered.xlsx', 'NA - SMDEs Network - 441_filtered.xlsx', 'UK - Company Network - 9_filtered.xlsx', 'Europe - SMDEs Network - 117_filtered.xlsx', 'NA - SMDEs Network - 1462_filtered.xlsx', 'NA - SMDEs Network - 191_filtered.xlsx', 'NA - SMDEs Network - 1424_filtered.xlsx', 'NA - SMDEs Network - 40_filtered.xlsx', 'Europe - SMDEs Network - 42_filtered.xlsx', 'NA - SMDEs Network - 899_filtered.xlsx', 'Europe - Compensation - 2006_filtered.xlsx', 'Europe - Director Network - 86_filtered.xlsx', 'NA - SMDEs Network - 1461_filtered.xlsx', 'UK - SMDEs Network - 16_filtered.xlsx', 'Europe - SMDEs Network - 89_filtered.xlsx', 'Europe - SMDEs Network - 97_filtered.xlsx', 'NA - SMDEs Network - 1318_filtered.xlsx', 'UK - SMDEs Network - 189_filtered.xlsx', 'NA - SMDEs Network - 570_filtered.xlsx', 'ROW - SMDEs Compensation - 2012_filtered.xlsx', 'NA - SMDEs Network - 181_filtered.xlsx', 'NA - Compensation - 2014_filtered.xlsx', 'ROW - SMDEs Network - 72_filtered.xlsx', 'Europe - SMDEs Network - 60_filtered./home/jasonjia/standard_env_jason/lib/python3.6/site-packages/openpyxl/worksheet/_reader.py:312: UserWarning: Conditional Formatting extension is not supported and will be removed
  warn(msg)
xlsx', 'NA - SMDEs Network - 1108_filtered.xlsx', 'NA - Director Network - 205_filtered.xlsx', 'ROW - Director Network - 38_filtered.xlsx', 'NA - SMDEs Network - 1239_filtered.xlsx', 'NA - Director Network - 144_filtered.xlsx', 'Europe - Director Network - 64_filtered.xlsx', 'NA - SMDEs Network - 981_filtered.xlsx', 'UK - SMDEs Network - 119_filtered.xlsx', 'UK - Compensation - 2001_filtered.xlsx', 'NA - SMDEs Network - 356_filtered.xlsx', 'ROW - SMDEs Network - 145_filtered.xlsx', 'ROW - Compensation - 1999_filtered.xlsx', 'ROW - Director Network - 30_filtered.xlsx', 'NA - SMDEs Network - 891_filtered.xlsx', 'Europe - Director Network - 81_filtered.xlsx', 'NA - SMDEs Network - 637_filtered.xlsx', 'UK - Director Network - 39_filtered.xlsx', 'UK - SMDEs Network - 104_filtered.xlsx', 'Europe - Director Network - 67_filtered.xlsx', 'UK - SMDEs Network - 85_filtered.xlsx', 'NA - Director Network - 209_filtered.xlsx', 'NA - SMDEs Network - 1378_filtered.xlsx', 'ROW - SMDEs Network - 132_filtered.xlsx', 'ROW - SMDEs Network - 55_filtered.xlsx', 'ROW - Compensation - 2003_filtered.xlsx', 'NA - Director Network - 224_filtered.xlsx', 'NA - SMDEs Network - 452_filtered.xlsx', 'UK - Director Network - 109_filtered.xlsx', 'ROW - SMDEs Compensation - 2003_filtered.xlsx', 'NA - SMDEs Network - 464_filtered.xlsx', 'NA - Director Network - 343_filtered.xlsx', 'NA - Director Network - 316_filtered.xlsx', 'NA - SMDEs Network - 192_filtered.xlsx', 'NA - SMDEs Network - 115_filtered.xlsx', 'NA - SMDEs Network - 246_filtered.xlsx', 'NA - SMDEs Network - 1047_filtered.xlsx', 'NA - SMDEs Network - 1426_filtered.xlsx', 'NA - SMDEs Network - 1139_filtered.xlsx', 'NA - SMDEs Network - 454_filtered.xlsx', 'ROW - Director Network - 94_filtered.xlsx', 'NA - SMDEs Network - 287_filtered.xlsx', 'NA - SMDEs Network - 820_filtered.xlsx', 'NA - Director Network - 203_filtered.xlsx', 'NA - SMDEs Network - 148_filtered.xlsx', 'Europe - Director Network - 117_filtered.xlsx', 'ROW - Director Network - 6_filtered.xlsx', 'NA - SMDEs Network - 143_filtered.xlsx', 'NA - Director Network - 292_filtered.xlsx', 'NA - SMDEs Network - 572_filtered.xlsx', 'NA - SMDEs Network - 750_filtered.xlsx', 'ROW - Director Network - 137_filtered.xlsx', 'NA - SMDEs Network - 652_filtered.xlsx', 'NA - Director Network - 30_filtered.xlsx', 'NA - SMDEs Network - 398_filtered.xlsx', 'Europe - SMDEs Network - 94_filtered.xlsx', 'UK - SMDEs Network - 83_filtered.xlsx', 'NA - Compensation - 2008_filtered.xlsx', 'NA - SMDEs Network - 480_filtered.xlsx', 'NA - SMDEs Network - 651_filtered.xlsx', 'NA - Director Network - 175_filtered.xlsx', 'NA - Director Network - 13_filtered.xlsx', 'NA - SMDEs Network - 1422_filtered.xlsx', 'NA - SMDEs Network - 1220_filtered.xlsx', 'Europe - Director Network - 72_filtered.xlsx', 'NA - SMDEs Network - 1092_filtered.xlsx', 'NA - Director Network - 260_filtered.xlsx', 'NA - SMDEs Network - 883_filtered.xlsx', 'NA - Director Profile - Employment Historical Board - 2_filtered.xlsx', 'NA - SMDEs Network - 607_filtered.xlsx', 'NA - SMDEs Network - 304_filtered.xlsx', 'NA - SMDEs Network - 694_filtered.xlsx', 'NA - Director Network - 161_filtered.xlsx', 'ROW - Compensation - 2002_filtered.xlsx', 'NA - SMDEs Profile - Employment Historical NonBoard - 2_filtered.xlsx', 'NA - SMDEs Network - 705_filtered.xlsx', 'NA - SMDEs Network - 1225_filtered.xlsx', 'NA - SMDEs Network - 1129_filtered.xlsx', 'UK - Director Network - 116_filtered.xlsx', 'NA - SMDEs Network - 1161_filtered.xlsx', 'NA - SMDEs Network - 1131_filtered.xlsx', 'UK - Compensation - 2012_filtered.xlsx', 'NA - SMDEs Network - 1315_filtered.xlsx', 'NA - Director Network - 355_filtered.xlsx', 'NA - SMDEs Network - 253_filtered.xlsx', 'Europe - SMDEs Network - 121_filtered.xlsx', 'NA - SMDEs Network - 245_filtered.xlsx', 'NA - SMDEs Network - 983_filtered.xlsx', 'NA - SMDEs Network - 686_filtered.xlsx', 'NA - SMDEs Network - 1009_filtered.xlsx', 'NA - SMDEs Network - 919_filtered.xlsx', 'NA - SMDEs Network - 874_filtered.xlsx', 'NA - SMDEs Network - 457_filtered.xlsx', 'NA - Director Network - 34_filtered.xlsx', 'NA - SMDEs Network - 232_filtered.xlsx', 'ROW - SMDEs Network - 19_filtered.xlsx', 'ROW - Director Network - 130_filtered.xlsx', 'NA - SMDEs Network - 470_filtered.xlsx', 'NA - SMDEs Network - 1083_filtered.xlsx', 'Europe - Director Network - 93_filtered.xlsx', 'NA - SMDEs Network - 37_filtered.xlsx']
Done!
