==========================================
SLURM_JOB_ID = 8834049
SLURM_SUBMIT_DIR = /project/kh_mercury_1/boardex/code/filter_output_by_columns
SLURM_JOB_NODELIST = mcn34
==========================================
-----------------------------------------------------------
Output from Shell Script:
Job ID: 8834049
Job User: jasonjia
Num Cores: 16
Array(Task ID): 16 of 16
Program Path: filter_output_by_columns.py
File path of .xslx containing list of columns in Boardex and ExecuComp: /project/kh_mercury_1/boardex/data/boardex_colstokeep/List_of_Variables_for_Boardex_and_Execucomp_310322.xlsx
Input Folder: /project/kh_mercury_1/boardex/data/output
Output Folder: /project/kh_mercury_1/boardex/data/output_filtered_by_columns
Get only 'Characteristics' and 'EducationandAchievements': 0
-----------------------------------------------------------
Output from Python Script:
This is array 16 / 16
File path of .xslx containing list of columns in Boardex and ExecuComp: /project/kh_mercury_1/boardex/data/boardex_colstokeep/List_of_Variables_for_Boardex_and_Execucomp_310322.xlsx
Input Folder (containing .xlsx filtered by isins): /project/kh_mercury_1/boardex/data/output
Output Folder (after we further filter by columns): /project/kh_mercury_1/boardex/data/output_filtered_by_columns
Get only 'Characteristics' and 'EducationandAchievements': 0
Total number of files in input folder: 3138
This process will cover file(s): 2941 to 3138
-----------------------------------------------------------
File name (kept): NA - SMDEs Org Summary - 5_filtered.xlsx
Unique workbook name: SMDEs Org Summary
List of sheets to open: ['Board Summary']
------
Sheet 0 : Board Summary
% NaNs in first row 0.0 <= 50%, taking header = row 0 as usual
df.columns (before processing): Index(['Annual Report Year', 'Country', 'CompanyID*', 'Company Name', 'ISIN',
       'Ticker', 'Index', 'Sector', 'Director Type (ED , SD or SM)',
       'DirectorID*', 'Individual Name', 'Individual Role',
       'Director Network Size', 'Time to Retirement', 'Time in Role',
       'Time on Board', 'Time in Company',
       'Total Number of Quoted Boards to Date',
       'Total Number of Private Boards to Date',
       'Total Number of Other Boards to Date',
       'Total Number of Quoted Current Boards',
       'Total Number of Private Current Boards',
       'Total Number of Other Current Boards',
       'Avg. Yrs on Other Quoted Boards', 'Age (Yrs)',
       'Number of Qualifications', 'Gender', 'Nationality Mix',
       'Bonus/ (Bonus&Salary)', 'Equity Linked/ Total', 'Performance/ Total',
       '%Change from Last Period', 'Wealth Delta', 'Salary', 'Bonus',
       'D.C Pension', 'Other', 'Total Salary+Bonus',
       'Total Inc. D.C. Pension & Other', 'Shares', 'LTIPS(max)',
       'Vesting Date', 'Intrinsic Options (excercisable)',
       'Intrinsic Options (unexercisable)', 'Estimated Options (exercisable)',
       'Estimated Options (unexcercisable)', 'Share Price',
       'Total Equity Linked Compensation ', 'Total Annual Compensation',
       'Shares.1', 'LTIPS(max).1', 'Intrinsic Option', 'Estimated Option',
       'Liquid Wealth', 'Total Wealth',
       'AUDIT COMMITTEE MEMBER   (if yes then put M)',
       'REMUNERATION/ COMPENSATION COMMITTEE MEMBER',
       'NOMINATION COMMITTEE MEMBER', 'AUDIT COMMITTEE SIZE',
       'REMUNERATION/ COMPENSATION COMMITTEE SIZE',
       'NOMINATION COMMITTEE SIZE'],
      dtype='object')
df.columns (after processing): Index(['Annual Report Year', 'Country', 'CompanyID*', 'Company Name', 'ISIN',
       'Ticker', 'Index', 'Sector', 'Director Type', 'DirectorID*',
       'Individual Name', 'Individual Role', 'Director Network Size',
       'Time to Retirement', 'Time in Role', 'Time on Board',
       'Time in Company', 'Total Number of Quoted Boards to Date',
       'Total Number of Private Boards to Date',
       'Total Number of Other Boards to Date',
       'Total Number of Quoted Current Boards',
       'Total Number of Private Current Boards',
       'Total Number of Other Current Boards',
       'Avg. Yrs on Other Quoted Boards', 'Age (Yrs)',
       'Number of Qualifications', 'Gender', 'Nationality Mix',
       'Bonus/ (Bonus&Salary)', 'Equity Linked/ Total', 'Performance/ Total',
       '%Change from Last Period', 'Wealth Delta', 'Salary', 'Bonus',
       'D.C Pension', 'Other', 'Total Salary+Bonus',
       'Total Inc. D.C. Pension & Other', 'Shares', 'LTIPS(max)',
       'Vesting Date', 'Intrinsic Options (excercisable)',
       'Intrinsic Options (unexercisable)', 'Estimated Options (exercisable)',
       'Estimated Options (unexcercisable)', 'Share Price',
       'Total Equity Linked Compensation', 'Total Annual Compensation',
       'Shares.1', 'LTIPS(max).1', 'Intrinsic Option', 'Estimated Option',
       'Liquid Wealth', 'Total Wealth',
       'AUDIT COMMITTEE MEMBER   (if yes then put M)',
       'REMUNERATION/ COMPENSATION COMMITTEE MEMBER',
       'NOMINATION COMMITTEE MEMBER', 'AUDIT COMMITTEE SIZE',
       'REMUNERATION/ COMPENSATION COMMITTEE SIZE',
       'NOMINATION COMMITTEE SIZE'],
      dtype='object')
List of cols to keep (before processing): ['Annual Report Year', 'Country', 'CompanyID*', 'Company Name', 'ISIN', 'Sector', 'Director Type', 'DirectorID*', 'Individual Name', 'Individual Role', 'Time in Role', 'Time on Board', 'Time in Company', 'Total Number of Quoted Boards to Date', 'Age (Yrs)', 'Number of Qualifications', 'Gender', 'Nationality Mix', 'Bonus/ (Bonus&Salary)', 'Equity Linked/ Total', 'Performance/ Total', 'Salary', 'Total Annual Compensation ']
List of cols to keep (after processing): ['Annual Report Year', 'Country', 'CompanyID*', 'Company Name', 'ISIN', 'Sector', 'Director Type', 'DirectorID*', 'Individual Name', 'Individual Role', 'Time in Role', 'Time on Board', 'Time in Company', 'Total Number of Quoted Boards to Date', 'Age (Yrs)', 'Number of Qualifications', 'Gender', 'Nationality Mix', 'Bonus/ (Bonus&Salary)', 'Equity Linked/ Total', 'Performance/ Total', 'Salary', 'Total Annual Compensation']
df saved to: /project/kh_mercury_1/boardex/data/output_filtered_by_columns/NA - SMDEs Org Summary - 5_filtered_cols.xlsx
-----------------------------------------------------------
List of files kept: ['NA - SMDEs Org Summary - 5_filtered.xlsx']
------
List of files not kept: ['NA - SMDEs Network - 337_filtered.xlsx', 'NA - SMDEs Network - 975_filtered.xlsx', 'UK - Director Network - 26_filtered.xlsx', 'NA - Director Network - 171_filtered.xlsx', 'NA - SMDEs Network - 1103_filtered.xlsx', 'UK - SMDEs Network - 49_filtered.xlsx', 'UK - Director Network - 84_filtered.xlsx', 'NA - SMDEs Network - 733_filtered.xlsx', 'ROW - SMDEs Network - 99_filtered.xlsx', 'NA - Director Network - 424_filtered.xlsx', 'UK - Company Network - 5_filtered.xlsx', 'ROW - SMDEs Network - 175_filtered.xlsx', 'Europe - SMDEs Network - 21_filtered.xlsx', 'Europe - SMDEs Network - 32_filtered.xlsx', 'ROW - SMDEs Network - 161_filtered.xlsx', 'NA - SMDEs Network - 1483_filtered.xlsx', 'NA - Company Network - 24_filtered.xlsx', 'Europe - Director Network - 3_filtered.xlsx', 'ROW - Director Network - 52_filtered.xlsx', 'NA - SMDEs Network - 1342_filtered.xlsx', 'NA - SMDEs Network - 520_filtered.xlsx', 'NA - Director Network - 294_filtered.xlsx', 'NA - SMDEs Network - 521_filtered.xlsx', 'NA - SMDEs Profile - Employment Current Board_filtered.xlsx', 'ROW - Director Network - 123_filtered.xlsx', 'NA - SMDEs Network - 298_filtered.xlsx', 'UK - SMDEs Network - 186_filtered.xlsx', 'UK - Director Network - 12_filtered.xlsx', 'Europe - Director Network - 49_filtered.xlsx', 'NA - SMDEs Network - 741_filtered.xlsx', 'NA - SMDEs Network - 1383_filtered.xlsx', 'NA - Director Network - 364_filtered.xlsx', 'UK - SMDEs Network - 48_filtered.xlsx', 'ROW - SMDEs Network - 164_filtered.xlsx', 'NA - SMDEs Network - 1246_filtered.xlsx', 'NA - Director Network - 345_filtered.xlsx', 'NA - SMDEs Network - 895_filtered.xlsx', 'UK - Director Network - 99_filtered.xlsx', 'UK - SMDEs Network - 15_filtered.xlsx', 'Europe - SMDEs Compensation - 2017_filtered.xlsx', 'UK - SMDEs Network - 126_filtered.xlsx', 'ROW - SMDEs Compensation - 2018_filtered.xlsx', 'NA - Director Network - 406_filtered.xlsx', 'NA - SMDEs Network - 382_filtered.xlsx', 'NA - Director Network - 271_filtered.xlsx', 'NA - SMDEs Network - 243_filtered.x/home/jasonjia/standard_env_jason/lib/python3.6/site-packages/openpyxl/worksheet/_reader.py:312: UserWarning: Conditional Formatting extension is not supported and will be removed
  warn(msg)
lsx', 'Europe - Director Network - 48_filtered.xlsx', 'Europe - SMDEs Network - 125_filtered.xlsx', 'NA - SMDEs Network - 925_filtered.xlsx', 'NA - Compensation - 2001_filtered.xlsx', 'NA - Director Network - 379_filtered.xlsx', 'NA - SMDEs Network - 1059_filtered.xlsx', 'NA - SMDEs Network - 152_filtered.xlsx', 'NA - SMDEs Network - 725_filtered.xlsx', 'NA - SMDEs Network - 209_filtered.xlsx', 'ROW - Company Network - 14_filtered.xlsx', 'NA - SMDEs Network - 264_filtered.xlsx', 'NA - SMDEs Network - 560_filtered.xlsx', 'NA - SMDEs Network - 205_filtered.xlsx', 'NA - SMDEs Network - 1288_filtered.xlsx', 'NA - SMDEs Network - 358_filtered.xlsx', 'ROW - SMDEs Network - 159_filtered.xlsx', 'NA - Director Network - 142_filtered.xlsx', 'NA - SMDEs Compensation - 2011_filtered.xlsx', 'NA - SMDEs Network - 1321_filtered.xlsx', 'ROW - Director Network - 72_filtered.xlsx', 'NA - Director Network - 143_filtered.xlsx', 'ROW - Director Network - 29_filtered.xlsx', 'NA - SMDEs Network - 688_filtered.xlsx', 'UK - Director Profile - Employment Current NonBoard_filtered.xlsx', 'NA - Director Network - 194_filtered.xlsx', 'NA - SMDEs Network - 789_filtered.xlsx', 'Europe - SMDEs Compensation - 2018_filtered.xlsx', 'NA - SMDEs Network - 1192_filtered.xlsx', 'NA - SMDEs Network - 1266_filtered.xlsx', 'ROW - Director Network - 119_filtered.xlsx', 'NA - SMDEs Network - 1269_filtered.xlsx', 'NA - SMDEs Network - 238_filtered.xlsx', 'NA - SMDEs Network - 296_filtered.xlsx', 'NA - SMDEs Network - 416_filtered.xlsx', 'NA - SMDEs Network - 976_filtered.xlsx', 'Europe - SMDEs Compensation - 2003_filtered.xlsx', 'Europe - Director Network - 100_filtered.xlsx', 'NA - Compensation - 2012_filtered.xlsx', 'NA - SMDEs Network - 916_filtered.xlsx', 'NA - SMDEs Network - 646_filtered.xlsx', 'NA - SMDEs Network - 1176_filtered.xlsx', 'NA - SMDEs Profile - Employment Historical NonBoard - 5_filtered.xlsx', 'NA - Director Network - 251_filtered.xlsx', 'NA - SMDEs Network - 39_filtered.xlsx', 'NA - SMDEs Network - 468_filtered.xlsx', 'Europe - SMDEs Profile - Employment Historical NonBoard - 2_filtered.xlsx', 'UK - SMDEs Network - 187_filtered.xlsx', 'NA - SMDEs Network - 413_filtered.xlsx', 'UK - Director Network - 18_filtered.xlsx', 'NA - Director Network - 44_filtered.xlsx', 'NA - SMDEs Network - 1169_filtered.xlsx', 'NA - SMDEs Network - 30_filtered.xlsx', 'Europe - SMDEs Compensation - 2008_filtered.xlsx', 'Europe - SMDEs Network - 40_filtered.xlsx', 'NA - SMDEs Network - 701_filtered.xlsx', 'NA - SMDEs Network - 913_filtered.xlsx', 'NA - SMDEs Network - 364_filtered.xlsx', 'NA - SMDEs Network - 1338_filtered.xlsx', 'NA - SMDEs Network - 1174_filtered.xlsx', 'NA - Director Network - 244_filtered.xlsx', 'NA - SMDEs Network - 1247_filtered.xlsx', 'NA - SMDEs Network - 839_filtered.xlsx', 'NA - SMDEs Network - 1470_filtered.xlsx', 'NA - SMDEs Network - 1278_filtered.xlsx', 'NA - SMDEs Network - 1132_filtered.xlsx', 'ROW - Director Network - 134_filtered.xlsx', 'NA - SMDEs Network - 960_filtered.xlsx', 'NA - SMDEs Network - 1305_filtered.xlsx', 'Europe - SMDEs Network - 20_filtered.xlsx', 'NA - SMDEs Network - 68_filtered.xlsx', 'NA - SMDEs Network - 1195_filtered.xlsx', 'NA - SMDEs Network - 815_filtered.xlsx', 'ROW - Director Network - 127_filtered.xlsx', 'NA - SMDEs Network - 636_filtered.xlsx', 'NA - SMDEs Network - 453_filtered.xlsx', 'NA - SMDEs Network - 325_filtered.xlsx', 'NA - SMDEs Network - 1370_filtered.xlsx', 'NA - SMDEs Network - 1199_filtered.xlsx', 'NA - SMDEs Network - 391_filtered.xlsx', 'ROW - SMDEs Network - 61_filtered.xlsx', 'NA - Director Network - 111_filtered.xlsx', 'ROW - Director Network - 139_filtered.xlsx', 'NA - SMDEs Network - 1004_filtered.xlsx', 'NA - SMDEs Network - 509_filtered.xlsx', 'ROW - SMDEs Network - 51_filtered.xlsx', 'UK - Director Network - 1_filtered.xlsx', 'ROW - Compensation - 2012_filtered.xlsx', 'UK - Director Network - 30_filtered.xlsx', 'ROW - SMDEs Network - 108_filtered.xlsx', 'NA - SMDEs Network - 681_filtered.xlsx', 'NA - SMDEs Network - 842_filtered.xlsx', 'NA - Director Network - 399_filtered.xlsx', 'ROW - Director Network - 83_filtered.xlsx', 'NA - Director Network - 238_filtered.xlsx', 'NA - SMDEs Network - 97_filtered.xlsx', 'NA - Director Network - 55_filtered.xlsx', 'NA - SMDEs Network - 1046_filtered.xlsx', 'ROW - Director Network - 68_filtered.xlsx', 'NA - SMDEs Network - 1333_filtered.xlsx', 'NA - SMDEs Network - 1458_filtered.xlsx', 'NA - SMDEs Network - 1147_filtered.xlsx', 'UK - SMDEs Network - 45_filtered.xlsx', 'UK - Director Network - 101_filtered.xlsx', 'Europe - Director Network - 113_filtered.xlsx', 'NA - SMDEs Network - 1357_filtered.xlsx', 'ROW - SMDEs Network - 149_filtered.xlsx', 'NA - Compensation - 2000_filtered.xlsx', 'NA - Director Network - 403_filtered.xlsx', 'NA - SMDEs Network - 92_filtered.xlsx', 'NA - SMDEs Network - 994_filtered.xlsx', 'NA - SMDEs Network - 1115_filtered.xlsx', 'NA - SMDEs Network - 1407_filtered.xlsx', 'NA - SMDEs Network - 286_filtered.xlsx', 'UK - Director Network - 86_filtered.xlsx', 'NA - SMDEs Network - 944_filtered.xlsx', 'NA - SMDEs Network - 76_filtered.xlsx', 'NA - SMDEs Network - 1406_filtered.xlsx', 'UK - SMDEs Network - 124_filtered.xlsx', 'NA - SMDEs Network - 1198_filtered.xlsx', 'NA - SMDEs Network - 1377_filtered.xlsx', 'UK - SMDEs Network - 12_filtered.xlsx', 'NA - SMDEs Network - 482_filtered.xlsx', 'ROW - Director Network - 49_filtered.xlsx', 'NA - SMDEs Network - 59_filtered.xlsx', 'ROW - Director Network - 70_filtered.xlsx', 'NA - SMDEs Network - 1204_filtered.xlsx', 'NA - Director Network - 386_filtered.xlsx', 'UK - SMDEs Network - 139_filtered.xlsx', 'NA - SMDEs Network - 622_filtered.xlsx', 'NA - SMDEs Network - 873_filtered.xlsx', 'NA - SMDEs Network - 871_filtered.xlsx', 'ROW - SMDEs Compensation - 2009_filtered.xlsx', 'NA - Director Network - 313_filtered.xlsx', 'NA - SMDEs Network - 417_filtered.xlsx', 'NA - SMDEs Network - 712_filtered.xlsx', 'UK - SMDEs Network - 155_filtered.xlsx', 'NA - SMDEs Network - 379_filtered.xlsx', 'NA - Company Network - 39_filtered.xlsx', 'UK - SMDEs Network - 31_filtered.xlsx', 'NA - SMDEs Network - 1257_filtered.xlsx', 'NA - Director Network - 50_filtered.xlsx', 'NA - SMDEs Network - 1126_filtered.xlsx', 'NA - SMDEs Network - 502_filtered.xlsx', 'NA - SMDEs Network - 465_filtered.xlsx', 'ROW - Director Network - 57_filtered.xlsx', 'NA - Director Network - 149_filtered.xlsx', 'Europe - Compensation - 2014_filtered.xlsx', 'NA - SMDEs Network - 740_filtered.xlsx', 'NA - SMDEs Network - 24_filtered.xlsx', 'NA - SMDEs Network - 886_filtered.xlsx', 'NA - SMDEs Network - 1433_filtered.xlsx']
Done!
